Log file open, 12/08/19 21:03:19
LogWindows: Failed to load 'aqProf.dll' (GetLastError=126)
LogWindows: File 'aqProf.dll' does not exist
LogWindows: Failed to load 'VtuneApi.dll' (GetLastError=126)
LogWindows: File 'VtuneApi.dll' does not exist
LogWindows: Failed to load 'VtuneApi32e.dll' (GetLastError=126)
LogWindows: File 'VtuneApi32e.dll' does not exist
LogConsoleResponse: Display: Failed to find resolution value strings in scalability ini. Falling back to default.
LogInit: Display: Running engine for game: MyProject
LogPlatformFile: Not using cached read wrapper
LogTaskGraph: Started task graph with 5 named threads and 23 total threads with 3 sets of task threads.
LogStats: Stats thread started at 0.213664
LogD3D11RHI: Loaded GFSDK_Aftermath_Lib.x64.dll
LogICUInternationalization: ICU TimeZone Detection - Raw Offset: +1:00, Platform Override: ''
LogPluginManager: Mounting plugin Paper2D
LogPluginManager: Mounting plugin AISupport
LogPluginManager: Mounting plugin LightPropagationVolume
LogPluginManager: Mounting plugin ActorLayerUtilities
LogPluginManager: Mounting plugin AnimationSharing
LogPluginManager: Mounting plugin CLionSourceCodeAccess
LogPluginManager: Mounting plugin CodeLiteSourceCodeAccess
LogPluginManager: Mounting plugin GitSourceControl
LogPluginManager: Mounting plugin KDevelopSourceCodeAccess
LogPluginManager: Mounting plugin NullSourceCodeAccess
LogPluginManager: Mounting plugin PerforceSourceControl
LogPluginManager: Mounting plugin SubversionSourceControl
LogPluginManager: Mounting plugin UObjectPlugin
LogPluginManager: Mounting plugin VisualStudioCodeSourceCodeAccess
LogPluginManager: Mounting plugin VisualStudioSourceCodeAccess
LogPluginManager: Mounting plugin XCodeSourceCodeAccess
LogPluginManager: Mounting plugin AssetManagerEditor
LogPluginManager: Mounting plugin CryptoKeys
LogPluginManager: Mounting plugin CurveEditorTools
LogPluginManager: Mounting plugin DataValidation
LogPluginManager: Mounting plugin FacialAnimation
LogPluginManager: Mounting plugin GameplayTagsEditor
LogPluginManager: Mounting plugin MacGraphicsSwitching
LogPluginManager: Mounting plugin MaterialAnalyzer
LogPluginManager: Mounting plugin MobileLauncherProfileWizard
LogPluginManager: Mounting plugin PluginBrowser
LogPluginManager: Mounting plugin SpeedTreeImporter
LogPluginManager: Mounting plugin DatasmithContent
LogPluginManager: Mounting plugin VariantManagerContent
LogPluginManager: Mounting plugin AlembicImporter
LogPluginManager: Mounting plugin AutomationUtils
LogPluginManager: Mounting plugin BackChannel
LogPluginManager: Mounting plugin CharacterAI
LogPluginManager: Mounting plugin GeometryCache
LogPluginManager: Mounting plugin HTML5Networking
LogPluginManager: Mounting plugin PlatformCrypto
LogPluginManager: Mounting plugin ProxyLODPlugin
LogPluginManager: Mounting plugin SkeletalReduction
LogPluginManager: Mounting plugin MagicLeap
LogPluginManager: Mounting plugin MagicLeapMedia
LogPluginManager: Mounting plugin AndroidMedia
LogPluginManager: Mounting plugin AvfMedia
LogPluginManager: Mounting plugin ImgMedia
LogPluginManager: Mounting plugin MediaCompositing
LogPluginManager: Mounting plugin MediaPlayerEditor
LogPluginManager: Mounting plugin WebMMedia
LogPluginManager: Mounting plugin WmfMedia
LogPluginManager: Mounting plugin TcpMessaging
LogPluginManager: Mounting plugin UdpMessaging
LogPluginManager: Mounting plugin ActorSequence
LogPluginManager: Mounting plugin LevelSequenceEditor
LogPluginManager: Mounting plugin MatineeToLevelSequence
LogPluginManager: Mounting plugin NetcodeUnitTest
LogPluginManager: Mounting plugin NUTUnrealEngine4
LogPluginManager: Mounting plugin OnlineSubsystemGooglePlay
LogPluginManager: Mounting plugin OnlineSubsystemIOS
LogPluginManager: Mounting plugin OnlineSubsystem
LogPluginManager: Mounting plugin OnlineSubsystemNull
LogPluginManager: Mounting plugin OnlineSubsystemUtils
LogPluginManager: Mounting plugin LauncherChunkInstaller
LogPluginManager: Mounting plugin AndroidDeviceProfileSelector
LogPluginManager: Mounting plugin AndroidMoviePlayer
LogPluginManager: Mounting plugin AndroidPermission
LogPluginManager: Mounting plugin AppleImageUtils
LogPluginManager: Mounting plugin AppleMoviePlayer
LogPluginManager: Mounting plugin ArchVisCharacter
LogPluginManager: Mounting plugin AudioCapture
LogPluginManager: Mounting plugin CableComponent
LogPluginManager: Mounting plugin CustomMeshComponent
LogPluginManager: Mounting plugin EditableMesh
LogPluginManager: Mounting plugin ExampleDeviceProfileSelector
LogPluginManager: Mounting plugin GoogleCloudMessaging
LogPluginManager: Mounting plugin IOSDeviceProfileSelector
LogPluginManager: Mounting plugin LinuxDeviceProfileSelector
LogPluginManager: Mounting plugin LocationServicesBPLibrary
LogPluginManager: Mounting plugin MobilePatchingUtils
LogPluginManager: Mounting plugin OculusVR
LogPluginManager: Mounting plugin PhysXVehicles
LogPluginManager: Mounting plugin ProceduralMeshComponent
LogPluginManager: Mounting plugin RuntimePhysXCooking
LogPluginManager: Mounting plugin SignificanceManager
LogPluginManager: Mounting plugin SteamVR
LogPluginManager: Mounting plugin WebMMoviePlayer
LogPluginManager: Mounting plugin WindowsMoviePlayer
LogPluginManager: Mounting plugin ScreenshotTools
LogInit: Using libcurl 7.55.1-DEV
LogInit:  - built for x86_64-pc-win32
LogInit:  - supports SSL with OpenSSL/1.1.1
LogInit:  - supports HTTP deflate (compression) using libz 1.2.8
LogInit:  - other features:
LogInit:      CURL_VERSION_SSL
LogInit:      CURL_VERSION_LIBZ
LogInit:      CURL_VERSION_IPV6
LogInit:      CURL_VERSION_ASYNCHDNS
LogInit:      CURL_VERSION_LARGEFILE
LogInit:      CURL_VERSION_IDN
LogInit:  CurlRequestOptions (configurable via config and command line):
LogInit:  - bVerifyPeer = true  - Libcurl will verify peer certificate
LogInit:  - bUseHttpProxy = false  - Libcurl will NOT use HTTP proxy
LogInit:  - bDontReuseConnections = false  - Libcurl will reuse connections
LogInit:  - MaxHostConnections = 16  - Libcurl will limit the number of connections to a host
LogInit:  - LocalHostAddr = Default
LogInit:  - BufferSize = 65536
LogOnline: OSS: Creating online subsystem instance for: NULL
LogInit: WinSock: version 1.1 (2.2), MaxSocks=32767, MaxUdp=65467
LogInit: Build: ++UE4+Release-4.23-CL-9631420
LogInit: Engine Version: 4.23.1-9631420+++UE4+Release-4.23
LogInit: Compatible Engine Version: 4.23.0-8386587+++UE4+Release-4.23
LogInit: Net CL: 8386587
LogInit: OS: Windows 10 (Release 1809) (), CPU: Intel(R) Core(TM) i7-6700HQ CPU @ 2.60GHz, GPU: Microsoft Basic Display Adapter
LogInit: Compiled (64-bit): Oct 18 2019 02:07:44
LogInit: Compiled with Visual C++: 19.16.27030.01
LogInit: Build Configuration: Development
LogInit: Branch Name: ++UE4+Release-4.23
LogInit: Command Line: 
LogInit: Base Directory: C:/Program Files/Epic Games/UE_4.23/Engine/Binaries/Win64/
LogInit: Installed Engine Build: 1
LogDevObjectVersion: Number of dev versions registered: 23
LogDevObjectVersion:   Dev-Blueprints (B0D832E4-1F89-4F0D-ACCF-7EB736FD4AA2): 10
LogDevObjectVersion:   Dev-Build (E1C64328-A22C-4D53-A36C-8E866417BD8C): 0
LogDevObjectVersion:   Dev-Core (375EC13C-06E4-48FB-B500-84F0262A717E): 3
LogDevObjectVersion:   Dev-Editor (E4B068ED-F494-42E9-A231-DA0B2E46BB41): 34
LogDevObjectVersion:   Dev-Framework (CFFC743F-43B0-4480-9391-14DF171D2073): 35
LogDevObjectVersion:   Dev-Mobile (B02B49B5-BB20-44E9-A304-32B752E40360): 2
LogDevObjectVersion:   Dev-Networking (A4E4105C-59A1-49B5-A7C5-40C4547EDFEE): 0
LogDevObjectVersion:   Dev-Online (39C831C9-5AE6-47DC-9A44-9C173E1C8E7C): 0
LogDevObjectVersion:   Dev-Physics (78F01B33-EBEA-4F98-B9B4-84EACCB95AA2): 0
LogDevObjectVersion:   Dev-Platform (6631380F-2D4D-43E0-8009-CF276956A95A): 0
LogDevObjectVersion:   Dev-Rendering (12F88B9F-8875-4AFC-A67C-D90C383ABD29): 31
LogDevObjectVersion:   Dev-Sequencer (7B5AE74C-D270-4C10-A958-57980B212A5A): 11
LogDevObjectVersion:   Dev-VR (D7296918-1DD6-4BDD-9DE2-64A83CC13884): 2
LogDevObjectVersion:   Dev-LoadTimes (C2A15278-BFE7-4AFE-6C17-90FF531DF755): 1
LogDevObjectVersion:   Private-Geometry (6EACA3D4-40EC-4CC1-B786-8BED09428FC5): 3
LogDevObjectVersion:   Dev-AnimPhys (29E575DD-E0A3-4627-9D10-D276232CDCEA): 17
LogDevObjectVersion:   Dev-Anim (AF43A65D-7FD3-4947-9873-3E8ED9C1BB05): 2
LogDevObjectVersion:   Dev-ReflectionCapture (6B266CEC-1EC7-4B8F-A30B-E4D90942FC07): 1
LogDevObjectVersion:   Dev-Automation (0DF73D61-A23F-47EA-B727-89E90C41499A): 1
LogDevObjectVersion:   FortniteMain (601D1886-AC64-4F84-AA16-D3DE0DEAC7D6): 27
LogDevObjectVersion:   Dev-Enterprise (9DFFBCD6-494F-0158-E221-12823C92A888): 6
LogDevObjectVersion:   Dev-Niagara (F2AED0AC-9AFE-416F-8664-AA7FFA26D6FC): 1
LogDevObjectVersion:   Dev-Destruction (174F1F0B-B4C6-45A5-B13F-2EE8D0FB917D): 9
LogInit: Presizing for max 16777216 objects, including 0 objects not considered by GC, pre-allocating 0 bytes for permanent pool.
LogInit: Object subsystem initialized
LogConfig: Setting CVar [[con.DebugEarlyDefault:1]]
LogConfig: Setting CVar [[r.setres:1280x720]]
[2019.12.08-20.03.20:370][  0]LogConfig: Setting CVar [[r.VSync:0]]
[2019.12.08-20.03.20:370][  0]LogConfig: Setting CVar [[r.RHICmdBypass:0]]
[2019.12.08-20.03.20:370][  0]LogConfig: Applying CVar settings from Section [/Script/Engine.RendererSettings] File [C:/Users/alumno/Desktop/Ludum/The_Shape_Shifter/MyProject/Saved/Config/Windows/Engine.ini]
[2019.12.08-20.03.20:370][  0]LogConfig: Setting CVar [[r.GPUCrashDebugging:0]]
[2019.12.08-20.03.20:370][  0]LogConfig: Applying CVar settings from Section [/Script/Engine.RendererOverrideSettings] File [C:/Users/alumno/Desktop/Ludum/The_Shape_Shifter/MyProject/Saved/Config/Windows/Engine.ini]
[2019.12.08-20.03.20:370][  0]LogConfig: Applying CVar settings from Section [/Script/Engine.StreamingSettings] File [C:/Users/alumno/Desktop/Ludum/The_Shape_Shifter/MyProject/Saved/Config/Windows/Engine.ini]
[2019.12.08-20.03.20:370][  0]LogConfig: Setting CVar [[s.MinBulkDataSizeForAsyncLoading:131072]]
[2019.12.08-20.03.20:370][  0]LogConfig: Setting CVar [[s.AsyncLoadingThreadEnabled:0]]
[2019.12.08-20.03.20:370][  0]LogConfig: Setting CVar [[s.EventDrivenLoaderEnabled:1]]
[2019.12.08-20.03.20:370][  0]LogConfig: Setting CVar [[s.WarnIfTimeLimitExceeded:0]]
[2019.12.08-20.03.20:370][  0]LogConfig: Setting CVar [[s.TimeLimitExceededMultiplier:1.5]]
[2019.12.08-20.03.20:370][  0]LogConfig: Setting CVar [[s.TimeLimitExceededMinTime:0.005]]
[2019.12.08-20.03.20:370][  0]LogConfig: Setting CVar [[s.UseBackgroundLevelStreaming:1]]
[2019.12.08-20.03.20:370][  0]LogConfig: Setting CVar [[s.PriorityAsyncLoadingExtraTime:15.0]]
[2019.12.08-20.03.20:370][  0]LogConfig: Setting CVar [[s.LevelStreamingActorsUpdateTimeLimit:5.0]]
[2019.12.08-20.03.20:370][  0]LogConfig: Setting CVar [[s.PriorityLevelStreamingActorsUpdateExtraTime:5.0]]
[2019.12.08-20.03.20:370][  0]LogConfig: Setting CVar [[s.LevelStreamingComponentsRegistrationGranularity:10]]
[2019.12.08-20.03.20:370][  0]LogConfig: Setting CVar [[s.UnregisterComponentsTimeLimit:1.0]]
[2019.12.08-20.03.20:370][  0]LogConfig: Setting CVar [[s.LevelStreamingComponentsUnregistrationGranularity:5]]
[2019.12.08-20.03.20:370][  0]LogConfig: Applying CVar settings from Section [/Script/Engine.GarbageCollectionSettings] File [C:/Users/alumno/Desktop/Ludum/The_Shape_Shifter/MyProject/Saved/Config/Windows/Engine.ini]
[2019.12.08-20.03.20:370][  0]LogConfig: Setting CVar [[gc.MaxObjectsNotConsideredByGC:1]]
[2019.12.08-20.03.20:370][  0]LogConfig: Setting CVar [[gc.SizeOfPermanentObjectPool:0]]
[2019.12.08-20.03.20:370][  0]LogConfig: Setting CVar [[gc.FlushStreamingOnGC:0]]
[2019.12.08-20.03.20:370][  0]LogConfig: Setting CVar [[gc.NumRetriesBeforeForcingGC:10]]
[2019.12.08-20.03.20:370][  0]LogConfig: Setting CVar [[gc.AllowParallelGC:1]]
[2019.12.08-20.03.20:370][  0]LogConfig: Setting CVar [[gc.TimeBetweenPurgingPendingKillObjects:61.1]]
[2019.12.08-20.03.20:370][  0]LogConfig: Setting CVar [[gc.MaxObjectsInEditor:16777216]]
[2019.12.08-20.03.20:370][  0]LogConfig: Setting CVar [[gc.IncrementalBeginDestroyEnabled:1]]
[2019.12.08-20.03.20:370][  0]LogConfig: Setting CVar [[gc.CreateGCClusters:1]]
[2019.12.08-20.03.20:370][  0]LogConfig: Setting CVar [[gc.MinGCClusterSize:5]]
[2019.12.08-20.03.20:370][  0]LogConfig: Setting CVar [[gc.ActorClusteringEnabled:0]]
[2019.12.08-20.03.20:370][  0]LogConfig: Setting CVar [[gc.BlueprintClusteringEnabled:0]]
[2019.12.08-20.03.20:370][  0]LogConfig: Setting CVar [[gc.UseDisregardForGCOnDedicatedServers:0]]
[2019.12.08-20.03.20:370][  0]LogConfig: Applying CVar settings from Section [/Script/Engine.NetworkSettings] File [C:/Users/alumno/Desktop/Ludum/The_Shape_Shifter/MyProject/Saved/Config/Windows/Engine.ini]
[2019.12.08-20.03.20:370][  0]LogConfig: Applying CVar settings from Section [/Script/UnrealEd.CookerSettings] File [C:/Users/alumno/Desktop/Ludum/The_Shape_Shifter/MyProject/Saved/Config/Windows/Engine.ini]
[2019.12.08-20.03.20:372][  0]LogConfig: Applying CVar settings from Section [ViewDistanceQuality@3] File [C:/Users/alumno/Desktop/Ludum/The_Shape_Shifter/MyProject/Saved/Config/Windows/Scalability.ini]
[2019.12.08-20.03.20:372][  0]LogConfig: Setting CVar [[r.SkeletalMeshLODBias:0]]
[2019.12.08-20.03.20:372][  0]LogConfig: Setting CVar [[r.ViewDistanceScale:1.0]]
[2019.12.08-20.03.20:372][  0]LogConfig: Applying CVar settings from Section [AntiAliasingQuality@3] File [C:/Users/alumno/Desktop/Ludum/The_Shape_Shifter/MyProject/Saved/Config/Windows/Scalability.ini]
[2019.12.08-20.03.20:372][  0]LogConfig: Setting CVar [[r.PostProcessAAQuality:4]]
[2019.12.08-20.03.20:372][  0]LogConfig: Applying CVar settings from Section [ShadowQuality@3] File [C:/Users/alumno/Desktop/Ludum/The_Shape_Shifter/MyProject/Saved/Config/Windows/Scalability.ini]
[2019.12.08-20.03.20:372][  0]LogConfig: Setting CVar [[r.LightFunctionQuality:1]]
[2019.12.08-20.03.20:372][  0]LogConfig: Setting CVar [[r.ShadowQuality:5]]
[2019.12.08-20.03.20:372][  0]LogConfig: Setting CVar [[r.Shadow.CSM.MaxCascades:10]]
[2019.12.08-20.03.20:372][  0]LogConfig: Setting CVar [[r.Shadow.MaxResolution:2048]]
[2019.12.08-20.03.20:372][  0]LogConfig: Setting CVar [[r.Shadow.MaxCSMResolution:2048]]
[2019.12.08-20.03.20:372][  0]LogConfig: Setting CVar [[r.Shadow.RadiusThreshold:0.01]]
[2019.12.08-20.03.20:372][  0]LogConfig: Setting CVar [[r.Shadow.DistanceScale:1.0]]
[2019.12.08-20.03.20:372][  0]LogConfig: Setting CVar [[r.Shadow.CSM.TransitionScale:1.0]]
[2019.12.08-20.03.20:372][  0]LogConfig: Setting CVar [[r.Shadow.PreShadowResolutionFactor:1.0]]
[2019.12.08-20.03.20:372][  0]LogConfig: Setting CVar [[r.DistanceFieldShadowing:1]]
[2019.12.08-20.03.20:372][  0]LogConfig: Setting CVar [[r.DistanceFieldAO:1]]
[2019.12.08-20.03.20:372][  0]LogConfig: Setting CVar [[r.AOQuality:2]]
[2019.12.08-20.03.20:372][  0]LogConfig: Setting CVar [[r.VolumetricFog:1]]
[2019.12.08-20.03.20:372][  0]LogConfig: Setting CVar [[r.VolumetricFog.GridPixelSize:8]]
[2019.12.08-20.03.20:372][  0]LogConfig: Setting CVar [[r.VolumetricFog.GridSizeZ:128]]
[2019.12.08-20.03.20:373][  0]LogConfig: Setting CVar [[r.VolumetricFog.HistoryMissSupersampleCount:4]]
[2019.12.08-20.03.20:373][  0]LogConfig: Setting CVar [[r.LightMaxDrawDistanceScale:1]]
[2019.12.08-20.03.20:373][  0]LogConfig: Setting CVar [[r.CapsuleShadows:1]]
[2019.12.08-20.03.20:373][  0]LogConfig: Applying CVar settings from Section [PostProcessQuality@3] File [C:/Users/alumno/Desktop/Ludum/The_Shape_Shifter/MyProject/Saved/Config/Windows/Scalability.ini]
[2019.12.08-20.03.20:373][  0]LogConfig: Setting CVar [[r.MotionBlurQuality:4]]
[2019.12.08-20.03.20:373][  0]LogConfig: Setting CVar [[r.AmbientOcclusionMipLevelFactor:0.4]]
[2019.12.08-20.03.20:373][  0]LogConfig: Setting CVar [[r.AmbientOcclusionMaxQuality:100]]
[2019.12.08-20.03.20:373][  0]LogConfig: Setting CVar [[r.AmbientOcclusionLevels:-1]]
[2019.12.08-20.03.20:373][  0]LogConfig: Setting CVar [[r.AmbientOcclusionRadiusScale:1.0]]
[2019.12.08-20.03.20:373][  0]LogConfig: Setting CVar [[r.DepthOfFieldQuality:2]]
[2019.12.08-20.03.20:373][  0]LogConfig: Setting CVar [[r.RenderTargetPoolMin:400]]
[2019.12.08-20.03.20:373][  0]LogConfig: Setting CVar [[r.LensFlareQuality:2]]
[2019.12.08-20.03.20:373][  0]LogConfig: Setting CVar [[r.SceneColorFringeQuality:1]]
[2019.12.08-20.03.20:373][  0]LogConfig: Setting CVar [[r.EyeAdaptationQuality:2]]
[2019.12.08-20.03.20:373][  0]LogConfig: Setting CVar [[r.BloomQuality:5]]
[2019.12.08-20.03.20:373][  0]LogConfig: Setting CVar [[r.FastBlurThreshold:100]]
[2019.12.08-20.03.20:373][  0]LogConfig: Setting CVar [[r.Upscale.Quality:3]]
[2019.12.08-20.03.20:373][  0]LogConfig: Setting CVar [[r.Tonemapper.GrainQuantization:1]]
[2019.12.08-20.03.20:373][  0]LogConfig: Setting CVar [[r.LightShaftQuality:1]]
[2019.12.08-20.03.20:373][  0]LogConfig: Setting CVar [[r.Filter.SizeScale:1]]
[2019.12.08-20.03.20:373][  0]LogConfig: Setting CVar [[r.Tonemapper.Quality:5]]
[2019.12.08-20.03.20:373][  0]LogConfig: Setting CVar [[r.DOF.Gather.AccumulatorQuality:1        ; higher gathering accumulator quality]]
[2019.12.08-20.03.20:373][  0]LogConfig: Setting CVar [[r.DOF.Gather.PostfilterMethod:1          ; Median3x3 postfilering method]]
[2019.12.08-20.03.20:373][  0]LogConfig: Setting CVar [[r.DOF.Gather.EnableBokehSettings:0       ; no bokeh simulation when gathering]]
[2019.12.08-20.03.20:373][  0]LogConfig: Setting CVar [[r.DOF.Gather.RingCount:4                 ; medium number of samples when gathering]]
[2019.12.08-20.03.20:373][  0]LogConfig: Setting CVar [[r.DOF.Scatter.ForegroundCompositing:1    ; additive foreground scattering]]
[2019.12.08-20.03.20:373][  0]LogConfig: Setting CVar [[r.DOF.Scatter.BackgroundCompositing:2    ; additive background scattering]]
[2019.12.08-20.03.20:373][  0]LogConfig: Setting CVar [[r.DOF.Scatter.EnableBokehSettings:1      ; bokeh simulation when scattering]]
[2019.12.08-20.03.20:373][  0]LogConfig: Setting CVar [[r.DOF.Scatter.MaxSpriteRatio:0.1         ; only a maximum of 10% of scattered bokeh]]
[2019.12.08-20.03.20:373][  0]LogConfig: Setting CVar [[r.DOF.Recombine.Quality:1                ; cheap slight out of focus]]
[2019.12.08-20.03.20:373][  0]LogConfig: Setting CVar [[r.DOF.Recombine.EnableBokehSettings:0    ; no bokeh simulation on slight out of focus]]
[2019.12.08-20.03.20:373][  0]LogConfig: Setting CVar [[r.DOF.TemporalAAQuality:1                ; more stable temporal accumulation]]
[2019.12.08-20.03.20:373][  0]LogConfig: Setting CVar [[r.DOF.Kernel.MaxForegroundRadius:0.025]]
[2019.12.08-20.03.20:373][  0]LogConfig: Setting CVar [[r.DOF.Kernel.MaxBackgroundRadius:0.025]]
[2019.12.08-20.03.20:373][  0]LogConfig: Applying CVar settings from Section [TextureQuality@3] File [C:/Users/alumno/Desktop/Ludum/The_Shape_Shifter/MyProject/Saved/Config/Windows/Scalability.ini]
[2019.12.08-20.03.20:373][  0]LogConfig: Setting CVar [[r.Streaming.MipBias:0]]
[2019.12.08-20.03.20:373][  0]LogConfig: Setting CVar [[r.Streaming.AmortizeCPUToGPUCopy:0]]
[2019.12.08-20.03.20:373][  0]LogConfig: Setting CVar [[r.Streaming.MaxNumTexturesToStreamPerFrame:0]]
[2019.12.08-20.03.20:373][  0]LogConfig: Setting CVar [[r.Streaming.Boost:1]]
[2019.12.08-20.03.20:373][  0]LogConfig: Setting CVar [[r.MaxAnisotropy:8]]
[2019.12.08-20.03.20:373][  0]LogConfig: Setting CVar [[r.Streaming.LimitPoolSizeToVRAM:0]]
[2019.12.08-20.03.20:373][  0]LogConfig: Setting CVar [[r.Streaming.PoolSize:1000]]
[2019.12.08-20.03.20:373][  0]LogConfig: Setting CVar [[r.Streaming.MaxEffectiveScreenSize:0]]
[2019.12.08-20.03.20:373][  0]LogConfig: Applying CVar settings from Section [EffectsQuality@3] File [C:/Users/alumno/Desktop/Ludum/The_Shape_Shifter/MyProject/Saved/Config/Windows/Scalability.ini]
[2019.12.08-20.03.20:373][  0]LogConfig: Setting CVar [[r.TranslucencyLightingVolumeDim:64]]
[2019.12.08-20.03.20:373][  0]LogConfig: Setting CVar [[r.RefractionQuality:2]]
[2019.12.08-20.03.20:373][  0]LogConfig: Setting CVar [[r.SSR.Quality:3]]
[2019.12.08-20.03.20:373][  0]LogConfig: Setting CVar [[r.SceneColorFormat:4]]
[2019.12.08-20.03.20:373][  0]LogConfig: Setting CVar [[r.DetailMode:2]]
[2019.12.08-20.03.20:373][  0]LogConfig: Setting CVar [[r.TranslucencyVolumeBlur:1]]
[2019.12.08-20.03.20:373][  0]LogConfig: Setting CVar [[r.MaterialQualityLevel:1 ; High quality]]
[2019.12.08-20.03.20:373][  0]LogConfig: Setting CVar [[r.SSS.Scale:1]]
[2019.12.08-20.03.20:373][  0]LogConfig: Setting CVar [[r.SSS.SampleSet:2]]
[2019.12.08-20.03.20:373][  0]LogConfig: Setting CVar [[r.SSS.Quality:1]]
[2019.12.08-20.03.20:373][  0]LogConfig: Setting CVar [[r.SSS.HalfRes:1]]
[2019.12.08-20.03.20:373][  0]LogConfig: Setting CVar [[r.EmitterSpawnRateScale:1.0]]
[2019.12.08-20.03.20:373][  0]LogConfig: Setting CVar [[r.ParticleLightQuality:2]]
[2019.12.08-20.03.20:373][  0]LogConfig: Applying CVar settings from Section [FoliageQuality@3] File [C:/Users/alumno/Desktop/Ludum/The_Shape_Shifter/MyProject/Saved/Config/Windows/Scalability.ini]
[2019.12.08-20.03.20:373][  0]LogConfig: Setting CVar [[foliage.DensityScale:1.0]]
[2019.12.08-20.03.20:373][  0]LogConfig: Setting CVar [[grass.DensityScale:1.0]]
[2019.12.08-20.03.20:373][  0]LogInit: Selected Device Profile: [Windows]
[2019.12.08-20.03.20:373][  0]LogInit: Applying CVar settings loaded from the selected device profile: [Windows]
[2019.12.08-20.03.20:383][  0]LogHAL: Display: Platform has ~ 8 GB [8460308480 / 8589934592 / 8], which maps to Default [LargestMinGB=32, LargerMinGB=12, DefaultMinGB=8, SmallerMinGB=6, SmallestMinGB=0)
[2019.12.08-20.03.20:383][  0]LogInit: Going up to parent DeviceProfile []
[2019.12.08-20.03.20:383][  0]LogConfig: Applying CVar settings from Section [ViewDistanceQuality@3] File [C:/Users/alumno/Desktop/Ludum/The_Shape_Shifter/MyProject/Saved/Config/Windows/Scalability.ini]
[2019.12.08-20.03.20:383][  0]LogConfig: Setting CVar [[r.SkeletalMeshLODBias:0]]
[2019.12.08-20.03.20:384][  0]LogConfig: Setting CVar [[r.ViewDistanceScale:1.0]]
[2019.12.08-20.03.20:384][  0]LogConfig: Applying CVar settings from Section [AntiAliasingQuality@3] File [C:/Users/alumno/Desktop/Ludum/The_Shape_Shifter/MyProject/Saved/Config/Windows/Scalability.ini]
[2019.12.08-20.03.20:384][  0]LogConfig: Setting CVar [[r.PostProcessAAQuality:4]]
[2019.12.08-20.03.20:384][  0]LogConfig: Applying CVar settings from Section [ShadowQuality@3] File [C:/Users/alumno/Desktop/Ludum/The_Shape_Shifter/MyProject/Saved/Config/Windows/Scalability.ini]
[2019.12.08-20.03.20:384][  0]LogConfig: Setting CVar [[r.LightFunctionQuality:1]]
[2019.12.08-20.03.20:384][  0]LogConfig: Setting CVar [[r.ShadowQuality:5]]
[2019.12.08-20.03.20:384][  0]LogConfig: Setting CVar [[r.Shadow.CSM.MaxCascades:10]]
[2019.12.08-20.03.20:384][  0]LogConfig: Setting CVar [[r.Shadow.MaxResolution:2048]]
[2019.12.08-20.03.20:384][  0]LogConfig: Setting CVar [[r.Shadow.MaxCSMResolution:2048]]
[2019.12.08-20.03.20:384][  0]LogConfig: Setting CVar [[r.Shadow.RadiusThreshold:0.01]]
[2019.12.08-20.03.20:384][  0]LogConfig: Setting CVar [[r.Shadow.DistanceScale:1.0]]
[2019.12.08-20.03.20:384][  0]LogConfig: Setting CVar [[r.Shadow.CSM.TransitionScale:1.0]]
[2019.12.08-20.03.20:384][  0]LogConfig: Setting CVar [[r.Shadow.PreShadowResolutionFactor:1.0]]
[2019.12.08-20.03.20:384][  0]LogConfig: Setting CVar [[r.DistanceFieldShadowing:1]]
[2019.12.08-20.03.20:384][  0]LogConfig: Setting CVar [[r.DistanceFieldAO:1]]
[2019.12.08-20.03.20:384][  0]LogConfig: Setting CVar [[r.AOQuality:2]]
[2019.12.08-20.03.20:384][  0]LogConfig: Setting CVar [[r.VolumetricFog:1]]
[2019.12.08-20.03.20:384][  0]LogConfig: Setting CVar [[r.VolumetricFog.GridPixelSize:8]]
[2019.12.08-20.03.20:384][  0]LogConfig: Setting CVar [[r.VolumetricFog.GridSizeZ:128]]
[2019.12.08-20.03.20:384][  0]LogConfig: Setting CVar [[r.VolumetricFog.HistoryMissSupersampleCount:4]]
[2019.12.08-20.03.20:384][  0]LogConfig: Setting CVar [[r.LightMaxDrawDistanceScale:1]]
[2019.12.08-20.03.20:384][  0]LogConfig: Setting CVar [[r.CapsuleShadows:1]]
[2019.12.08-20.03.20:384][  0]LogConfig: Applying CVar settings from Section [PostProcessQuality@3] File [C:/Users/alumno/Desktop/Ludum/The_Shape_Shifter/MyProject/Saved/Config/Windows/Scalability.ini]
[2019.12.08-20.03.20:384][  0]LogConfig: Setting CVar [[r.MotionBlurQuality:4]]
[2019.12.08-20.03.20:384][  0]LogConfig: Setting CVar [[r.AmbientOcclusionMipLevelFactor:0.4]]
[2019.12.08-20.03.20:384][  0]LogConfig: Setting CVar [[r.AmbientOcclusionMaxQuality:100]]
[2019.12.08-20.03.20:384][  0]LogConfig: Setting CVar [[r.AmbientOcclusionLevels:-1]]
[2019.12.08-20.03.20:384][  0]LogConfig: Setting CVar [[r.AmbientOcclusionRadiusScale:1.0]]
[2019.12.08-20.03.20:384][  0]LogConfig: Setting CVar [[r.DepthOfFieldQuality:2]]
[2019.12.08-20.03.20:384][  0]LogConfig: Setting CVar [[r.RenderTargetPoolMin:400]]
[2019.12.08-20.03.20:384][  0]LogConfig: Setting CVar [[r.LensFlareQuality:2]]
[2019.12.08-20.03.20:384][  0]LogConfig: Setting CVar [[r.SceneColorFringeQuality:1]]
[2019.12.08-20.03.20:384][  0]LogConfig: Setting CVar [[r.EyeAdaptationQuality:2]]
[2019.12.08-20.03.20:384][  0]LogConfig: Setting CVar [[r.BloomQuality:5]]
[2019.12.08-20.03.20:384][  0]LogConfig: Setting CVar [[r.FastBlurThreshold:100]]
[2019.12.08-20.03.20:384][  0]LogConfig: Setting CVar [[r.Upscale.Quality:3]]
[2019.12.08-20.03.20:384][  0]LogConfig: Setting CVar [[r.Tonemapper.GrainQuantization:1]]
[2019.12.08-20.03.20:384][  0]LogConfig: Setting CVar [[r.LightShaftQuality:1]]
[2019.12.08-20.03.20:384][  0]LogConfig: Setting CVar [[r.Filter.SizeScale:1]]
[2019.12.08-20.03.20:384][  0]LogConfig: Setting CVar [[r.Tonemapper.Quality:5]]
[2019.12.08-20.03.20:384][  0]LogConfig: Setting CVar [[r.DOF.Gather.AccumulatorQuality:1        ; higher gathering accumulator quality]]
[2019.12.08-20.03.20:384][  0]LogConfig: Setting CVar [[r.DOF.Gather.PostfilterMethod:1          ; Median3x3 postfilering method]]
[2019.12.08-20.03.20:384][  0]LogConfig: Setting CVar [[r.DOF.Gather.EnableBokehSettings:0       ; no bokeh simulation when gathering]]
[2019.12.08-20.03.20:384][  0]LogConfig: Setting CVar [[r.DOF.Gather.RingCount:4                 ; medium number of samples when gathering]]
[2019.12.08-20.03.20:384][  0]LogConfig: Setting CVar [[r.DOF.Scatter.ForegroundCompositing:1    ; additive foreground scattering]]
[2019.12.08-20.03.20:384][  0]LogConfig: Setting CVar [[r.DOF.Scatter.BackgroundCompositing:2    ; additive background scattering]]
[2019.12.08-20.03.20:384][  0]LogConfig: Setting CVar [[r.DOF.Scatter.EnableBokehSettings:1      ; bokeh simulation when scattering]]
[2019.12.08-20.03.20:384][  0]LogConfig: Setting CVar [[r.DOF.Scatter.MaxSpriteRatio:0.1         ; only a maximum of 10% of scattered bokeh]]
[2019.12.08-20.03.20:384][  0]LogConfig: Setting CVar [[r.DOF.Recombine.Quality:1                ; cheap slight out of focus]]
[2019.12.08-20.03.20:384][  0]LogConfig: Setting CVar [[r.DOF.Recombine.EnableBokehSettings:0    ; no bokeh simulation on slight out of focus]]
[2019.12.08-20.03.20:384][  0]LogConfig: Setting CVar [[r.DOF.TemporalAAQuality:1                ; more stable temporal accumulation]]
[2019.12.08-20.03.20:384][  0]LogConfig: Setting CVar [[r.DOF.Kernel.MaxForegroundRadius:0.025]]
[2019.12.08-20.03.20:384][  0]LogConfig: Setting CVar [[r.DOF.Kernel.MaxBackgroundRadius:0.025]]
[2019.12.08-20.03.20:384][  0]LogConfig: Applying CVar settings from Section [TextureQuality@3] File [C:/Users/alumno/Desktop/Ludum/The_Shape_Shifter/MyProject/Saved/Config/Windows/Scalability.ini]
[2019.12.08-20.03.20:384][  0]LogConfig: Setting CVar [[r.Streaming.MipBias:0]]
[2019.12.08-20.03.20:384][  0]LogConfig: Setting CVar [[r.Streaming.AmortizeCPUToGPUCopy:0]]
[2019.12.08-20.03.20:384][  0]LogConfig: Setting CVar [[r.Streaming.MaxNumTexturesToStreamPerFrame:0]]
[2019.12.08-20.03.20:384][  0]LogConfig: Setting CVar [[r.Streaming.Boost:1]]
[2019.12.08-20.03.20:384][  0]LogConfig: Setting CVar [[r.MaxAnisotropy:8]]
[2019.12.08-20.03.20:384][  0]LogConfig: Setting CVar [[r.Streaming.LimitPoolSizeToVRAM:0]]
[2019.12.08-20.03.20:384][  0]LogConfig: Setting CVar [[r.Streaming.PoolSize:1000]]
[2019.12.08-20.03.20:384][  0]LogConfig: Setting CVar [[r.Streaming.MaxEffectiveScreenSize:0]]
[2019.12.08-20.03.20:385][  0]LogConfig: Applying CVar settings from Section [EffectsQuality@3] File [C:/Users/alumno/Desktop/Ludum/The_Shape_Shifter/MyProject/Saved/Config/Windows/Scalability.ini]
[2019.12.08-20.03.20:385][  0]LogConfig: Setting CVar [[r.TranslucencyLightingVolumeDim:64]]
[2019.12.08-20.03.20:385][  0]LogConfig: Setting CVar [[r.RefractionQuality:2]]
[2019.12.08-20.03.20:385][  0]LogConfig: Setting CVar [[r.SSR.Quality:3]]
[2019.12.08-20.03.20:385][  0]LogConfig: Setting CVar [[r.SceneColorFormat:4]]
[2019.12.08-20.03.20:385][  0]LogConfig: Setting CVar [[r.DetailMode:2]]
[2019.12.08-20.03.20:385][  0]LogConfig: Setting CVar [[r.TranslucencyVolumeBlur:1]]
[2019.12.08-20.03.20:385][  0]LogConfig: Setting CVar [[r.MaterialQualityLevel:1 ; High quality]]
[2019.12.08-20.03.20:385][  0]LogConfig: Setting CVar [[r.SSS.Scale:1]]
[2019.12.08-20.03.20:385][  0]LogConfig: Setting CVar [[r.SSS.SampleSet:2]]
[2019.12.08-20.03.20:385][  0]LogConfig: Setting CVar [[r.SSS.Quality:1]]
[2019.12.08-20.03.20:385][  0]LogConfig: Setting CVar [[r.SSS.HalfRes:1]]
[2019.12.08-20.03.20:385][  0]LogConfig: Setting CVar [[r.EmitterSpawnRateScale:1.0]]
[2019.12.08-20.03.20:385][  0]LogConfig: Setting CVar [[r.ParticleLightQuality:2]]
[2019.12.08-20.03.20:385][  0]LogConfig: Applying CVar settings from Section [FoliageQuality@3] File [C:/Users/alumno/Desktop/Ludum/The_Shape_Shifter/MyProject/Saved/Config/Windows/Scalability.ini]
[2019.12.08-20.03.20:385][  0]LogConfig: Setting CVar [[foliage.DensityScale:1.0]]
[2019.12.08-20.03.20:385][  0]LogConfig: Setting CVar [[grass.DensityScale:1.0]]
[2019.12.08-20.03.20:385][  0]LogConfig: Applying CVar settings from Section [Startup] File [../../../Engine/Config/ConsoleVariables.ini]
[2019.12.08-20.03.20:391][  0]LogConfig: Setting CVar [[net.UseAdaptiveNetUpdateFrequency:0]]
[2019.12.08-20.03.20:391][  0]LogConfig: Setting CVar [[p.chaos.AllowCreatePhysxBodies:1]]
[2019.12.08-20.03.20:391][  0]LogConfig: Applying CVar settings from Section [ConsoleVariables] File [C:/Users/alumno/Desktop/Ludum/The_Shape_Shifter/MyProject/Saved/Config/Windows/Engine.ini]
[2019.12.08-20.03.20:391][  0]LogInit: Computer: MSI-11
[2019.12.08-20.03.20:391][  0]LogInit: User: alumno
[2019.12.08-20.03.20:391][  0]LogInit: CPU Page size=4096, Cores=4
[2019.12.08-20.03.20:391][  0]LogInit: High frequency timer resolution =10.000000 MHz
[2019.12.08-20.03.20:392][  0]LogMemory: Memory total: Physical=7.9GB (8GB approx)
[2019.12.08-20.03.20:392][  0]LogMemory: Platform Memory Stats for Windows
[2019.12.08-20.03.20:392][  0]LogMemory: Process Physical Memory: 101.64 MB used, 101.64 MB peak
[2019.12.08-20.03.20:392][  0]LogMemory: Process Virtual Memory: 99.12 MB used, 99.12 MB peak
[2019.12.08-20.03.20:392][  0]LogMemory: Physical Memory: 5910.64 MB used,  2157.73 MB free, 8068.38 MB total
[2019.12.08-20.03.20:392][  0]LogMemory: Virtual Memory: 4681.35 MB used,  134213048.00 MB free, 134217728.00 MB total
[2019.12.08-20.03.20:395][  0]LogWindows: WindowsPlatformFeatures enabled
[2019.12.08-20.03.20:573][  0]LogInit: Using OS detected language (en-US).
[2019.12.08-20.03.20:573][  0]LogInit: Using OS detected locale (en-US).
[2019.12.08-20.03.20:576][  0]LogTextLocalizationManager: No specific localization for 'en-US' exists, so the 'en' localization will be used.
[2019.12.08-20.03.21:327][  0]LogInit: Setting process to per monitor DPI aware
[2019.12.08-20.03.21:574][  0]LogSlate: New Slate User Created.  User Index 0, Is Virtual User: 0
[2019.12.08-20.03.21:574][  0]LogSlate: Slate User Registered.  User Index 0, Is Virtual User: 0
[2019.12.08-20.03.25:617][  0]LogHMD: Failed to initialize OpenVR with code 110
[2019.12.08-20.03.25:617][  0]LogD3D11RHI: D3D11 adapters:
[2019.12.08-20.03.25:621][  0]LogD3D11RHI:    0. 'Microsoft Basic Render Driver' (Feature Level 11_0)
[2019.12.08-20.03.25:621][  0]LogD3D11RHI:       0/0/4034 MB DedicatedVideo/DedicatedSystem/SharedSystem, Outputs:1, VendorId:0x1414
[2019.12.08-20.03.25:701][  0]LogD3D11RHI:    1. 'NVIDIA GeForce GTX 960M' (Feature Level 11_0)
[2019.12.08-20.03.25:701][  0]LogD3D11RHI:       2010/0/4034 MB DedicatedVideo/DedicatedSystem/SharedSystem, Outputs:0, VendorId:0x10de
[2019.12.08-20.03.25:703][  0]LogD3D11RHI:    2. 'Microsoft Basic Render Driver' (Feature Level 11_0)
[2019.12.08-20.03.25:704][  0]LogD3D11RHI:       0/0/4034 MB DedicatedVideo/DedicatedSystem/SharedSystem, Outputs:0, VendorId:0x1414
[2019.12.08-20.03.25:704][  0]LogD3D11RHI: Chosen D3D11 Adapter: 1
[2019.12.08-20.03.25:715][  0]LogD3D11RHI: Creating new Direct3DDevice
[2019.12.08-20.03.25:715][  0]LogD3D11RHI:     GPU DeviceId: 0x139b (for the marketing name, search the web for "GPU Device Id")
[2019.12.08-20.03.25:715][  0]LogWindows: EnumDisplayDevices:
[2019.12.08-20.03.25:715][  0]LogWindows:    0. 'Microsoft Basic Display Adapter' (P:1 D:1)
[2019.12.08-20.03.25:715][  0]LogWindows: DebugString: GetVideoDriverDetailsInvalid PrimaryIsNotTheChoosenAdapter FoundDriverCount:0 
[2019.12.08-20.03.25:715][  0]LogD3D11RHI:     Adapter Name: NVIDIA GeForce GTX 960M
[2019.12.08-20.03.25:715][  0]LogD3D11RHI:   Driver Version: Unknown (internal:Unknown, unified:Unknown)
[2019.12.08-20.03.25:715][  0]LogD3D11RHI:      Driver Date: Unknown
[2019.12.08-20.03.25:715][  0]LogRHI: Texture pool is 1407 MB (70% of 2010 MB)
[2019.12.08-20.03.25:765][  0]LogD3D11RHI: Async texture creation enabled
[2019.12.08-20.03.25:812][  0]LogD3D11RHI: GPU Timing Frequency: 1000.000000 (Debug: 2 1)
[2019.12.08-20.03.26:349][  0]LogTemp: Display: Module 'AllDesktopTargetPlatform' loaded TargetPlatform 'AllDesktop'
[2019.12.08-20.03.26:360][  0]LogTemp: Display: Module 'MacClientTargetPlatform' loaded TargetPlatform 'MacClient'
[2019.12.08-20.03.26:371][  0]LogTemp: Display: Module 'MacNoEditorTargetPlatform' loaded TargetPlatform 'MacNoEditor'
[2019.12.08-20.03.26:382][  0]LogTemp: Display: Module 'MacServerTargetPlatform' loaded TargetPlatform 'MacServer'
[2019.12.08-20.03.26:399][  0]LogTemp: Display: Module 'MacTargetPlatform' loaded TargetPlatform 'Mac'
[2019.12.08-20.03.26:411][  0]LogTemp: Display: Module 'WindowsClientTargetPlatform' loaded TargetPlatform 'WindowsClient'
[2019.12.08-20.03.26:422][  0]LogTemp: Display: Module 'WindowsNoEditorTargetPlatform' loaded TargetPlatform 'WindowsNoEditor'
[2019.12.08-20.03.26:434][  0]LogTemp: Display: Module 'WindowsServerTargetPlatform' loaded TargetPlatform 'WindowsServer'
[2019.12.08-20.03.26:440][  0]LogTemp: Display: Module 'WindowsTargetPlatform' loaded TargetPlatform 'Windows'
[2019.12.08-20.03.26:493][  0]LogTemp: Display: Module 'AndroidTargetPlatform' loaded TargetPlatform 'Android'
[2019.12.08-20.03.26:493][  0]LogTemp: Display: Module 'AndroidTargetPlatform' loaded TargetPlatform 'Android_ASTC'
[2019.12.08-20.03.26:493][  0]LogTemp: Display: Module 'AndroidTargetPlatform' loaded TargetPlatform 'Android_ATC'
[2019.12.08-20.03.26:493][  0]LogTemp: Display: Module 'AndroidTargetPlatform' loaded TargetPlatform 'Android_DXT'
[2019.12.08-20.03.26:494][  0]LogTemp: Display: Module 'AndroidTargetPlatform' loaded TargetPlatform 'Android_ETC1'
[2019.12.08-20.03.26:494][  0]LogTemp: Display: Module 'AndroidTargetPlatform' loaded TargetPlatform 'Android_ETC1a'
[2019.12.08-20.03.26:494][  0]LogTemp: Display: Module 'AndroidTargetPlatform' loaded TargetPlatform 'Android_ETC2'
[2019.12.08-20.03.26:494][  0]LogTemp: Display: Module 'AndroidTargetPlatform' loaded TargetPlatform 'Android_PVRTC'
[2019.12.08-20.03.26:494][  0]LogTemp: Display: Module 'AndroidTargetPlatform' loaded TargetPlatform 'AndroidClient'
[2019.12.08-20.03.26:494][  0]LogTemp: Display: Module 'AndroidTargetPlatform' loaded TargetPlatform 'Android_ASTCClient'
[2019.12.08-20.03.26:494][  0]LogTemp: Display: Module 'AndroidTargetPlatform' loaded TargetPlatform 'Android_ATCClient'
[2019.12.08-20.03.26:494][  0]LogTemp: Display: Module 'AndroidTargetPlatform' loaded TargetPlatform 'Android_DXTClient'
[2019.12.08-20.03.26:494][  0]LogTemp: Display: Module 'AndroidTargetPlatform' loaded TargetPlatform 'Android_ETC1Client'
[2019.12.08-20.03.26:494][  0]LogTemp: Display: Module 'AndroidTargetPlatform' loaded TargetPlatform 'Android_ETC1aClient'
[2019.12.08-20.03.26:494][  0]LogTemp: Display: Module 'AndroidTargetPlatform' loaded TargetPlatform 'Android_ETC2Client'
[2019.12.08-20.03.26:494][  0]LogTemp: Display: Module 'AndroidTargetPlatform' loaded TargetPlatform 'Android_PVRTCClient'
[2019.12.08-20.03.26:494][  0]LogTemp: Display: Module 'AndroidTargetPlatform' loaded TargetPlatform 'Android_Multi'
[2019.12.08-20.03.26:494][  0]LogTemp: Display: Module 'AndroidTargetPlatform' loaded TargetPlatform 'Android_MultiClient'
[2019.12.08-20.03.26:505][  0]LogTemp: Display: Module 'HTML5TargetPlatform' loaded TargetPlatform 'HTML5'
[2019.12.08-20.03.26:543][  0]LogTemp: Display: Module 'IOSTargetPlatform' loaded TargetPlatform 'IOSClient'
[2019.12.08-20.03.26:543][  0]LogTemp: Display: Module 'IOSTargetPlatform' loaded TargetPlatform 'IOS'
[2019.12.08-20.03.26:559][  0]LogTemp: Display: Module 'TVOSTargetPlatform' loaded TargetPlatform 'TVOSClient'
[2019.12.08-20.03.26:559][  0]LogTemp: Display: Module 'TVOSTargetPlatform' loaded TargetPlatform 'TVOS'
[2019.12.08-20.03.26:568][  0]LogTemp: Display: Module 'LinuxClientTargetPlatform' loaded TargetPlatform 'LinuxClient'
[2019.12.08-20.03.26:577][  0]LogTemp: Display: Module 'LinuxNoEditorTargetPlatform' loaded TargetPlatform 'LinuxNoEditor'
[2019.12.08-20.03.26:587][  0]LogTemp: Display: Module 'LinuxServerTargetPlatform' loaded TargetPlatform 'LinuxServer'
[2019.12.08-20.03.26:606][  0]LogTemp: Display: Module 'LinuxTargetPlatform' loaded TargetPlatform 'Linux'
[2019.12.08-20.03.26:638][  0]LogTemp: Display: Module 'LuminTargetPlatform' loaded TargetPlatform 'Lumin'
[2019.12.08-20.03.26:638][  0]LogTemp: Display: Module 'LuminTargetPlatform' loaded TargetPlatform 'LuminClient'
[2019.12.08-20.03.26:638][  0]LogTargetPlatformManager: Display: Building Assets For Windows
[2019.12.08-20.03.26:696][  0]LogAudioDebug: Display: Lib vorbis DLL was dynamically loaded.
[2019.12.08-20.03.26:819][  0]LogShaderCompilers: Guid format shader working directory is -25 characters bigger than the processId version (../../../../../../Users/alumno/Desktop/Ludum/The_Shape_Shifter/MyProject/Intermediate/Shaders/WorkingDirectory/7560/).
[2019.12.08-20.03.26:819][  0]LogShaderCompilers: Cleaned the shader compiler working directory 'C:/Users/alumno/AppData/Local/Temp/UnrealShaderWorkingDir/EA98670E4BF68960B8DE769966C190CD/'.
[2019.12.08-20.03.26:823][  0]LogXGEController: Cleaning working directory: C:/Users/alumno/AppData/Local/Temp/UnrealXGEWorkingDir/
[2019.12.08-20.03.26:823][  0]LogXGEController: Cannot use XGE Controller as Incredibuild is not installed on this machine.
[2019.12.08-20.03.26:823][  0]LogShaderCompilers: Cannot use XGE Shader Compiler as Incredibuild is not installed on this machine.
[2019.12.08-20.03.26:823][  0]LogShaderCompilers: Display: Using Local Shader Compiler.
[2019.12.08-20.03.30:049][  0]LogDerivedDataCache: Display: Max Cache Size: 512 MB
[2019.12.08-20.03.30:252][  0]LogDerivedDataCache: Loaded boot cache 0.20s 73MB C:/Users/alumno/AppData/Local/UnrealEngine/4.23/DerivedDataCache/Boot.ddc.
[2019.12.08-20.03.30:252][  0]LogDerivedDataCache: Display: Loaded Boot cache: C:/Users/alumno/AppData/Local/UnrealEngine/4.23/DerivedDataCache/Boot.ddc
[2019.12.08-20.03.30:253][  0]LogDerivedDataCache: FDerivedDataBackendGraph:  Pak pak cache file ../../../../../../Users/alumno/Desktop/Ludum/The_Shape_Shifter/MyProject/DerivedDataCache/DDC.ddp not found, will not use a pak cache.
[2019.12.08-20.03.30:253][  0]LogDerivedDataCache: Unable to find inner node Pak for hierarchical cache Hierarchy.
[2019.12.08-20.03.30:253][  0]LogDerivedDataCache: FDerivedDataBackendGraph:  CompressedPak pak cache file ../../../../../../Users/alumno/Desktop/Ludum/The_Shape_Shifter/MyProject/DerivedDataCache/Compressed.ddp not found, will not use a pak cache.
[2019.12.08-20.03.30:253][  0]LogDerivedDataCache: Unable to find inner node CompressedPak for hierarchical cache Hierarchy.
[2019.12.08-20.03.30:277][  0]LogDerivedDataCache: Display: Pak cache opened for reading ../../../Engine/DerivedDataCache/Compressed.ddp.
[2019.12.08-20.03.30:277][  0]LogDerivedDataCache: FDerivedDataBackendGraph:  EnterprisePak pak cache file ../../../Enterprise/DerivedDataCache/Compressed.ddp not found, will not use a pak cache.
[2019.12.08-20.03.30:277][  0]LogDerivedDataCache: Unable to find inner node EnterprisePak for hierarchical cache Hierarchy.
[2019.12.08-20.03.30:279][  0]LogDerivedDataCache: Using Local data cache path C:/Users/alumno/AppData/Local/UnrealEngine/Common/DerivedDataCache: Writable
[2019.12.08-20.03.30:279][  0]LogDerivedDataCache: Shared data cache path not found in *engine.ini, will not use an Shared cache.
[2019.12.08-20.03.30:279][  0]LogDerivedDataCache: Unable to find inner node Shared for hierarchical cache Hierarchy.
[2019.12.08-20.03.30:305][  0]LogMaterial: Verifying Global Shaders for PCD3D_SM5
[2019.12.08-20.03.30:312][  0]LogSlate: Using FreeType 2.6.0
[2019.12.08-20.03.30:334][  0]LogSlate: SlateFontServices - WITH_FREETYPE: 1, WITH_HARFBUZZ: 1
[2019.12.08-20.03.30:765][  0]LogAssetRegistry: FAssetRegistry took 0.0032 seconds to start up
[2019.12.08-20.03.31:150][  0]LogInit: Selected Device Profile: [Windows]
[2019.12.08-20.03.31:501][  0]LogMeshReduction: Using QuadricMeshReduction for automatic static mesh reduction
[2019.12.08-20.03.31:501][  0]LogMeshReduction: Using SimplygonMeshReduction for automatic skeletal mesh reduction
[2019.12.08-20.03.31:501][  0]LogMeshReduction: Using ProxyLODMeshReduction for automatic mesh merging
[2019.12.08-20.03.31:501][  0]LogMeshReduction: No distributed automatic mesh merging module available
[2019.12.08-20.03.31:502][  0]LogMeshMerging: No distributed automatic mesh merging module available
[2019.12.08-20.03.31:548][  0]LogNetVersion: MyProject 1.0.0, NetCL: 8386587, EngineNetVer: 11, GameNetVer: 0 (Checksum: 2896792207)
[2019.12.08-20.03.33:147][  0]LogPackageLocalizationCache: Processed 12 localized package path(s) for 1 prioritized culture(s) in 0.079093 seconds
[2019.12.08-20.03.33:155][  0]LogUObjectArray: 43444 objects as part of root set at end of initial load.
[2019.12.08-20.03.33:155][  0]LogUObjectAllocator: 7548648 out of 0 bytes used by permanent object pool.
[2019.12.08-20.03.33:155][  0]LogUObjectArray: CloseDisregardForGC: 0/0 objects in disregard for GC pool
[2019.12.08-20.03.39:664][  0]LogTcpMessaging: Initializing TcpMessaging bridge
[2019.12.08-20.03.39:672][  0]LogUdpMessaging: Initializing bridge on interface 0.0.0.0:0 to multicast group 230.0.0.1:6666.
[2019.12.08-20.03.39:806][  0]SourceControl: Source control is disabled
[2019.12.08-20.03.39:807][  0]SourceControl: Source control is disabled
[2019.12.08-20.03.39:827][  0]SourceControl: Source control is disabled
[2019.12.08-20.03.39:833][  0]SourceControl: Source control is disabled
[2019.12.08-20.03.40:151][  0]LogAndroidPermission: UAndroidPermissionCallbackProxy::GetInstance
[2019.12.08-20.03.40:381][  0]LogOcInput: OculusInput pre-init called
[2019.12.08-20.03.40:406][  0]LogWindows: Failed to load 'OVRPlugin.dll' (GetLastError=126)
[2019.12.08-20.03.40:406][  0]LogWindows: File 'OVRPlugin.dll' does not exist
[2019.12.08-20.03.40:564][  0]LogEngine: Initializing Engine...
[2019.12.08-20.03.40:565][  0]LogHMD: Failed to initialize OpenVR with code 110
[2019.12.08-20.03.40:567][  0]LogStats: UGameplayTagsManager::InitializeManager -  0.001 s
[2019.12.08-20.03.41:197][  0]LogInit: Initializing FReadOnlyCVARCache
[2019.12.08-20.03.41:231][  0]LogAIModule: Creating AISystem for world Untitled
[2019.12.08-20.03.41:251][  0]LogInit: XAudio2 using 'Speakers (Realtek High Definition Audio)' : 2 channels at 48 kHz using 32 bits per sample (channel mask 0x3)
[2019.12.08-20.03.41:508][  0]LogInit: FAudioDevice initialized.
[2019.12.08-20.03.41:508][  0]LogNetVersion: Set ProjectVersion to 1.0.0.0. Version Checksum will be recalculated on next use.
[2019.12.08-20.03.41:599][  0]LogDerivedDataCache: Saved boot cache 0.09s 73MB C:/Users/alumno/AppData/Local/UnrealEngine/4.23/DerivedDataCache/Boot.ddc.
[2019.12.08-20.03.41:605][  0]LogInit: Texture streaming: Enabled
[2019.12.08-20.03.41:635][  0]LogEngineSessionManager: EngineSessionManager initialized
[2019.12.08-20.03.41:635][  0]LogEditorSessionSummary: Verbose: Initializing EditorSessionSummaryWriter for editor session tracking
[2019.12.08-20.03.41:637][  0]LogEditorSessionSummary: EditorSessionSummaryWriter initialized
[2019.12.08-20.03.41:745][  0]LogInit: Transaction tracking system initialized
[2019.12.08-20.03.41:841][  0]BlueprintLog: New page: Editor Load
[2019.12.08-20.03.42:058][  0]LocalizationService: Localization service is disabled
[2019.12.08-20.03.42:879][  0]LogFileCache: Scanning file cache for directory 'C:/Users/alumno/Desktop/Ludum/The_Shape_Shifter/MyProject/Content/' took 0.01s
[2019.12.08-20.03.42:879][  0]LogCook: Display: Max memory allowance for cook 16384mb min free memory 0mb
[2019.12.08-20.03.42:880][  0]LogCook: Display: Mobile HDR setting 1
[2019.12.08-20.03.44:106][  0]SourceControl: Source control is disabled
[2019.12.08-20.03.44:106][  0]Cmd: MAP LOAD FILE="../../../../../../Users/alumno/Desktop/Ludum/The_Shape_Shifter/MyProject/Content/ThirdPersonBP/Maps/ThirdPersonExampleMap.umap" TEMPLATE=0 SHOWPROGRESS=1 FEATURELEVEL=3
[2019.12.08-20.03.44:107][  0]LogEditorServer: Warning: Can't find file '../../../../../../Users/alumno/Desktop/Ludum/The_Shape_Shifter/MyProject/Content/ThirdPersonBP/Maps/ThirdPersonExampleMap.umap'
[2019.12.08-20.03.44:107][  0]Cmd: MAP CHECKDEP NOCLEARLOG
[2019.12.08-20.03.44:107][  0]MapCheck: Map check complete: 0 Error(s), 0 Warning(s), took 0.398ms to complete.
[2019.12.08-20.03.44:107][  0]LogFileHelpers: Loading map 'ThirdPersonExampleMap' took 0.002
[2019.12.08-20.03.44:505][  0]LogSlate: Updating window title bar state: overlay mode, drag disabled, window buttons hidden, title bar hidden
[2019.12.08-20.03.44:527][  0]LogSlate: Updating window title bar state: overlay mode, drag disabled, window buttons hidden, title bar hidden
[2019.12.08-20.03.44:565][  0]LogSlate: Updating window title bar state: overlay mode, drag disabled, window buttons hidden, title bar hidden
[2019.12.08-20.03.44:591][  0]LogSlate: Updating window title bar state: overlay mode, drag disabled, window buttons hidden, title bar hidden
[2019.12.08-20.03.44:641][  0]LogCollectionManager: Loaded 0 collections in 0.005114 seconds
[2019.12.08-20.03.44:673][  0]LogFileCache: Scanning file cache for directory 'C:/Users/alumno/Desktop/Ludum/The_Shape_Shifter/MyProject/Saved/Collections/' took 0.00s
[2019.12.08-20.03.44:673][  0]LogFileCache: Scanning file cache for directory 'C:/Users/alumno/Desktop/Ludum/The_Shape_Shifter/MyProject/Content/Developers/alumno/Collections/' took 0.00s
[2019.12.08-20.03.44:673][  0]LogFileCache: Scanning file cache for directory 'C:/Users/alumno/Desktop/Ludum/The_Shape_Shifter/MyProject/Content/Collections/' took 0.00s
[2019.12.08-20.03.44:673][  0]LogCollectionManager: Rebuilt the GUID cache for 0 collections in 0.000003 seconds
[2019.12.08-20.03.44:703][  0]LogContentBrowser: Native class hierarchy populated in 0.0271 seconds. Added 2863 classes and 680 folders.
[2019.12.08-20.03.44:730][  0]LogContentBrowser: Native class hierarchy updated for 'WidgetCarousel' in 0.0005 seconds. Added 0 classes and 0 folders.
[2019.12.08-20.03.46:593][  0]LogContentBrowser: Native class hierarchy updated for 'AddContentDialog' in 0.0003 seconds. Added 0 classes and 0 folders.
[2019.12.08-20.03.46:609][  0]LogContentBrowser: Native class hierarchy updated for 'SceneOutliner' in 0.0003 seconds. Added 1 classes and 2 folders.
[2019.12.08-20.03.46:652][  0]LogSlate: Took 0.011982 seconds to synchronously load lazily loaded font '../../../Engine/Content/Slate/Fonts/Roboto-Regular.ttf' (155K)
[2019.12.08-20.03.46:667][  0]LogSlate: Took 0.010538 seconds to synchronously load lazily loaded font '../../../Engine/Content/Slate/Fonts/Roboto-Bold.ttf' (160K)
[2019.12.08-20.03.46:689][  0]LogSlate: Took 0.016590 seconds to synchronously load lazily loaded font '../../../Engine/Content/Editor/Slate/Fonts/FontAwesome.ttf' (139K)
[2019.12.08-20.03.46:946][  0]LogRenderer: Reallocating scene render targets to support 964x328 Format 10 NumSamples 1 (Frame:1).
[2019.12.08-20.03.47:161][  0]LogContentBrowser: Native class hierarchy updated for 'HierarchicalLODOutliner' in 0.0006 seconds. Added 0 classes and 0 folders.
[2019.12.08-20.03.47:161][  0]LogLoad: (Engine Initialization) Total time: 32.88 seconds
[2019.12.08-20.03.47:162][  0]LogLoad: (Engine Initialization) Total Blueprint compile time: 0.00 seconds
[2019.12.08-20.03.47:250][  0]LogContentStreaming: Texture pool size now 1000 MB
[2019.12.08-20.03.48:194][ 17]LogSlate: Took 0.006529 seconds to synchronously load lazily loaded font '../../../Engine/Content/Slate/Fonts/Roboto-Light.ttf' (167K)
[2019.12.08-20.03.48:501][ 22]LogAssetRegistry: Asset discovery search completed in 17.7366 seconds
[2019.12.08-20.03.48:506][ 22]LogCollectionManager: Rebuilt the object cache for 0 collections in 0.000019 seconds (found 0 objects)
[2019.12.08-20.03.48:506][ 22]LogCollectionManager: Fixed up redirectors for 0 collections in 0.000078 seconds (updated 0 objects)
[2019.12.08-20.03.53:526][317]LogSlate: FSceneViewport::OnFocusLost() reason 0
[2019.12.08-20.03.53:787][332]LogSlate: Took 0.000320 seconds to synchronously load lazily loaded font '../../../Engine/Content/Slate/Fonts/Roboto-Light.ttf' (167K)
[2019.12.08-20.03.56:409][332]LogAIModule: Creating AISystem for world Level1
[2019.12.08-20.03.57:043][332]LogAssetEditorManager: Opening Asset editor for World /Game/ThirdPersonBP/Maps/Level1.Level1
[2019.12.08-20.03.57:121][332]LogUObjectHash: Compacting FUObjectHashTables data took   3.23ms
[2019.12.08-20.03.57:128][332]Cmd: MAP LOAD FILE="../../../../../../Users/alumno/Desktop/Ludum/The_Shape_Shifter/MyProject/Content/ThirdPersonBP/Maps/Level1.umap" TEMPLATE=0 SHOWPROGRESS=1 FEATURELEVEL=3
[2019.12.08-20.03.57:129][332]LightingResults: New page: Lighting Build
[2019.12.08-20.03.57:135][332]LogContentBrowser: Native class hierarchy updated for 'StatsViewer' in 0.0005 seconds. Added 5 classes and 0 folders.
[2019.12.08-20.03.57:137][332]LoadErrors: New page: Loading map: Level1.umap
[2019.12.08-20.03.57:139][332]LogWorld: UWorld::CleanupWorld for Untitled, bSessionEnded=true, bCleanupResources=true
[2019.12.08-20.03.57:145][332]MapCheck: New page: Map Check
[2019.12.08-20.03.57:145][332]LightingResults: New page: Lighting Build
[2019.12.08-20.03.57:191][332]LogUObjectHash: Compacting FUObjectHashTables data took   1.91ms
[2019.12.08-20.03.57:236][332]LogPhysics: Warning: Initialising Body : Scale3D is (nearly) zero: Component: '/Game/ThirdPersonBP/Maps/Level1.Level1:PersistentLevel.ThirdPersonCharacter_167.Triangle' 
[2019.12.08-20.03.57:236][332]LogPhysics: Warning: Initialising Body : Scale3D is (nearly) zero: Component: '/Game/ThirdPersonBP/Maps/Level1.Level1:PersistentLevel.ThirdPersonCharacter_167.Sphere' 
[2019.12.08-20.03.57:583][332]LogPhysics: Warning: Initialising Body : Scale3D is (nearly) zero: Component: '/Game/ThirdPersonBP/Maps/Level1.Level1:PersistentLevel.ThirdPersonCharacter_167.Sphere' 
[2019.12.08-20.03.57:583][332]LogPhysics: Warning: Initialising Body : Scale3D is (nearly) zero: Component: '/Game/ThirdPersonBP/Maps/Level1.Level1:PersistentLevel.ThirdPersonCharacter_167.Triangle' 
[2019.12.08-20.03.57:584][332]LogPhysics: Warning: Initialising Body : Scale3D is (nearly) zero: Component: '/Game/ThirdPersonBP/Maps/Level1.Level1:PersistentLevel.ThirdPersonCharacter_167.Sphere' 
[2019.12.08-20.03.57:584][332]LogPhysics: Warning: Initialising Body : Scale3D is (nearly) zero: Component: '/Game/ThirdPersonBP/Maps/Level1.Level1:PersistentLevel.ThirdPersonCharacter_167.Triangle' 
[2019.12.08-20.03.57:584][332]LogPhysics: Warning: Initialising Body : Scale3D is (nearly) zero: Component: '/Game/ThirdPersonBP/Maps/Level1.Level1:PersistentLevel.ThirdPersonCharacter_167.Triangle' 
[2019.12.08-20.03.57:608][332]LogEditorServer: Finished looking for orphan Actors (0.000 secs)
[2019.12.08-20.03.57:661][332]LogUObjectHash: Compacting FUObjectHashTables data took   2.11ms
[2019.12.08-20.03.57:707][332]Cmd: MAP CHECKDEP NOCLEARLOG
[2019.12.08-20.03.57:708][332]MapCheck: Map check complete: 0 Error(s), 0 Warning(s), took 0.614ms to complete.
[2019.12.08-20.03.57:708][332]LogFileHelpers: Loading map 'Level1' took 0.584
[2019.12.08-20.04.47:186][240]LogEditorSessionSummary: EditorSessionSummary sent report. Type=Shutdown, SessionId={61B25F20-4D95-565B-6335-40A6070335D4}
[2019.12.08-20.28.55:374][131]LogD3D11RHI: Timed out while waiting for GPU to catch up. (0.5 s) (ErrorCode 00000001)
[2019.12.08-20.28.57:375][137]LogD3D11RHI: Timed out while waiting for GPU to catch up. (0.5 s) (ErrorCode 00000001)
[2019.12.08-20.28.57:876][138]LogD3D11RHI: Timed out while waiting for GPU to catch up. (0.5 s) (ErrorCode 00000001)
[2019.12.08-20.29.01:514][146]LogD3D11RHI: Timed out while waiting for GPU to catch up. (0.5 s) (ErrorCode 00000001)
[2019.12.08-20.29.02:016][147]LogD3D11RHI: Timed out while waiting for GPU to catch up. (0.5 s) (ErrorCode 00000001)
[2019.12.08-20.29.03:402][148]LogD3D11RHI: Timed out while waiting for GPU to catch up. (0.5 s) (ErrorCode 00000001)
[2019.12.08-20.29.27:605][419]LogTemp: Repeating last play command: New Editor Window (PIE)
[2019.12.08-20.29.27:637][419]LogBlueprintUserMessages: Early PlayInEditor Detection: Level '/Game/ThirdPersonBP/Maps/Level1.Level1:PersistentLevel' has LevelScriptBlueprint '/Game/ThirdPersonBP/Maps/Level1.Level1:PersistentLevel.Level1' with GeneratedClass '/Game/ThirdPersonBP/Maps/Level1.Level1_C' with ClassGeneratedBy '/Game/ThirdPersonBP/Maps/Level1.Level1:PersistentLevel.Level1'
[2019.12.08-20.29.27:639][419]LogPlayLevel: PlayLevel: No blueprints needed recompiling
[2019.12.08-20.29.27:643][419]PIE: New page: PIE session: Level1 (Dec 8, 2019, 10:29:27 PM)
[2019.12.08-20.29.27:648][419]LogOnline: OSS: Creating online subsystem instance for: NULL
[2019.12.08-20.29.27:651][419]LogPlayLevel: Creating play world package: /Game/ThirdPersonBP/Maps/UEDPIE_0_Level1
[2019.12.08-20.29.27:749][419]LogPlayLevel: PIE: StaticDuplicateObject took: (0.098706s)
[2019.12.08-20.29.27:753][419]LogAIModule: Creating AISystem for world Level1
[2019.12.08-20.29.27:754][419]LogPlayLevel: PIE: World Init took: (0.004829s)
[2019.12.08-20.29.27:755][419]LogPlayLevel: PIE: Created PIE world by copying editor world from /Game/ThirdPersonBP/Maps/Level1.Level1 to /Game/ThirdPersonBP/Maps/UEDPIE_0_Level1.Level1 (0.104327s)
[2019.12.08-20.29.27:786][419]LogUObjectHash: Compacting FUObjectHashTables data took   2.44ms
[2019.12.08-20.29.27:805][419]LogInit: XAudio2 using 'Speakers (Realtek High Definition Audio)' : 2 channels at 48 kHz using 32 bits per sample (channel mask 0x3)
[2019.12.08-20.29.27:876][419]LogInit: FAudioDevice initialized.
[2019.12.08-20.29.27:895][419]LogSlate: Updating window title bar state: overlay mode, drag disabled, window buttons hidden, title bar hidden
[2019.12.08-20.29.27:916][419]LogLoad: Game class is 'ThirdPersonGameMode_C'
[2019.12.08-20.29.27:971][419]LogPhysics: Warning: Initialising Body : Scale3D is (nearly) zero: Component: '/Game/ThirdPersonBP/Maps/UEDPIE_0_Level1.Level1:PersistentLevel.ThirdPersonCharacter_167.Triangle' 
[2019.12.08-20.29.27:972][419]LogPhysics: Warning: Initialising Body : Scale3D is (nearly) zero: Component: '/Game/ThirdPersonBP/Maps/UEDPIE_0_Level1.Level1:PersistentLevel.ThirdPersonCharacter_167.Sphere' 
[2019.12.08-20.29.27:972][419]LogWorld: Bringing World /Game/ThirdPersonBP/Maps/UEDPIE_0_Level1.Level1 up for play (max tick rate 0) at 2019.12.08-21.29.27
[2019.12.08-20.29.27:987][419]LogWorld: Bringing up level for play took: 0.064519
[2019.12.08-20.29.27:988][419]LogOnline: OSS: Creating online subsystem instance for: :Context_1
[2019.12.08-20.29.28:020][419]LogContentBrowser: Native class hierarchy updated for 'MovieSceneCapture' in 0.0014 seconds. Added 20 classes and 0 folders.
[2019.12.08-20.29.28:053][419]PIE: Play in editor start time for /Game/ThirdPersonBP/Maps/UEDPIE_0_Level1 0.9
[2019.12.08-20.29.28:054][419]LogBlueprintUserMessages: Late PlayInEditor Detection: Level '/Game/ThirdPersonBP/Maps/Level1.Level1:PersistentLevel' has LevelScriptBlueprint '/Game/ThirdPersonBP/Maps/Level1.Level1:PersistentLevel.Level1' with GeneratedClass '/Game/ThirdPersonBP/Maps/Level1.Level1_C' with ClassGeneratedBy '/Game/ThirdPersonBP/Maps/Level1.Level1:PersistentLevel.Level1'
[2019.12.08-20.29.28:182][420]LogRenderer: Reallocating scene render targets to support 1280x716 Format 10 NumSamples 1 (Frame:1).
[2019.12.08-20.29.54:183][954]LogNet: Browse: /Game/ThirdPersonBP/Maps/Level2
[2019.12.08-20.29.54:184][954]LogLoad: LoadMap: /Game/ThirdPersonBP/Maps/Level2
[2019.12.08-20.29.54:184][954]LogWorld: BeginTearingDown for /Game/ThirdPersonBP/Maps/UEDPIE_0_Level1
[2019.12.08-20.29.54:194][954]LogWorld: UWorld::CleanupWorld for Level1, bSessionEnded=true, bCleanupResources=true
[2019.12.08-20.29.54:242][954]LogUObjectHash: Compacting FUObjectHashTables data took   2.33ms
[2019.12.08-20.29.54:756][954]LogAIModule: Creating AISystem for world Level2
[2019.12.08-20.29.54:757][954]LogLoad: Game class is 'ThirdPersonGameMode_C'
[2019.12.08-20.29.54:784][954]LogPhysics: Warning: Initialising Body : Scale3D is (nearly) zero: Component: '/Game/ThirdPersonBP/Maps/UEDPIE_0_Level2.Level2:PersistentLevel.ThirdPersonCharacter_167.Sphere' 
[2019.12.08-20.29.54:784][954]LogPhysics: Warning: Initialising Body : Scale3D is (nearly) zero: Component: '/Game/ThirdPersonBP/Maps/UEDPIE_0_Level2.Level2:PersistentLevel.ThirdPersonCharacter_167.Triangle' 
[2019.12.08-20.29.55:062][954]LogPhysics: Warning: Initialising Body : Scale3D is (nearly) zero: Component: '/Game/ThirdPersonBP/Maps/UEDPIE_0_Level2.Level2:PersistentLevel.ThirdPersonCharacter_167.Sphere' 
[2019.12.08-20.29.55:062][954]LogPhysics: Warning: Initialising Body : Scale3D is (nearly) zero: Component: '/Game/ThirdPersonBP/Maps/UEDPIE_0_Level2.Level2:PersistentLevel.ThirdPersonCharacter_167.Triangle' 
[2019.12.08-20.29.55:063][954]LogPhysics: Warning: Initialising Body : Scale3D is (nearly) zero: Component: '/Game/ThirdPersonBP/Maps/UEDPIE_0_Level2.Level2:PersistentLevel.ThirdPersonCharacter_167.Sphere' 
[2019.12.08-20.29.55:063][954]LogPhysics: Warning: Initialising Body : Scale3D is (nearly) zero: Component: '/Game/ThirdPersonBP/Maps/UEDPIE_0_Level2.Level2:PersistentLevel.ThirdPersonCharacter_167.Triangle' 
[2019.12.08-20.29.55:063][954]LogPhysics: Warning: Initialising Body : Scale3D is (nearly) zero: Component: '/Game/ThirdPersonBP/Maps/UEDPIE_0_Level2.Level2:PersistentLevel.ThirdPersonCharacter_167.Triangle' 
[2019.12.08-20.29.55:063][954]LogWorld: Bringing World /Game/ThirdPersonBP/Maps/UEDPIE_0_Level2.Level2 up for play (max tick rate 0) at 2019.12.08-21.29.55
[2019.12.08-20.29.55:066][954]LogWorld: Bringing up level for play took: 0.307700
[2019.12.08-20.29.55:074][954]LogLoad: Took 0.889143 seconds to LoadMap(/Game/ThirdPersonBP/Maps/Level2)
[2019.12.08-20.30.26:229][933]LogBlueprintUserMessages: Early EndPlayMap Detection: Level '/Game/ThirdPersonBP/Maps/Level1.Level1:PersistentLevel' has LevelScriptBlueprint '/Game/ThirdPersonBP/Maps/Level1.Level1:PersistentLevel.Level1' with GeneratedClass '/Game/ThirdPersonBP/Maps/Level1.Level1_C' with ClassGeneratedBy '/Game/ThirdPersonBP/Maps/Level1.Level1:PersistentLevel.Level1'
[2019.12.08-20.30.26:230][933]LogSlate: Updating window title bar state: overlay mode, drag disabled, window buttons hidden, title bar hidden
[2019.12.08-20.30.26:231][933]LogWorld: BeginTearingDown for /Game/ThirdPersonBP/Maps/UEDPIE_0_Level2
[2019.12.08-20.30.26:262][933]LogSlate: Window 'MyProject Game Preview Standalone (64-bit/PCD3D_SM5)' being destroyed
[2019.12.08-20.30.26:269][933]LogWorld: UWorld::CleanupWorld for Level2, bSessionEnded=true, bCleanupResources=true
[2019.12.08-20.30.26:292][933]LogPlayLevel: Display: Shutting down PIE online subsystems
[2019.12.08-20.30.26:293][933]LogBlueprintUserMessages: Late EndPlayMap Detection: Level '/Game/ThirdPersonBP/Maps/Level1.Level1:PersistentLevel' has LevelScriptBlueprint '/Game/ThirdPersonBP/Maps/Level1.Level1:PersistentLevel.Level1' with GeneratedClass '/Game/ThirdPersonBP/Maps/Level1.Level1_C' with ClassGeneratedBy '/Game/ThirdPersonBP/Maps/Level1.Level1:PersistentLevel.Level1'
[2019.12.08-20.30.26:359][933]LogUObjectHash: Compacting FUObjectHashTables data took   2.76ms
[2019.12.08-20.30.26:377][934]LogPlayLevel: Display: Destroying online subsystem :Context_1
[2019.12.09-09.05.00:983][674]LogD3D11RHI: Timed out while waiting for GPU to catch up. (500 ms)
[2019.12.09-09.05.19:206][708]LogInit: XAudio2 using 'NVIDIA HDMI Out (NVIDIA Virtual Audio Device (Wave Extensible) (WDM))' : 2 channels at 48 kHz using 16 bits per sample (channel mask 0x3)
[2019.12.09-09.05.19:571][708]LogAudio: Warning: Current Audio Device with ID {0.0.0.00000000}.{94f0aa29-b2c6-4837-bd61-c294d955b7b9} was removed. Shutting down audio device.
[2019.12.09-09.05.19:799][708]LogAudio: Error: CreateMasteringVoice error: Device Invalidated
[2019.12.09-09.05.19:799][708]LogInit: Warning: Failed to create the mastering voice for XAudio2
[2019.12.09-09.05.19:824][709]LogInit: XAudio2 using 'Speakers (Realtek High Definition Audio)' : 2 channels at 48 kHz using 32 bits per sample (channel mask 0x3)
[2019.12.09-09.05.24:661][722]LogHttp: Warning: 000001957ED39440: invalid HTTP response code received. URL: https://datarouter.ol.epicgames.com/datarouter/api/v1/public/data?SessionID=%7BE146087A-48C2-D457-6E90-A3A3801FFEFC%7D&AppID=UEEditor.Rocket.Release&AppVersion=4.23.1-9631420%2B%2B%2BUE4%2BRelease-4.23&UserID=4e3dd2f04878d539647a0c98f76999a4%7C1d69c530cb0c49b5a42df916eb8a3791%7C3fce1f44-46f7-4821-af5e-a7644f821b9a&AppEnvironment=datacollector-binary&UploadType=eteventstream, HTTP code: 0, content length: -1, actual payload size: 0
[2019.12.09-09.05.24:661][722]LogHttp: Warning: 000001957ED39440: request failed, libcurl error: 56 (Failure when receiving data from the peer)
[2019.12.09-09.05.24:662][722]LogHttp: Warning: 000001957ED39440: libcurl info message cache 0 (Found bundle for host datarouter.ol.epicgames.com: 0x1952ce7bf70 [can pipeline])
[2019.12.09-09.05.24:662][722]LogHttp: Warning: 000001957ED39440: libcurl info message cache 1 (Re-using existing connection! (#50) with host datarouter.ol.epicgames.com)
[2019.12.09-09.05.24:662][722]LogHttp: Warning: 000001957ED39440: libcurl info message cache 2 (Connected to datarouter.ol.epicgames.com (107.23.22.136) port 443 (#50))
[2019.12.09-09.05.24:662][722]LogHttp: Warning: 000001957ED39440: libcurl info message cache 3 (We are completely uploaded and fine)
[2019.12.09-09.05.24:662][722]LogHttp: Warning: 000001957ED39440: libcurl info message cache 4 (OpenSSL SSL_read: SSL_ERROR_SYSCALL, errno 10054)
[2019.12.09-09.05.24:662][722]LogHttp: Warning: 000001957ED39440: libcurl info message cache 5 (Connection died, retrying a fresh connect)
[2019.12.09-09.05.24:662][722]LogHttp: Warning: 000001957ED39440: libcurl info message cache 6 (necessary data rewind wasn't possible)
[2019.12.09-09.05.24:662][722]LogHttp: Warning: 000001957ED39440: libcurl info message cache 7 (Closing connection 50)
[2019.12.09-09.05.24:663][722]LogHttp: Warning: Retry exhausted on https://datarouter.ol.epicgames.com/datarouter/api/v1/public/data?SessionID=%7BE146087A-48C2-D457-6E90-A3A3801FFEFC%7D&AppID=UEEditor.Rocket.Release&AppVersion=4.23.1-9631420%2B%2B%2BUE4%2BRelease-4.23&UserID=4e3dd2f04878d539647a0c98f76999a4%7C1d69c530cb0c49b5a42df916eb8a3791%7C3fce1f44-46f7-4821-af5e-a7644f821b9a&AppEnvironment=datacollector-binary&UploadType=eteventstream
[2019.12.09-09.48.48:956][718]LogInit: XAudio2 using 'NVIDIA HDMI Out (NVIDIA Virtual Audio Device (Wave Extensible) (WDM))' : 2 channels at 48 kHz using 16 bits per sample (channel mask 0x3)
[2019.12.09-09.48.48:982][718]LogAudio: Error: CreateMasteringVoice error: Device Invalidated
[2019.12.09-09.48.48:982][718]LogInit: Warning: Failed to create the mastering voice for XAudio2
[2019.12.09-09.48.49:045][719]LogAudio: Warning: Current Audio Device with ID {0.0.0.00000000}.{94f0aa29-b2c6-4837-bd61-c294d955b7b9} was removed. Shutting down audio device.
[2019.12.09-09.48.49:139][719]LogInit: XAudio2 using 'Speakers (Realtek High Definition Audio)' : 2 channels at 48 kHz using 32 bits per sample (channel mask 0x3)
