Log file open, 12/09/19 13:00:54
LogWindows: Failed to load 'aqProf.dll' (GetLastError=126)
LogWindows: File 'aqProf.dll' does not exist
LogWindows: Failed to load 'VtuneApi.dll' (GetLastError=126)
LogWindows: File 'VtuneApi.dll' does not exist
LogWindows: Failed to load 'VtuneApi32e.dll' (GetLastError=126)
LogWindows: File 'VtuneApi32e.dll' does not exist
LogConsoleResponse: Display: Failed to find resolution value strings in scalability ini. Falling back to default.
LogInit: Display: Running engine for game: MyProject
LogPlatformFile: Not using cached read wrapper
LogTaskGraph: Started task graph with 5 named threads and 23 total threads with 3 sets of task threads.
LogStats: Stats thread started at 0.183998
LogD3D11RHI: Loaded GFSDK_Aftermath_Lib.x64.dll
LogICUInternationalization: ICU TimeZone Detection - Raw Offset: +1:00, Platform Override: ''
LogPluginManager: Mounting plugin Paper2D
LogPluginManager: Mounting plugin AISupport
LogPluginManager: Mounting plugin LightPropagationVolume
LogPluginManager: Mounting plugin ActorLayerUtilities
LogPluginManager: Mounting plugin AnimationSharing
LogPluginManager: Mounting plugin CLionSourceCodeAccess
LogPluginManager: Mounting plugin CodeLiteSourceCodeAccess
LogPluginManager: Mounting plugin GitSourceControl
LogPluginManager: Mounting plugin KDevelopSourceCodeAccess
LogPluginManager: Mounting plugin NullSourceCodeAccess
LogPluginManager: Mounting plugin PerforceSourceControl
LogPluginManager: Mounting plugin SubversionSourceControl
LogPluginManager: Mounting plugin UObjectPlugin
LogPluginManager: Mounting plugin VisualStudioCodeSourceCodeAccess
LogPluginManager: Mounting plugin VisualStudioSourceCodeAccess
LogPluginManager: Mounting plugin XCodeSourceCodeAccess
LogPluginManager: Mounting plugin AssetManagerEditor
LogPluginManager: Mounting plugin CryptoKeys
LogPluginManager: Mounting plugin CurveEditorTools
LogPluginManager: Mounting plugin DataValidation
LogPluginManager: Mounting plugin FacialAnimation
LogPluginManager: Mounting plugin GameplayTagsEditor
LogPluginManager: Mounting plugin MacGraphicsSwitching
LogPluginManager: Mounting plugin MaterialAnalyzer
LogPluginManager: Mounting plugin MobileLauncherProfileWizard
LogPluginManager: Mounting plugin PluginBrowser
LogPluginManager: Mounting plugin SpeedTreeImporter
LogPluginManager: Mounting plugin DatasmithContent
LogPluginManager: Mounting plugin VariantManagerContent
LogPluginManager: Mounting plugin AlembicImporter
LogPluginManager: Mounting plugin AutomationUtils
LogPluginManager: Mounting plugin BackChannel
LogPluginManager: Mounting plugin CharacterAI
LogPluginManager: Mounting plugin GeometryCache
LogPluginManager: Mounting plugin HTML5Networking
LogPluginManager: Mounting plugin PlatformCrypto
LogPluginManager: Mounting plugin ProxyLODPlugin
LogPluginManager: Mounting plugin SkeletalReduction
LogPluginManager: Mounting plugin MagicLeap
LogPluginManager: Mounting plugin MagicLeapMedia
LogPluginManager: Mounting plugin AndroidMedia
LogPluginManager: Mounting plugin AvfMedia
LogPluginManager: Mounting plugin ImgMedia
LogPluginManager: Mounting plugin MediaCompositing
LogPluginManager: Mounting plugin MediaPlayerEditor
LogPluginManager: Mounting plugin WebMMedia
LogPluginManager: Mounting plugin WmfMedia
LogPluginManager: Mounting plugin TcpMessaging
LogPluginManager: Mounting plugin UdpMessaging
LogPluginManager: Mounting plugin ActorSequence
LogPluginManager: Mounting plugin LevelSequenceEditor
LogPluginManager: Mounting plugin MatineeToLevelSequence
LogPluginManager: Mounting plugin NetcodeUnitTest
LogPluginManager: Mounting plugin NUTUnrealEngine4
LogPluginManager: Mounting plugin OnlineSubsystemGooglePlay
LogPluginManager: Mounting plugin OnlineSubsystemIOS
LogPluginManager: Mounting plugin OnlineSubsystem
LogPluginManager: Mounting plugin OnlineSubsystemNull
LogPluginManager: Mounting plugin OnlineSubsystemUtils
LogPluginManager: Mounting plugin LauncherChunkInstaller
LogPluginManager: Mounting plugin AndroidDeviceProfileSelector
LogPluginManager: Mounting plugin AndroidMoviePlayer
LogPluginManager: Mounting plugin AndroidPermission
LogPluginManager: Mounting plugin AppleImageUtils
LogPluginManager: Mounting plugin AppleMoviePlayer
LogPluginManager: Mounting plugin ArchVisCharacter
LogPluginManager: Mounting plugin AudioCapture
LogPluginManager: Mounting plugin CableComponent
LogPluginManager: Mounting plugin CustomMeshComponent
LogPluginManager: Mounting plugin EditableMesh
LogPluginManager: Mounting plugin ExampleDeviceProfileSelector
LogPluginManager: Mounting plugin GoogleCloudMessaging
LogPluginManager: Mounting plugin IOSDeviceProfileSelector
LogPluginManager: Mounting plugin LinuxDeviceProfileSelector
LogPluginManager: Mounting plugin LocationServicesBPLibrary
LogPluginManager: Mounting plugin MobilePatchingUtils
LogPluginManager: Mounting plugin OculusVR
LogPluginManager: Mounting plugin PhysXVehicles
LogPluginManager: Mounting plugin ProceduralMeshComponent
LogPluginManager: Mounting plugin RuntimePhysXCooking
LogPluginManager: Mounting plugin SignificanceManager
LogPluginManager: Mounting plugin SteamVR
LogPluginManager: Mounting plugin WebMMoviePlayer
LogPluginManager: Mounting plugin WindowsMoviePlayer
LogPluginManager: Mounting plugin ScreenshotTools
LogInit: Using libcurl 7.55.1-DEV
LogInit:  - built for x86_64-pc-win32
LogInit:  - supports SSL with OpenSSL/1.1.1
LogInit:  - supports HTTP deflate (compression) using libz 1.2.8
LogInit:  - other features:
LogInit:      CURL_VERSION_SSL
LogInit:      CURL_VERSION_LIBZ
LogInit:      CURL_VERSION_IPV6
LogInit:      CURL_VERSION_ASYNCHDNS
LogInit:      CURL_VERSION_LARGEFILE
LogInit:      CURL_VERSION_IDN
LogInit:  CurlRequestOptions (configurable via config and command line):
LogInit:  - bVerifyPeer = true  - Libcurl will verify peer certificate
LogInit:  - bUseHttpProxy = false  - Libcurl will NOT use HTTP proxy
LogInit:  - bDontReuseConnections = false  - Libcurl will reuse connections
LogInit:  - MaxHostConnections = 16  - Libcurl will limit the number of connections to a host
LogInit:  - LocalHostAddr = Default
LogInit:  - BufferSize = 65536
LogOnline: OSS: Creating online subsystem instance for: NULL
LogInit: WinSock: version 1.1 (2.2), MaxSocks=32767, MaxUdp=65467
LogInit: Build: ++UE4+Release-4.23-CL-9631420
LogInit: Engine Version: 4.23.1-9631420+++UE4+Release-4.23
LogInit: Compatible Engine Version: 4.23.0-8386587+++UE4+Release-4.23
LogInit: Net CL: 8386587
LogInit: OS: Windows 10 (Release 1809) (), CPU: Intel(R) Core(TM) i7-6700HQ CPU @ 2.60GHz, GPU: Microsoft Basic Display Adapter
LogInit: Compiled (64-bit): Oct 18 2019 02:07:44
LogInit: Compiled with Visual C++: 19.16.27030.01
LogInit: Build Configuration: Development
LogInit: Branch Name: ++UE4+Release-4.23
LogInit: Command Line: 
LogInit: Base Directory: C:/Program Files/Epic Games/UE_4.23/Engine/Binaries/Win64/
LogInit: Installed Engine Build: 1
LogDevObjectVersion: Number of dev versions registered: 23
LogDevObjectVersion:   Dev-Blueprints (B0D832E4-1F89-4F0D-ACCF-7EB736FD4AA2): 10
LogDevObjectVersion:   Dev-Build (E1C64328-A22C-4D53-A36C-8E866417BD8C): 0
LogDevObjectVersion:   Dev-Core (375EC13C-06E4-48FB-B500-84F0262A717E): 3
LogDevObjectVersion:   Dev-Editor (E4B068ED-F494-42E9-A231-DA0B2E46BB41): 34
LogDevObjectVersion:   Dev-Framework (CFFC743F-43B0-4480-9391-14DF171D2073): 35
LogDevObjectVersion:   Dev-Mobile (B02B49B5-BB20-44E9-A304-32B752E40360): 2
LogDevObjectVersion:   Dev-Networking (A4E4105C-59A1-49B5-A7C5-40C4547EDFEE): 0
LogDevObjectVersion:   Dev-Online (39C831C9-5AE6-47DC-9A44-9C173E1C8E7C): 0
LogDevObjectVersion:   Dev-Physics (78F01B33-EBEA-4F98-B9B4-84EACCB95AA2): 0
LogDevObjectVersion:   Dev-Platform (6631380F-2D4D-43E0-8009-CF276956A95A): 0
LogDevObjectVersion:   Dev-Rendering (12F88B9F-8875-4AFC-A67C-D90C383ABD29): 31
LogDevObjectVersion:   Dev-Sequencer (7B5AE74C-D270-4C10-A958-57980B212A5A): 11
LogDevObjectVersion:   Dev-VR (D7296918-1DD6-4BDD-9DE2-64A83CC13884): 2
LogDevObjectVersion:   Dev-LoadTimes (C2A15278-BFE7-4AFE-6C17-90FF531DF755): 1
LogDevObjectVersion:   Private-Geometry (6EACA3D4-40EC-4CC1-B786-8BED09428FC5): 3
LogDevObjectVersion:   Dev-AnimPhys (29E575DD-E0A3-4627-9D10-D276232CDCEA): 17
LogDevObjectVersion:   Dev-Anim (AF43A65D-7FD3-4947-9873-3E8ED9C1BB05): 2
LogDevObjectVersion:   Dev-ReflectionCapture (6B266CEC-1EC7-4B8F-A30B-E4D90942FC07): 1
LogDevObjectVersion:   Dev-Automation (0DF73D61-A23F-47EA-B727-89E90C41499A): 1
LogDevObjectVersion:   FortniteMain (601D1886-AC64-4F84-AA16-D3DE0DEAC7D6): 27
LogDevObjectVersion:   Dev-Enterprise (9DFFBCD6-494F-0158-E221-12823C92A888): 6
LogDevObjectVersion:   Dev-Niagara (F2AED0AC-9AFE-416F-8664-AA7FFA26D6FC): 1
LogDevObjectVersion:   Dev-Destruction (174F1F0B-B4C6-45A5-B13F-2EE8D0FB917D): 9
LogInit: Presizing for max 16777216 objects, including 0 objects not considered by GC, pre-allocating 0 bytes for permanent pool.
LogInit: Object subsystem initialized
LogConfig: Setting CVar [[con.DebugEarlyDefault:1]]
LogConfig: Setting CVar [[r.setres:1280x720]]
[2019.12.09-12.00.54:939][  0]LogConfig: Setting CVar [[r.VSync:0]]
[2019.12.09-12.00.54:939][  0]LogConfig: Setting CVar [[r.RHICmdBypass:0]]
[2019.12.09-12.00.54:939][  0]LogConfig: Applying CVar settings from Section [/Script/Engine.RendererSettings] File [C:/Users/alumno/Desktop/Ludum/The_Shape_Shifter/MyProject/Saved/Config/Windows/Engine.ini]
[2019.12.09-12.00.54:939][  0]LogConfig: Setting CVar [[r.GPUCrashDebugging:0]]
[2019.12.09-12.00.54:939][  0]LogConfig: Applying CVar settings from Section [/Script/Engine.RendererOverrideSettings] File [C:/Users/alumno/Desktop/Ludum/The_Shape_Shifter/MyProject/Saved/Config/Windows/Engine.ini]
[2019.12.09-12.00.54:939][  0]LogConfig: Applying CVar settings from Section [/Script/Engine.StreamingSettings] File [C:/Users/alumno/Desktop/Ludum/The_Shape_Shifter/MyProject/Saved/Config/Windows/Engine.ini]
[2019.12.09-12.00.54:939][  0]LogConfig: Setting CVar [[s.MinBulkDataSizeForAsyncLoading:131072]]
[2019.12.09-12.00.54:939][  0]LogConfig: Setting CVar [[s.AsyncLoadingThreadEnabled:0]]
[2019.12.09-12.00.54:939][  0]LogConfig: Setting CVar [[s.EventDrivenLoaderEnabled:1]]
[2019.12.09-12.00.54:939][  0]LogConfig: Setting CVar [[s.WarnIfTimeLimitExceeded:0]]
[2019.12.09-12.00.54:939][  0]LogConfig: Setting CVar [[s.TimeLimitExceededMultiplier:1.5]]
[2019.12.09-12.00.54:939][  0]LogConfig: Setting CVar [[s.TimeLimitExceededMinTime:0.005]]
[2019.12.09-12.00.54:939][  0]LogConfig: Setting CVar [[s.UseBackgroundLevelStreaming:1]]
[2019.12.09-12.00.54:940][  0]LogConfig: Setting CVar [[s.PriorityAsyncLoadingExtraTime:15.0]]
[2019.12.09-12.00.54:940][  0]LogConfig: Setting CVar [[s.LevelStreamingActorsUpdateTimeLimit:5.0]]
[2019.12.09-12.00.54:940][  0]LogConfig: Setting CVar [[s.PriorityLevelStreamingActorsUpdateExtraTime:5.0]]
[2019.12.09-12.00.54:940][  0]LogConfig: Setting CVar [[s.LevelStreamingComponentsRegistrationGranularity:10]]
[2019.12.09-12.00.54:940][  0]LogConfig: Setting CVar [[s.UnregisterComponentsTimeLimit:1.0]]
[2019.12.09-12.00.54:940][  0]LogConfig: Setting CVar [[s.LevelStreamingComponentsUnregistrationGranularity:5]]
[2019.12.09-12.00.54:940][  0]LogConfig: Applying CVar settings from Section [/Script/Engine.GarbageCollectionSettings] File [C:/Users/alumno/Desktop/Ludum/The_Shape_Shifter/MyProject/Saved/Config/Windows/Engine.ini]
[2019.12.09-12.00.54:940][  0]LogConfig: Setting CVar [[gc.MaxObjectsNotConsideredByGC:1]]
[2019.12.09-12.00.54:940][  0]LogConfig: Setting CVar [[gc.SizeOfPermanentObjectPool:0]]
[2019.12.09-12.00.54:940][  0]LogConfig: Setting CVar [[gc.FlushStreamingOnGC:0]]
[2019.12.09-12.00.54:940][  0]LogConfig: Setting CVar [[gc.NumRetriesBeforeForcingGC:10]]
[2019.12.09-12.00.54:940][  0]LogConfig: Setting CVar [[gc.AllowParallelGC:1]]
[2019.12.09-12.00.54:940][  0]LogConfig: Setting CVar [[gc.TimeBetweenPurgingPendingKillObjects:61.1]]
[2019.12.09-12.00.54:940][  0]LogConfig: Setting CVar [[gc.MaxObjectsInEditor:16777216]]
[2019.12.09-12.00.54:940][  0]LogConfig: Setting CVar [[gc.IncrementalBeginDestroyEnabled:1]]
[2019.12.09-12.00.54:940][  0]LogConfig: Setting CVar [[gc.CreateGCClusters:1]]
[2019.12.09-12.00.54:940][  0]LogConfig: Setting CVar [[gc.MinGCClusterSize:5]]
[2019.12.09-12.00.54:940][  0]LogConfig: Setting CVar [[gc.ActorClusteringEnabled:0]]
[2019.12.09-12.00.54:940][  0]LogConfig: Setting CVar [[gc.BlueprintClusteringEnabled:0]]
[2019.12.09-12.00.54:940][  0]LogConfig: Setting CVar [[gc.UseDisregardForGCOnDedicatedServers:0]]
[2019.12.09-12.00.54:940][  0]LogConfig: Applying CVar settings from Section [/Script/Engine.NetworkSettings] File [C:/Users/alumno/Desktop/Ludum/The_Shape_Shifter/MyProject/Saved/Config/Windows/Engine.ini]
[2019.12.09-12.00.54:940][  0]LogConfig: Applying CVar settings from Section [/Script/UnrealEd.CookerSettings] File [C:/Users/alumno/Desktop/Ludum/The_Shape_Shifter/MyProject/Saved/Config/Windows/Engine.ini]
[2019.12.09-12.00.54:942][  0]LogConfig: Applying CVar settings from Section [ViewDistanceQuality@3] File [C:/Users/alumno/Desktop/Ludum/The_Shape_Shifter/MyProject/Saved/Config/Windows/Scalability.ini]
[2019.12.09-12.00.54:942][  0]LogConfig: Setting CVar [[r.SkeletalMeshLODBias:0]]
[2019.12.09-12.00.54:942][  0]LogConfig: Setting CVar [[r.ViewDistanceScale:1.0]]
[2019.12.09-12.00.54:942][  0]LogConfig: Applying CVar settings from Section [AntiAliasingQuality@3] File [C:/Users/alumno/Desktop/Ludum/The_Shape_Shifter/MyProject/Saved/Config/Windows/Scalability.ini]
[2019.12.09-12.00.54:942][  0]LogConfig: Setting CVar [[r.PostProcessAAQuality:4]]
[2019.12.09-12.00.54:942][  0]LogConfig: Applying CVar settings from Section [ShadowQuality@3] File [C:/Users/alumno/Desktop/Ludum/The_Shape_Shifter/MyProject/Saved/Config/Windows/Scalability.ini]
[2019.12.09-12.00.54:942][  0]LogConfig: Setting CVar [[r.LightFunctionQuality:1]]
[2019.12.09-12.00.54:942][  0]LogConfig: Setting CVar [[r.ShadowQuality:5]]
[2019.12.09-12.00.54:942][  0]LogConfig: Setting CVar [[r.Shadow.CSM.MaxCascades:10]]
[2019.12.09-12.00.54:942][  0]LogConfig: Setting CVar [[r.Shadow.MaxResolution:2048]]
[2019.12.09-12.00.54:942][  0]LogConfig: Setting CVar [[r.Shadow.MaxCSMResolution:2048]]
[2019.12.09-12.00.54:942][  0]LogConfig: Setting CVar [[r.Shadow.RadiusThreshold:0.01]]
[2019.12.09-12.00.54:942][  0]LogConfig: Setting CVar [[r.Shadow.DistanceScale:1.0]]
[2019.12.09-12.00.54:942][  0]LogConfig: Setting CVar [[r.Shadow.CSM.TransitionScale:1.0]]
[2019.12.09-12.00.54:942][  0]LogConfig: Setting CVar [[r.Shadow.PreShadowResolutionFactor:1.0]]
[2019.12.09-12.00.54:942][  0]LogConfig: Setting CVar [[r.DistanceFieldShadowing:1]]
[2019.12.09-12.00.54:942][  0]LogConfig: Setting CVar [[r.DistanceFieldAO:1]]
[2019.12.09-12.00.54:942][  0]LogConfig: Setting CVar [[r.AOQuality:2]]
[2019.12.09-12.00.54:942][  0]LogConfig: Setting CVar [[r.VolumetricFog:1]]
[2019.12.09-12.00.54:942][  0]LogConfig: Setting CVar [[r.VolumetricFog.GridPixelSize:8]]
[2019.12.09-12.00.54:942][  0]LogConfig: Setting CVar [[r.VolumetricFog.GridSizeZ:128]]
[2019.12.09-12.00.54:942][  0]LogConfig: Setting CVar [[r.VolumetricFog.HistoryMissSupersampleCount:4]]
[2019.12.09-12.00.54:942][  0]LogConfig: Setting CVar [[r.LightMaxDrawDistanceScale:1]]
[2019.12.09-12.00.54:942][  0]LogConfig: Setting CVar [[r.CapsuleShadows:1]]
[2019.12.09-12.00.54:942][  0]LogConfig: Applying CVar settings from Section [PostProcessQuality@3] File [C:/Users/alumno/Desktop/Ludum/The_Shape_Shifter/MyProject/Saved/Config/Windows/Scalability.ini]
[2019.12.09-12.00.54:942][  0]LogConfig: Setting CVar [[r.MotionBlurQuality:4]]
[2019.12.09-12.00.54:942][  0]LogConfig: Setting CVar [[r.AmbientOcclusionMipLevelFactor:0.4]]
[2019.12.09-12.00.54:942][  0]LogConfig: Setting CVar [[r.AmbientOcclusionMaxQuality:100]]
[2019.12.09-12.00.54:942][  0]LogConfig: Setting CVar [[r.AmbientOcclusionLevels:-1]]
[2019.12.09-12.00.54:942][  0]LogConfig: Setting CVar [[r.AmbientOcclusionRadiusScale:1.0]]
[2019.12.09-12.00.54:942][  0]LogConfig: Setting CVar [[r.DepthOfFieldQuality:2]]
[2019.12.09-12.00.54:942][  0]LogConfig: Setting CVar [[r.RenderTargetPoolMin:400]]
[2019.12.09-12.00.54:942][  0]LogConfig: Setting CVar [[r.LensFlareQuality:2]]
[2019.12.09-12.00.54:942][  0]LogConfig: Setting CVar [[r.SceneColorFringeQuality:1]]
[2019.12.09-12.00.54:943][  0]LogConfig: Setting CVar [[r.EyeAdaptationQuality:2]]
[2019.12.09-12.00.54:943][  0]LogConfig: Setting CVar [[r.BloomQuality:5]]
[2019.12.09-12.00.54:943][  0]LogConfig: Setting CVar [[r.FastBlurThreshold:100]]
[2019.12.09-12.00.54:943][  0]LogConfig: Setting CVar [[r.Upscale.Quality:3]]
[2019.12.09-12.00.54:943][  0]LogConfig: Setting CVar [[r.Tonemapper.GrainQuantization:1]]
[2019.12.09-12.00.54:943][  0]LogConfig: Setting CVar [[r.LightShaftQuality:1]]
[2019.12.09-12.00.54:943][  0]LogConfig: Setting CVar [[r.Filter.SizeScale:1]]
[2019.12.09-12.00.54:943][  0]LogConfig: Setting CVar [[r.Tonemapper.Quality:5]]
[2019.12.09-12.00.54:943][  0]LogConfig: Setting CVar [[r.DOF.Gather.AccumulatorQuality:1        ; higher gathering accumulator quality]]
[2019.12.09-12.00.54:943][  0]LogConfig: Setting CVar [[r.DOF.Gather.PostfilterMethod:1          ; Median3x3 postfilering method]]
[2019.12.09-12.00.54:943][  0]LogConfig: Setting CVar [[r.DOF.Gather.EnableBokehSettings:0       ; no bokeh simulation when gathering]]
[2019.12.09-12.00.54:943][  0]LogConfig: Setting CVar [[r.DOF.Gather.RingCount:4                 ; medium number of samples when gathering]]
[2019.12.09-12.00.54:943][  0]LogConfig: Setting CVar [[r.DOF.Scatter.ForegroundCompositing:1    ; additive foreground scattering]]
[2019.12.09-12.00.54:943][  0]LogConfig: Setting CVar [[r.DOF.Scatter.BackgroundCompositing:2    ; additive background scattering]]
[2019.12.09-12.00.54:943][  0]LogConfig: Setting CVar [[r.DOF.Scatter.EnableBokehSettings:1      ; bokeh simulation when scattering]]
[2019.12.09-12.00.54:943][  0]LogConfig: Setting CVar [[r.DOF.Scatter.MaxSpriteRatio:0.1         ; only a maximum of 10% of scattered bokeh]]
[2019.12.09-12.00.54:943][  0]LogConfig: Setting CVar [[r.DOF.Recombine.Quality:1                ; cheap slight out of focus]]
[2019.12.09-12.00.54:943][  0]LogConfig: Setting CVar [[r.DOF.Recombine.EnableBokehSettings:0    ; no bokeh simulation on slight out of focus]]
[2019.12.09-12.00.54:943][  0]LogConfig: Setting CVar [[r.DOF.TemporalAAQuality:1                ; more stable temporal accumulation]]
[2019.12.09-12.00.54:943][  0]LogConfig: Setting CVar [[r.DOF.Kernel.MaxForegroundRadius:0.025]]
[2019.12.09-12.00.54:943][  0]LogConfig: Setting CVar [[r.DOF.Kernel.MaxBackgroundRadius:0.025]]
[2019.12.09-12.00.54:943][  0]LogConfig: Applying CVar settings from Section [TextureQuality@3] File [C:/Users/alumno/Desktop/Ludum/The_Shape_Shifter/MyProject/Saved/Config/Windows/Scalability.ini]
[2019.12.09-12.00.54:943][  0]LogConfig: Setting CVar [[r.Streaming.MipBias:0]]
[2019.12.09-12.00.54:943][  0]LogConfig: Setting CVar [[r.Streaming.AmortizeCPUToGPUCopy:0]]
[2019.12.09-12.00.54:943][  0]LogConfig: Setting CVar [[r.Streaming.MaxNumTexturesToStreamPerFrame:0]]
[2019.12.09-12.00.54:943][  0]LogConfig: Setting CVar [[r.Streaming.Boost:1]]
[2019.12.09-12.00.54:943][  0]LogConfig: Setting CVar [[r.MaxAnisotropy:8]]
[2019.12.09-12.00.54:943][  0]LogConfig: Setting CVar [[r.Streaming.LimitPoolSizeToVRAM:0]]
[2019.12.09-12.00.54:943][  0]LogConfig: Setting CVar [[r.Streaming.PoolSize:1000]]
[2019.12.09-12.00.54:943][  0]LogConfig: Setting CVar [[r.Streaming.MaxEffectiveScreenSize:0]]
[2019.12.09-12.00.54:943][  0]LogConfig: Applying CVar settings from Section [EffectsQuality@3] File [C:/Users/alumno/Desktop/Ludum/The_Shape_Shifter/MyProject/Saved/Config/Windows/Scalability.ini]
[2019.12.09-12.00.54:943][  0]LogConfig: Setting CVar [[r.TranslucencyLightingVolumeDim:64]]
[2019.12.09-12.00.54:943][  0]LogConfig: Setting CVar [[r.RefractionQuality:2]]
[2019.12.09-12.00.54:943][  0]LogConfig: Setting CVar [[r.SSR.Quality:3]]
[2019.12.09-12.00.54:943][  0]LogConfig: Setting CVar [[r.SceneColorFormat:4]]
[2019.12.09-12.00.54:943][  0]LogConfig: Setting CVar [[r.DetailMode:2]]
[2019.12.09-12.00.54:943][  0]LogConfig: Setting CVar [[r.TranslucencyVolumeBlur:1]]
[2019.12.09-12.00.54:943][  0]LogConfig: Setting CVar [[r.MaterialQualityLevel:1 ; High quality]]
[2019.12.09-12.00.54:943][  0]LogConfig: Setting CVar [[r.SSS.Scale:1]]
[2019.12.09-12.00.54:943][  0]LogConfig: Setting CVar [[r.SSS.SampleSet:2]]
[2019.12.09-12.00.54:943][  0]LogConfig: Setting CVar [[r.SSS.Quality:1]]
[2019.12.09-12.00.54:943][  0]LogConfig: Setting CVar [[r.SSS.HalfRes:1]]
[2019.12.09-12.00.54:943][  0]LogConfig: Setting CVar [[r.EmitterSpawnRateScale:1.0]]
[2019.12.09-12.00.54:943][  0]LogConfig: Setting CVar [[r.ParticleLightQuality:2]]
[2019.12.09-12.00.54:943][  0]LogConfig: Applying CVar settings from Section [FoliageQuality@3] File [C:/Users/alumno/Desktop/Ludum/The_Shape_Shifter/MyProject/Saved/Config/Windows/Scalability.ini]
[2019.12.09-12.00.54:943][  0]LogConfig: Setting CVar [[foliage.DensityScale:1.0]]
[2019.12.09-12.00.54:943][  0]LogConfig: Setting CVar [[grass.DensityScale:1.0]]
[2019.12.09-12.00.54:943][  0]LogInit: Selected Device Profile: [Windows]
[2019.12.09-12.00.54:943][  0]LogInit: Applying CVar settings loaded from the selected device profile: [Windows]
[2019.12.09-12.00.54:959][  0]LogHAL: Display: Platform has ~ 8 GB [8460308480 / 8589934592 / 8], which maps to Default [LargestMinGB=32, LargerMinGB=12, DefaultMinGB=8, SmallerMinGB=6, SmallestMinGB=0)
[2019.12.09-12.00.54:959][  0]LogInit: Going up to parent DeviceProfile []
[2019.12.09-12.00.54:959][  0]LogConfig: Applying CVar settings from Section [ViewDistanceQuality@3] File [C:/Users/alumno/Desktop/Ludum/The_Shape_Shifter/MyProject/Saved/Config/Windows/Scalability.ini]
[2019.12.09-12.00.54:959][  0]LogConfig: Setting CVar [[r.SkeletalMeshLODBias:0]]
[2019.12.09-12.00.54:959][  0]LogConfig: Setting CVar [[r.ViewDistanceScale:1.0]]
[2019.12.09-12.00.54:959][  0]LogConfig: Applying CVar settings from Section [AntiAliasingQuality@3] File [C:/Users/alumno/Desktop/Ludum/The_Shape_Shifter/MyProject/Saved/Config/Windows/Scalability.ini]
[2019.12.09-12.00.54:959][  0]LogConfig: Setting CVar [[r.PostProcessAAQuality:4]]
[2019.12.09-12.00.54:959][  0]LogConfig: Applying CVar settings from Section [ShadowQuality@3] File [C:/Users/alumno/Desktop/Ludum/The_Shape_Shifter/MyProject/Saved/Config/Windows/Scalability.ini]
[2019.12.09-12.00.54:959][  0]LogConfig: Setting CVar [[r.LightFunctionQuality:1]]
[2019.12.09-12.00.54:959][  0]LogConfig: Setting CVar [[r.ShadowQuality:5]]
[2019.12.09-12.00.54:959][  0]LogConfig: Setting CVar [[r.Shadow.CSM.MaxCascades:10]]
[2019.12.09-12.00.54:959][  0]LogConfig: Setting CVar [[r.Shadow.MaxResolution:2048]]
[2019.12.09-12.00.54:959][  0]LogConfig: Setting CVar [[r.Shadow.MaxCSMResolution:2048]]
[2019.12.09-12.00.54:959][  0]LogConfig: Setting CVar [[r.Shadow.RadiusThreshold:0.01]]
[2019.12.09-12.00.54:959][  0]LogConfig: Setting CVar [[r.Shadow.DistanceScale:1.0]]
[2019.12.09-12.00.54:959][  0]LogConfig: Setting CVar [[r.Shadow.CSM.TransitionScale:1.0]]
[2019.12.09-12.00.54:959][  0]LogConfig: Setting CVar [[r.Shadow.PreShadowResolutionFactor:1.0]]
[2019.12.09-12.00.54:959][  0]LogConfig: Setting CVar [[r.DistanceFieldShadowing:1]]
[2019.12.09-12.00.54:959][  0]LogConfig: Setting CVar [[r.DistanceFieldAO:1]]
[2019.12.09-12.00.54:960][  0]LogConfig: Setting CVar [[r.AOQuality:2]]
[2019.12.09-12.00.54:960][  0]LogConfig: Setting CVar [[r.VolumetricFog:1]]
[2019.12.09-12.00.54:960][  0]LogConfig: Setting CVar [[r.VolumetricFog.GridPixelSize:8]]
[2019.12.09-12.00.54:960][  0]LogConfig: Setting CVar [[r.VolumetricFog.GridSizeZ:128]]
[2019.12.09-12.00.54:960][  0]LogConfig: Setting CVar [[r.VolumetricFog.HistoryMissSupersampleCount:4]]
[2019.12.09-12.00.54:960][  0]LogConfig: Setting CVar [[r.LightMaxDrawDistanceScale:1]]
[2019.12.09-12.00.54:960][  0]LogConfig: Setting CVar [[r.CapsuleShadows:1]]
[2019.12.09-12.00.54:960][  0]LogConfig: Applying CVar settings from Section [PostProcessQuality@3] File [C:/Users/alumno/Desktop/Ludum/The_Shape_Shifter/MyProject/Saved/Config/Windows/Scalability.ini]
[2019.12.09-12.00.54:960][  0]LogConfig: Setting CVar [[r.MotionBlurQuality:4]]
[2019.12.09-12.00.54:960][  0]LogConfig: Setting CVar [[r.AmbientOcclusionMipLevelFactor:0.4]]
[2019.12.09-12.00.54:960][  0]LogConfig: Setting CVar [[r.AmbientOcclusionMaxQuality:100]]
[2019.12.09-12.00.54:960][  0]LogConfig: Setting CVar [[r.AmbientOcclusionLevels:-1]]
[2019.12.09-12.00.54:960][  0]LogConfig: Setting CVar [[r.AmbientOcclusionRadiusScale:1.0]]
[2019.12.09-12.00.54:960][  0]LogConfig: Setting CVar [[r.DepthOfFieldQuality:2]]
[2019.12.09-12.00.54:960][  0]LogConfig: Setting CVar [[r.RenderTargetPoolMin:400]]
[2019.12.09-12.00.54:960][  0]LogConfig: Setting CVar [[r.LensFlareQuality:2]]
[2019.12.09-12.00.54:960][  0]LogConfig: Setting CVar [[r.SceneColorFringeQuality:1]]
[2019.12.09-12.00.54:960][  0]LogConfig: Setting CVar [[r.EyeAdaptationQuality:2]]
[2019.12.09-12.00.54:960][  0]LogConfig: Setting CVar [[r.BloomQuality:5]]
[2019.12.09-12.00.54:960][  0]LogConfig: Setting CVar [[r.FastBlurThreshold:100]]
[2019.12.09-12.00.54:960][  0]LogConfig: Setting CVar [[r.Upscale.Quality:3]]
[2019.12.09-12.00.54:960][  0]LogConfig: Setting CVar [[r.Tonemapper.GrainQuantization:1]]
[2019.12.09-12.00.54:960][  0]LogConfig: Setting CVar [[r.LightShaftQuality:1]]
[2019.12.09-12.00.54:960][  0]LogConfig: Setting CVar [[r.Filter.SizeScale:1]]
[2019.12.09-12.00.54:960][  0]LogConfig: Setting CVar [[r.Tonemapper.Quality:5]]
[2019.12.09-12.00.54:960][  0]LogConfig: Setting CVar [[r.DOF.Gather.AccumulatorQuality:1        ; higher gathering accumulator quality]]
[2019.12.09-12.00.54:960][  0]LogConfig: Setting CVar [[r.DOF.Gather.PostfilterMethod:1          ; Median3x3 postfilering method]]
[2019.12.09-12.00.54:960][  0]LogConfig: Setting CVar [[r.DOF.Gather.EnableBokehSettings:0       ; no bokeh simulation when gathering]]
[2019.12.09-12.00.54:960][  0]LogConfig: Setting CVar [[r.DOF.Gather.RingCount:4                 ; medium number of samples when gathering]]
[2019.12.09-12.00.54:960][  0]LogConfig: Setting CVar [[r.DOF.Scatter.ForegroundCompositing:1    ; additive foreground scattering]]
[2019.12.09-12.00.54:960][  0]LogConfig: Setting CVar [[r.DOF.Scatter.BackgroundCompositing:2    ; additive background scattering]]
[2019.12.09-12.00.54:960][  0]LogConfig: Setting CVar [[r.DOF.Scatter.EnableBokehSettings:1      ; bokeh simulation when scattering]]
[2019.12.09-12.00.54:960][  0]LogConfig: Setting CVar [[r.DOF.Scatter.MaxSpriteRatio:0.1         ; only a maximum of 10% of scattered bokeh]]
[2019.12.09-12.00.54:960][  0]LogConfig: Setting CVar [[r.DOF.Recombine.Quality:1                ; cheap slight out of focus]]
[2019.12.09-12.00.54:960][  0]LogConfig: Setting CVar [[r.DOF.Recombine.EnableBokehSettings:0    ; no bokeh simulation on slight out of focus]]
[2019.12.09-12.00.54:960][  0]LogConfig: Setting CVar [[r.DOF.TemporalAAQuality:1                ; more stable temporal accumulation]]
[2019.12.09-12.00.54:960][  0]LogConfig: Setting CVar [[r.DOF.Kernel.MaxForegroundRadius:0.025]]
[2019.12.09-12.00.54:960][  0]LogConfig: Setting CVar [[r.DOF.Kernel.MaxBackgroundRadius:0.025]]
[2019.12.09-12.00.54:960][  0]LogConfig: Applying CVar settings from Section [TextureQuality@3] File [C:/Users/alumno/Desktop/Ludum/The_Shape_Shifter/MyProject/Saved/Config/Windows/Scalability.ini]
[2019.12.09-12.00.54:960][  0]LogConfig: Setting CVar [[r.Streaming.MipBias:0]]
[2019.12.09-12.00.54:960][  0]LogConfig: Setting CVar [[r.Streaming.AmortizeCPUToGPUCopy:0]]
[2019.12.09-12.00.54:960][  0]LogConfig: Setting CVar [[r.Streaming.MaxNumTexturesToStreamPerFrame:0]]
[2019.12.09-12.00.54:960][  0]LogConfig: Setting CVar [[r.Streaming.Boost:1]]
[2019.12.09-12.00.54:960][  0]LogConfig: Setting CVar [[r.MaxAnisotropy:8]]
[2019.12.09-12.00.54:960][  0]LogConfig: Setting CVar [[r.Streaming.LimitPoolSizeToVRAM:0]]
[2019.12.09-12.00.54:960][  0]LogConfig: Setting CVar [[r.Streaming.PoolSize:1000]]
[2019.12.09-12.00.54:960][  0]LogConfig: Setting CVar [[r.Streaming.MaxEffectiveScreenSize:0]]
[2019.12.09-12.00.54:960][  0]LogConfig: Applying CVar settings from Section [EffectsQuality@3] File [C:/Users/alumno/Desktop/Ludum/The_Shape_Shifter/MyProject/Saved/Config/Windows/Scalability.ini]
[2019.12.09-12.00.54:960][  0]LogConfig: Setting CVar [[r.TranslucencyLightingVolumeDim:64]]
[2019.12.09-12.00.54:960][  0]LogConfig: Setting CVar [[r.RefractionQuality:2]]
[2019.12.09-12.00.54:960][  0]LogConfig: Setting CVar [[r.SSR.Quality:3]]
[2019.12.09-12.00.54:960][  0]LogConfig: Setting CVar [[r.SceneColorFormat:4]]
[2019.12.09-12.00.54:960][  0]LogConfig: Setting CVar [[r.DetailMode:2]]
[2019.12.09-12.00.54:960][  0]LogConfig: Setting CVar [[r.TranslucencyVolumeBlur:1]]
[2019.12.09-12.00.54:960][  0]LogConfig: Setting CVar [[r.MaterialQualityLevel:1 ; High quality]]
[2019.12.09-12.00.54:960][  0]LogConfig: Setting CVar [[r.SSS.Scale:1]]
[2019.12.09-12.00.54:960][  0]LogConfig: Setting CVar [[r.SSS.SampleSet:2]]
[2019.12.09-12.00.54:960][  0]LogConfig: Setting CVar [[r.SSS.Quality:1]]
[2019.12.09-12.00.54:960][  0]LogConfig: Setting CVar [[r.SSS.HalfRes:1]]
[2019.12.09-12.00.54:960][  0]LogConfig: Setting CVar [[r.EmitterSpawnRateScale:1.0]]
[2019.12.09-12.00.54:960][  0]LogConfig: Setting CVar [[r.ParticleLightQuality:2]]
[2019.12.09-12.00.54:961][  0]LogConfig: Applying CVar settings from Section [FoliageQuality@3] File [C:/Users/alumno/Desktop/Ludum/The_Shape_Shifter/MyProject/Saved/Config/Windows/Scalability.ini]
[2019.12.09-12.00.54:961][  0]LogConfig: Setting CVar [[foliage.DensityScale:1.0]]
[2019.12.09-12.00.54:961][  0]LogConfig: Setting CVar [[grass.DensityScale:1.0]]
[2019.12.09-12.00.54:961][  0]LogConfig: Applying CVar settings from Section [Startup] File [../../../Engine/Config/ConsoleVariables.ini]
[2019.12.09-12.00.54:966][  0]LogConfig: Setting CVar [[net.UseAdaptiveNetUpdateFrequency:0]]
[2019.12.09-12.00.54:967][  0]LogConfig: Setting CVar [[p.chaos.AllowCreatePhysxBodies:1]]
[2019.12.09-12.00.54:967][  0]LogConfig: Applying CVar settings from Section [ConsoleVariables] File [C:/Users/alumno/Desktop/Ludum/The_Shape_Shifter/MyProject/Saved/Config/Windows/Engine.ini]
[2019.12.09-12.00.54:967][  0]LogInit: Computer: MSI-11
[2019.12.09-12.00.54:967][  0]LogInit: User: alumno
[2019.12.09-12.00.54:967][  0]LogInit: CPU Page size=4096, Cores=4
[2019.12.09-12.00.54:967][  0]LogInit: High frequency timer resolution =10.000000 MHz
[2019.12.09-12.00.54:968][  0]LogMemory: Memory total: Physical=7.9GB (8GB approx)
[2019.12.09-12.00.54:968][  0]LogMemory: Platform Memory Stats for Windows
[2019.12.09-12.00.54:968][  0]LogMemory: Process Physical Memory: 101.79 MB used, 101.79 MB peak
[2019.12.09-12.00.54:968][  0]LogMemory: Process Virtual Memory: 99.04 MB used, 99.04 MB peak
[2019.12.09-12.00.54:968][  0]LogMemory: Physical Memory: 6606.66 MB used,  1461.72 MB free, 8068.38 MB total
[2019.12.09-12.00.54:968][  0]LogMemory: Virtual Memory: 4681.35 MB used,  134213048.00 MB free, 134217728.00 MB total
[2019.12.09-12.00.54:972][  0]LogWindows: WindowsPlatformFeatures enabled
[2019.12.09-12.00.55:178][  0]LogInit: Using OS detected language (en-US).
[2019.12.09-12.00.55:178][  0]LogInit: Using OS detected locale (en-US).
[2019.12.09-12.00.55:181][  0]LogTextLocalizationManager: No specific localization for 'en-US' exists, so the 'en' localization will be used.
[2019.12.09-12.00.55:667][  0]LogInit: Setting process to per monitor DPI aware
[2019.12.09-12.00.55:810][  0]LogSlate: New Slate User Created.  User Index 0, Is Virtual User: 0
[2019.12.09-12.00.55:810][  0]LogSlate: Slate User Registered.  User Index 0, Is Virtual User: 0
[2019.12.09-12.00.58:700][  0]LogHMD: Failed to initialize OpenVR with code 110
[2019.12.09-12.00.58:700][  0]LogD3D11RHI: D3D11 adapters:
[2019.12.09-12.00.58:704][  0]LogD3D11RHI:    0. 'Microsoft Basic Render Driver' (Feature Level 11_0)
[2019.12.09-12.00.58:704][  0]LogD3D11RHI:       0/0/4034 MB DedicatedVideo/DedicatedSystem/SharedSystem, Outputs:1, VendorId:0x1414
[2019.12.09-12.00.58:857][  0]LogD3D11RHI:    1. 'NVIDIA GeForce GTX 960M' (Feature Level 11_0)
[2019.12.09-12.00.58:857][  0]LogD3D11RHI:       2010/0/4034 MB DedicatedVideo/DedicatedSystem/SharedSystem, Outputs:0, VendorId:0x10de
[2019.12.09-12.00.58:859][  0]LogD3D11RHI:    2. 'Microsoft Basic Render Driver' (Feature Level 11_0)
[2019.12.09-12.00.58:859][  0]LogD3D11RHI:       0/0/4034 MB DedicatedVideo/DedicatedSystem/SharedSystem, Outputs:0, VendorId:0x1414
[2019.12.09-12.00.58:859][  0]LogD3D11RHI: Chosen D3D11 Adapter: 1
[2019.12.09-12.00.58:872][  0]LogD3D11RHI: Creating new Direct3DDevice
[2019.12.09-12.00.58:872][  0]LogD3D11RHI:     GPU DeviceId: 0x139b (for the marketing name, search the web for "GPU Device Id")
[2019.12.09-12.00.58:872][  0]LogWindows: EnumDisplayDevices:
[2019.12.09-12.00.58:872][  0]LogWindows:    0. 'Microsoft Basic Display Adapter' (P:1 D:1)
[2019.12.09-12.00.58:873][  0]LogWindows: DebugString: GetVideoDriverDetailsInvalid PrimaryIsNotTheChoosenAdapter FoundDriverCount:0 
[2019.12.09-12.00.58:873][  0]LogD3D11RHI:     Adapter Name: NVIDIA GeForce GTX 960M
[2019.12.09-12.00.58:873][  0]LogD3D11RHI:   Driver Version: Unknown (internal:Unknown, unified:Unknown)
[2019.12.09-12.00.58:873][  0]LogD3D11RHI:      Driver Date: Unknown
[2019.12.09-12.00.58:873][  0]LogRHI: Texture pool is 1407 MB (70% of 2010 MB)
[2019.12.09-12.00.58:929][  0]LogD3D11RHI: Async texture creation enabled
[2019.12.09-12.00.58:957][  0]LogD3D11RHI: GPU Timing Frequency: 1000.000000 (Debug: 2 1)
[2019.12.09-12.00.59:417][  0]LogTemp: Display: Module 'AllDesktopTargetPlatform' loaded TargetPlatform 'AllDesktop'
[2019.12.09-12.00.59:430][  0]LogTemp: Display: Module 'MacClientTargetPlatform' loaded TargetPlatform 'MacClient'
[2019.12.09-12.00.59:452][  0]LogTemp: Display: Module 'MacNoEditorTargetPlatform' loaded TargetPlatform 'MacNoEditor'
[2019.12.09-12.00.59:462][  0]LogTemp: Display: Module 'MacServerTargetPlatform' loaded TargetPlatform 'MacServer'
[2019.12.09-12.00.59:476][  0]LogTemp: Display: Module 'MacTargetPlatform' loaded TargetPlatform 'Mac'
[2019.12.09-12.00.59:488][  0]LogTemp: Display: Module 'WindowsClientTargetPlatform' loaded TargetPlatform 'WindowsClient'
[2019.12.09-12.00.59:499][  0]LogTemp: Display: Module 'WindowsNoEditorTargetPlatform' loaded TargetPlatform 'WindowsNoEditor'
[2019.12.09-12.00.59:511][  0]LogTemp: Display: Module 'WindowsServerTargetPlatform' loaded TargetPlatform 'WindowsServer'
[2019.12.09-12.00.59:518][  0]LogTemp: Display: Module 'WindowsTargetPlatform' loaded TargetPlatform 'Windows'
[2019.12.09-12.00.59:568][  0]LogTemp: Display: Module 'AndroidTargetPlatform' loaded TargetPlatform 'Android'
[2019.12.09-12.00.59:568][  0]LogTemp: Display: Module 'AndroidTargetPlatform' loaded TargetPlatform 'Android_ASTC'
[2019.12.09-12.00.59:568][  0]LogTemp: Display: Module 'AndroidTargetPlatform' loaded TargetPlatform 'Android_ATC'
[2019.12.09-12.00.59:568][  0]LogTemp: Display: Module 'AndroidTargetPlatform' loaded TargetPlatform 'Android_DXT'
[2019.12.09-12.00.59:568][  0]LogTemp: Display: Module 'AndroidTargetPlatform' loaded TargetPlatform 'Android_ETC1'
[2019.12.09-12.00.59:568][  0]LogTemp: Display: Module 'AndroidTargetPlatform' loaded TargetPlatform 'Android_ETC1a'
[2019.12.09-12.00.59:568][  0]LogTemp: Display: Module 'AndroidTargetPlatform' loaded TargetPlatform 'Android_ETC2'
[2019.12.09-12.00.59:568][  0]LogTemp: Display: Module 'AndroidTargetPlatform' loaded TargetPlatform 'Android_PVRTC'
[2019.12.09-12.00.59:568][  0]LogTemp: Display: Module 'AndroidTargetPlatform' loaded TargetPlatform 'AndroidClient'
[2019.12.09-12.00.59:568][  0]LogTemp: Display: Module 'AndroidTargetPlatform' loaded TargetPlatform 'Android_ASTCClient'
[2019.12.09-12.00.59:568][  0]LogTemp: Display: Module 'AndroidTargetPlatform' loaded TargetPlatform 'Android_ATCClient'
[2019.12.09-12.00.59:568][  0]LogTemp: Display: Module 'AndroidTargetPlatform' loaded TargetPlatform 'Android_DXTClient'
[2019.12.09-12.00.59:568][  0]LogTemp: Display: Module 'AndroidTargetPlatform' loaded TargetPlatform 'Android_ETC1Client'
[2019.12.09-12.00.59:568][  0]LogTemp: Display: Module 'AndroidTargetPlatform' loaded TargetPlatform 'Android_ETC1aClient'
[2019.12.09-12.00.59:568][  0]LogTemp: Display: Module 'AndroidTargetPlatform' loaded TargetPlatform 'Android_ETC2Client'
[2019.12.09-12.00.59:568][  0]LogTemp: Display: Module 'AndroidTargetPlatform' loaded TargetPlatform 'Android_PVRTCClient'
[2019.12.09-12.00.59:568][  0]LogTemp: Display: Module 'AndroidTargetPlatform' loaded TargetPlatform 'Android_Multi'
[2019.12.09-12.00.59:568][  0]LogTemp: Display: Module 'AndroidTargetPlatform' loaded TargetPlatform 'Android_MultiClient'
[2019.12.09-12.00.59:571][  0]LogTemp: Display: Module 'HTML5TargetPlatform' loaded TargetPlatform 'HTML5'
[2019.12.09-12.00.59:599][  0]LogTemp: Display: Module 'IOSTargetPlatform' loaded TargetPlatform 'IOSClient'
[2019.12.09-12.00.59:599][  0]LogTemp: Display: Module 'IOSTargetPlatform' loaded TargetPlatform 'IOS'
[2019.12.09-12.00.59:617][  0]LogTemp: Display: Module 'TVOSTargetPlatform' loaded TargetPlatform 'TVOSClient'
[2019.12.09-12.00.59:617][  0]LogTemp: Display: Module 'TVOSTargetPlatform' loaded TargetPlatform 'TVOS'
[2019.12.09-12.00.59:628][  0]LogTemp: Display: Module 'LinuxClientTargetPlatform' loaded TargetPlatform 'LinuxClient'
[2019.12.09-12.00.59:639][  0]LogTemp: Display: Module 'LinuxNoEditorTargetPlatform' loaded TargetPlatform 'LinuxNoEditor'
[2019.12.09-12.00.59:650][  0]LogTemp: Display: Module 'LinuxServerTargetPlatform' loaded TargetPlatform 'LinuxServer'
[2019.12.09-12.00.59:667][  0]LogTemp: Display: Module 'LinuxTargetPlatform' loaded TargetPlatform 'Linux'
[2019.12.09-12.00.59:699][  0]LogTemp: Display: Module 'LuminTargetPlatform' loaded TargetPlatform 'Lumin'
[2019.12.09-12.00.59:699][  0]LogTemp: Display: Module 'LuminTargetPlatform' loaded TargetPlatform 'LuminClient'
[2019.12.09-12.00.59:700][  0]LogTargetPlatformManager: Display: Building Assets For Windows
[2019.12.09-12.00.59:767][  0]LogAudioDebug: Display: Lib vorbis DLL was dynamically loaded.
[2019.12.09-12.00.59:919][  0]LogShaderCompilers: Guid format shader working directory is -25 characters bigger than the processId version (../../../../../../Users/alumno/Desktop/Ludum/The_Shape_Shifter/MyProject/Intermediate/Shaders/WorkingDirectory/1212/).
[2019.12.09-12.00.59:920][  0]LogShaderCompilers: Cleaned the shader compiler working directory 'C:/Users/alumno/AppData/Local/Temp/UnrealShaderWorkingDir/C4AC7807471D06758E9D2E8302A7AC18/'.
[2019.12.09-12.00.59:923][  0]LogXGEController: Cannot use XGE Controller as Incredibuild is not installed on this machine.
[2019.12.09-12.00.59:924][  0]LogShaderCompilers: Cannot use XGE Shader Compiler as Incredibuild is not installed on this machine.
[2019.12.09-12.00.59:924][  0]LogShaderCompilers: Display: Using Local Shader Compiler.
[2019.12.09-12.01.03:001][  0]LogDerivedDataCache: Display: Max Cache Size: 512 MB
[2019.12.09-12.01.03:223][  0]LogDerivedDataCache: Loaded boot cache 0.22s 73MB C:/Users/alumno/AppData/Local/UnrealEngine/4.23/DerivedDataCache/Boot.ddc.
[2019.12.09-12.01.03:223][  0]LogDerivedDataCache: Display: Loaded Boot cache: C:/Users/alumno/AppData/Local/UnrealEngine/4.23/DerivedDataCache/Boot.ddc
[2019.12.09-12.01.03:223][  0]LogDerivedDataCache: FDerivedDataBackendGraph:  Pak pak cache file ../../../../../../Users/alumno/Desktop/Ludum/The_Shape_Shifter/MyProject/DerivedDataCache/DDC.ddp not found, will not use a pak cache.
[2019.12.09-12.01.03:223][  0]LogDerivedDataCache: Unable to find inner node Pak for hierarchical cache Hierarchy.
[2019.12.09-12.01.03:247][  0]LogDerivedDataCache: FDerivedDataBackendGraph:  CompressedPak pak cache file ../../../../../../Users/alumno/Desktop/Ludum/The_Shape_Shifter/MyProject/DerivedDataCache/Compressed.ddp not found, will not use a pak cache.
[2019.12.09-12.01.03:247][  0]LogDerivedDataCache: Unable to find inner node CompressedPak for hierarchical cache Hierarchy.
[2019.12.09-12.01.03:271][  0]LogDerivedDataCache: Display: Pak cache opened for reading ../../../Engine/DerivedDataCache/Compressed.ddp.
[2019.12.09-12.01.03:271][  0]LogDerivedDataCache: FDerivedDataBackendGraph:  EnterprisePak pak cache file ../../../Enterprise/DerivedDataCache/Compressed.ddp not found, will not use a pak cache.
[2019.12.09-12.01.03:271][  0]LogDerivedDataCache: Unable to find inner node EnterprisePak for hierarchical cache Hierarchy.
[2019.12.09-12.01.03:278][  0]LogDerivedDataCache: Using Local data cache path C:/Users/alumno/AppData/Local/UnrealEngine/Common/DerivedDataCache: Writable
[2019.12.09-12.01.03:278][  0]LogDerivedDataCache: Shared data cache path not found in *engine.ini, will not use an Shared cache.
[2019.12.09-12.01.03:278][  0]LogDerivedDataCache: Unable to find inner node Shared for hierarchical cache Hierarchy.
[2019.12.09-12.01.03:304][  0]LogMaterial: Verifying Global Shaders for PCD3D_SM5
[2019.12.09-12.01.03:307][  0]LogSlate: Using FreeType 2.6.0
[2019.12.09-12.01.03:326][  0]LogSlate: SlateFontServices - WITH_FREETYPE: 1, WITH_HARFBUZZ: 1
[2019.12.09-12.01.03:669][  0]LogAssetRegistry: FAssetRegistry took 0.0027 seconds to start up
[2019.12.09-12.01.04:131][  0]LogInit: Selected Device Profile: [Windows]
[2019.12.09-12.01.04:503][  0]LogMeshReduction: Using QuadricMeshReduction for automatic static mesh reduction
[2019.12.09-12.01.04:503][  0]LogMeshReduction: Using SimplygonMeshReduction for automatic skeletal mesh reduction
[2019.12.09-12.01.04:503][  0]LogMeshReduction: Using ProxyLODMeshReduction for automatic mesh merging
[2019.12.09-12.01.04:503][  0]LogMeshReduction: No distributed automatic mesh merging module available
[2019.12.09-12.01.04:503][  0]LogMeshMerging: No distributed automatic mesh merging module available
[2019.12.09-12.01.04:572][  0]LogNetVersion: MyProject 1.0.0, NetCL: 8386587, EngineNetVer: 11, GameNetVer: 0 (Checksum: 2896792207)
[2019.12.09-12.01.06:102][  0]LogPackageLocalizationCache: Processed 12 localized package path(s) for 1 prioritized culture(s) in 0.089963 seconds
[2019.12.09-12.01.06:111][  0]LogUObjectArray: 43444 objects as part of root set at end of initial load.
[2019.12.09-12.01.06:111][  0]LogUObjectAllocator: 7548648 out of 0 bytes used by permanent object pool.
[2019.12.09-12.01.06:111][  0]LogUObjectArray: CloseDisregardForGC: 0/0 objects in disregard for GC pool
[2019.12.09-12.01.11:223][  0]LogTcpMessaging: Initializing TcpMessaging bridge
[2019.12.09-12.01.11:228][  0]LogUdpMessaging: Initializing bridge on interface 0.0.0.0:0 to multicast group 230.0.0.1:6666.
[2019.12.09-12.01.11:356][  0]SourceControl: Source control is disabled
[2019.12.09-12.01.11:357][  0]SourceControl: Source control is disabled
[2019.12.09-12.01.11:362][  0]SourceControl: Source control is disabled
[2019.12.09-12.01.11:369][  0]SourceControl: Source control is disabled
[2019.12.09-12.01.11:674][  0]LogAndroidPermission: UAndroidPermissionCallbackProxy::GetInstance
[2019.12.09-12.01.11:905][  0]LogOcInput: OculusInput pre-init called
[2019.12.09-12.01.11:918][  0]LogWindows: Failed to load 'OVRPlugin.dll' (GetLastError=126)
[2019.12.09-12.01.11:918][  0]LogWindows: File 'OVRPlugin.dll' does not exist
[2019.12.09-12.01.12:058][  0]LogEngine: Initializing Engine...
[2019.12.09-12.01.12:058][  0]LogHMD: Failed to initialize OpenVR with code 110
[2019.12.09-12.01.12:061][  0]LogStats: UGameplayTagsManager::InitializeManager -  0.001 s
[2019.12.09-12.01.12:374][  0]LogInit: Initializing FReadOnlyCVARCache
[2019.12.09-12.01.12:436][  0]LogAIModule: Creating AISystem for world Untitled
[2019.12.09-12.01.12:458][  0]LogInit: XAudio2 using 'Speakers (Realtek High Definition Audio)' : 2 channels at 48 kHz using 32 bits per sample (channel mask 0x3)
[2019.12.09-12.01.12:550][  0]LogInit: FAudioDevice initialized.
[2019.12.09-12.01.12:551][  0]LogNetVersion: Set ProjectVersion to 1.0.0.0. Version Checksum will be recalculated on next use.
[2019.12.09-12.01.12:672][  0]LogDerivedDataCache: Saved boot cache 0.12s 73MB C:/Users/alumno/AppData/Local/UnrealEngine/4.23/DerivedDataCache/Boot.ddc.
[2019.12.09-12.01.12:683][  0]LogInit: Texture streaming: Enabled
[2019.12.09-12.01.12:721][  0]LogEngineSessionManager: EngineSessionManager initialized
[2019.12.09-12.01.12:721][  0]LogEditorSessionSummary: Verbose: Initializing EditorSessionSummaryWriter for editor session tracking
[2019.12.09-12.01.12:724][  0]LogEditorSessionSummary: EditorSessionSummaryWriter initialized
[2019.12.09-12.01.12:900][  0]LogInit: Transaction tracking system initialized
[2019.12.09-12.01.13:150][  0]BlueprintLog: New page: Editor Load
[2019.12.09-12.01.13:349][  0]LocalizationService: Localization service is disabled
[2019.12.09-12.01.14:060][  0]LogFileCache: Scanning file cache for directory 'C:/Users/alumno/Desktop/Ludum/The_Shape_Shifter/MyProject/Content/' took 0.02s
[2019.12.09-12.01.14:060][  0]LogCook: Display: Max memory allowance for cook 16384mb min free memory 0mb
[2019.12.09-12.01.14:060][  0]LogCook: Display: Mobile HDR setting 1
[2019.12.09-12.01.16:343][  0]SourceControl: Source control is disabled
[2019.12.09-12.01.16:346][  0]Cmd: MAP LOAD FILE="../../../../../../Users/alumno/Desktop/Ludum/The_Shape_Shifter/MyProject/Content/ThirdPersonBP/Maps/ThirdPersonExampleMap.umap" TEMPLATE=0 SHOWPROGRESS=1 FEATURELEVEL=3
[2019.12.09-12.01.16:346][  0]LogEditorServer: Warning: Can't find file '../../../../../../Users/alumno/Desktop/Ludum/The_Shape_Shifter/MyProject/Content/ThirdPersonBP/Maps/ThirdPersonExampleMap.umap'
[2019.12.09-12.01.16:347][  0]Cmd: MAP CHECKDEP NOCLEARLOG
[2019.12.09-12.01.16:349][  0]MapCheck: Map check complete: 0 Error(s), 0 Warning(s), took 0.943ms to complete.
[2019.12.09-12.01.16:349][  0]LogFileHelpers: Loading map 'ThirdPersonExampleMap' took 0.005
[2019.12.09-12.01.16:653][  0]LogSlate: Updating window title bar state: overlay mode, drag disabled, window buttons hidden, title bar hidden
[2019.12.09-12.01.16:663][  0]LogSlate: Updating window title bar state: overlay mode, drag disabled, window buttons hidden, title bar hidden
[2019.12.09-12.01.16:672][  0]LogSlate: Updating window title bar state: overlay mode, drag disabled, window buttons hidden, title bar hidden
[2019.12.09-12.01.16:681][  0]LogSlate: Updating window title bar state: overlay mode, drag disabled, window buttons hidden, title bar hidden
[2019.12.09-12.01.16:702][  0]LogCollectionManager: Loaded 0 collections in 0.002505 seconds
[2019.12.09-12.01.16:725][  0]LogFileCache: Scanning file cache for directory 'C:/Users/alumno/Desktop/Ludum/The_Shape_Shifter/MyProject/Saved/Collections/' took 0.00s
[2019.12.09-12.01.16:725][  0]LogFileCache: Scanning file cache for directory 'C:/Users/alumno/Desktop/Ludum/The_Shape_Shifter/MyProject/Content/Developers/alumno/Collections/' took 0.00s
[2019.12.09-12.01.16:725][  0]LogFileCache: Scanning file cache for directory 'C:/Users/alumno/Desktop/Ludum/The_Shape_Shifter/MyProject/Content/Collections/' took 0.00s
[2019.12.09-12.01.16:725][  0]LogCollectionManager: Rebuilt the GUID cache for 0 collections in 0.000002 seconds
[2019.12.09-12.01.16:737][  0]LogContentBrowser: Native class hierarchy populated in 0.0107 seconds. Added 2863 classes and 680 folders.
[2019.12.09-12.01.16:755][  0]LogContentBrowser: Native class hierarchy updated for 'WidgetCarousel' in 0.0002 seconds. Added 0 classes and 0 folders.
[2019.12.09-12.01.17:589][  0]LogContentBrowser: Native class hierarchy updated for 'AddContentDialog' in 0.0003 seconds. Added 0 classes and 0 folders.
[2019.12.09-12.01.17:621][  0]LogContentBrowser: Native class hierarchy updated for 'SceneOutliner' in 0.0002 seconds. Added 1 classes and 2 folders.
[2019.12.09-12.01.17:664][  0]LogSlate: Took 0.007981 seconds to synchronously load lazily loaded font '../../../Engine/Content/Slate/Fonts/Roboto-Regular.ttf' (155K)
[2019.12.09-12.01.17:674][  0]LogSlate: Took 0.008431 seconds to synchronously load lazily loaded font '../../../Engine/Content/Slate/Fonts/Roboto-Bold.ttf' (160K)
[2019.12.09-12.01.17:719][  0]LogSlate: Took 0.040043 seconds to synchronously load lazily loaded font '../../../Engine/Content/Editor/Slate/Fonts/FontAwesome.ttf' (139K)
[2019.12.09-12.01.17:893][  0]LogRenderer: Reallocating scene render targets to support 964x328 Format 10 NumSamples 1 (Frame:1).
[2019.12.09-12.01.18:186][  0]LogContentBrowser: Native class hierarchy updated for 'HierarchicalLODOutliner' in 0.0003 seconds. Added 0 classes and 0 folders.
[2019.12.09-12.01.18:186][  0]LogLoad: (Engine Initialization) Total time: 29.31 seconds
[2019.12.09-12.01.18:186][  0]LogLoad: (Engine Initialization) Total Blueprint compile time: 0.00 seconds
[2019.12.09-12.01.18:225][  0]LogContentStreaming: Texture pool size now 1000 MB
[2019.12.09-12.01.22:283][430]LogSlate: Took 0.006818 seconds to synchronously load lazily loaded font '../../../Engine/Content/Slate/Fonts/Roboto-Light.ttf' (167K)
[2019.12.09-12.01.26:898][959]LogAssetRegistry: Asset discovery search completed in 23.2303 seconds
[2019.12.09-12.01.26:909][959]LogCollectionManager: Rebuilt the object cache for 0 collections in 0.000006 seconds (found 0 objects)
[2019.12.09-12.01.26:909][959]LogCollectionManager: Fixed up redirectors for 0 collections in 0.000413 seconds (updated 0 objects)
[2019.12.09-12.01.29:056][185]LogSlate: FSceneViewport::OnFocusLost() reason 0
[2019.12.09-12.02.03:328][241]LogEditorFactories: Performing atomic reimport of [C:/Users/alumno/Desktop/The_Shape_Shifter_props/Img/creditos.png]
[2019.12.09-12.02.03:330][241]LogFactory: FactoryCreateFile: Texture2D with ReimportTextureFactory (0 0 C:/Users/alumno/Desktop/The_Shape_Shifter_props/Img/creditos.png)
[2019.12.09-12.02.03:392][241]LogTexture: Display: Building textures: creditos (BGRA8, 1930X1077)
[2019.12.09-12.02.03:500][241]LogEditorFactories: -- imported successfully
[2019.12.09-12.02.03:538][241]LogSlate: Took 0.000193 seconds to synchronously load lazily loaded font '../../../Engine/Content/Slate/Fonts/Roboto-Light.ttf' (167K)
[2019.12.09-12.02.08:303][256]LogAssetEditorManager: Opening Asset editor for Texture2D /Game/ThirdPersonBP/Materials/UI/creditos.creditos
[2019.12.09-12.02.08:327][256]LogContentBrowser: Native class hierarchy updated for 'TextureEditor' in 0.0003 seconds. Added 1 classes and 2 folders.
[2019.12.09-12.02.10:732][399]LogSlate: Window 'creditos' being destroyed
[2019.12.09-12.02.10:740][399]LogSlate: Window 'creditos' being destroyed
[2019.12.09-12.02.18:760][167]LogAssetEditorManager: Opening Asset editor for WidgetBlueprint /Game/ThirdPersonBP/Creditos.Creditos
[2019.12.09-12.02.19:206][167]LogContentBrowser: Native class hierarchy updated for 'BlueprintGraph' in 0.0006 seconds. Added 121 classes and 0 folders.
[2019.12.09-12.02.20:739][167]LogSlate: Took 0.007302 seconds to synchronously load lazily loaded font '../../../Engine/Content/Slate/Fonts/Roboto-BoldCondensed.ttf' (158K)
[2019.12.09-12.02.24:564][420]LogSlate: Window 'Creditos' being destroyed
[2019.12.09-12.02.24:573][420]LogSlate: Window 'Creditos' being destroyed
[2019.12.09-12.02.24:591][420]LogWorld: UWorld::CleanupWorld for World_1, bSessionEnded=true, bCleanupResources=true
[2019.12.09-12.02.24:603][420]LogWorld: UWorld::CleanupWorld for World_0, bSessionEnded=true, bCleanupResources=true
[2019.12.09-12.02.29:501][548]LogAssetEditorManager: Opening Asset editor for WidgetBlueprint /Game/ThirdPersonBP/Tutorial.Tutorial
[2019.12.09-12.02.38:184][990]LogSlate: Window 'Tutorial' being destroyed
[2019.12.09-12.02.38:191][990]LogSlate: Window 'Tutorial' being destroyed
[2019.12.09-12.02.38:201][990]LogWorld: UWorld::CleanupWorld for World_3, bSessionEnded=true, bCleanupResources=true
[2019.12.09-12.02.38:235][990]LogWorld: UWorld::CleanupWorld for World_2, bSessionEnded=true, bCleanupResources=true
[2019.12.09-12.02.39:096][ 65]LogUObjectHash: Compacting FUObjectHashTables data took   6.47ms
[2019.12.09-12.02.40:198][ 65]LogSlate: Window 'Save Content' being destroyed
[2019.12.09-12.02.40:405][ 65]LogSavePackage: Moving '../../../../../../Users/alumno/Desktop/Ludum/The_Shape_Shifter/MyProject/Saved/creditosAE31FA9C4A048CA6370122B0169FA265.tmp' to '../../../../../../Users/alumno/Desktop/Ludum/The_Shape_Shifter/MyProject/Content/ThirdPersonBP/Materials/UI/creditos.uasset'
[2019.12.09-12.02.40:575][ 65]LogSlate: Window 'MyProject - Unreal Editor' being destroyed
[2019.12.09-12.02.40:577][ 65]LogWindowsTextInputMethodSystem: Display: IME system now deactivated.
[2019.12.09-12.02.40:831][ 66]Cmd: QUIT_EDITOR
[2019.12.09-12.02.40:935][ 66]LogExit: Preparing to exit.
[2019.12.09-12.02.41:449][ 66]LogDemo: Cleaned up 0 splitscreen connections with owner deletion
[2019.12.09-12.02.41:487][ 66]LogWorld: UWorld::CleanupWorld for None, bSessionEnded=true, bCleanupResources=true
[2019.12.09-12.02.41:490][ 66]LogExit: Editor shut down
[2019.12.09-12.02.41:491][ 66]LogExit: Transaction tracking system shut down
[2019.12.09-12.02.41:980][ 66]LogExit: Object subsystem successfully closed.
[2019.12.09-12.02.42:049][ 66]LogShaderCompilers: Display: Shaders left to compile 0
[2019.12.09-12.02.42:176][ 66]LogModuleManager: Shutting down and abandoning module SequencerWidgets (672)
[2019.12.09-12.02.42:176][ 66]LogModuleManager: Shutting down and abandoning module BlueprintGraph (670)
[2019.12.09-12.02.42:176][ 66]LogModuleManager: Shutting down and abandoning module TextureEditor (668)
[2019.12.09-12.02.42:176][ 66]LogModuleManager: Shutting down and abandoning module HierarchicalLODOutliner (666)
[2019.12.09-12.02.42:176][ 66]LogModuleManager: Shutting down and abandoning module SceneOutliner (664)
[2019.12.09-12.02.42:177][ 66]LogModuleManager: Shutting down and abandoning module AddContentDialog (662)
[2019.12.09-12.02.42:181][ 66]LogModuleManager: Shutting down and abandoning module WidgetCarousel (661)
[2019.12.09-12.02.42:181][ 66]LogModuleManager: Shutting down and abandoning module EditorWidgets (658)
[2019.12.09-12.02.42:181][ 66]LogModuleManager: Shutting down and abandoning module CollectionManager (656)
[2019.12.09-12.02.42:181][ 66]LogModuleManager: Shutting down and abandoning module VirtualTexturingEditor (654)
[2019.12.09-12.02.42:181][ 66]LogModuleManager: Shutting down and abandoning module FoliageEdit (652)
[2019.12.09-12.02.42:182][ 66]LogModuleManager: Shutting down and abandoning module LandscapeEditor (650)
[2019.12.09-12.02.42:185][ 66]LogModuleManager: Shutting down and abandoning module MeshPaintMode (648)
[2019.12.09-12.02.42:185][ 66]LogModuleManager: Shutting down and abandoning module SceneDepthPickerMode (646)
[2019.12.09-12.02.42:185][ 66]LogModuleManager: Shutting down and abandoning module ActorPickerMode (644)
[2019.12.09-12.02.42:185][ 66]LogModuleManager: Shutting down and abandoning module GeometryMode (642)
[2019.12.09-12.02.42:186][ 66]LogModuleManager: Shutting down and abandoning module TextureAlignMode (640)
[2019.12.09-12.02.42:186][ 66]LogModuleManager: Shutting down and abandoning module BspMode (638)
[2019.12.09-12.02.42:186][ 66]LogModuleManager: Shutting down and abandoning module PIEPreviewDeviceProfileSelector (636)
[2019.12.09-12.02.42:187][ 66]LogModuleManager: Shutting down and abandoning module SequenceRecorderSections (634)
[2019.12.09-12.02.42:187][ 66]LogModuleManager: Shutting down and abandoning module AutomationWorker (632)
[2019.12.09-12.02.42:188][ 66]LogModuleManager: Shutting down and abandoning module OculusMR (630)
[2019.12.09-12.02.42:188][ 66]LogModuleManager: Shutting down and abandoning module AudioCaptureEditor (628)
[2019.12.09-12.02.42:189][ 66]LogModuleManager: Shutting down and abandoning module MatineeToLevelSequence (626)
[2019.12.09-12.02.42:190][ 66]LogModuleManager: Shutting down and abandoning module LevelSequenceEditor (624)
[2019.12.09-12.02.42:193][ 66]LogModuleManager: Shutting down and abandoning module PlacementMode (623)
[2019.12.09-12.02.42:193][ 66]LogModuleManager: Shutting down and abandoning module MaterialEditor (622)
[2019.12.09-12.02.42:195][ 66]LogModuleManager: Shutting down and abandoning module ActorSequenceEditor (618)
[2019.12.09-12.02.42:197][ 66]LogModuleManager: Shutting down and abandoning module WmfMediaFactory (616)
[2019.12.09-12.02.42:197][ 66]LogModuleManager: Shutting down and abandoning module WmfMediaEditor (614)
[2019.12.09-12.02.42:197][ 66]LogModuleManager: Shutting down and abandoning module WebMMediaFactory (612)
[2019.12.09-12.02.42:197][ 66]LogModuleManager: Shutting down and abandoning module WebMMediaEditor (610)
[2019.12.09-12.02.42:197][ 66]LogModuleManager: Shutting down and abandoning module WebMMedia (608)
[2019.12.09-12.02.42:198][ 66]LogModuleManager: Shutting down and abandoning module MediaPlayerEditor (606)
[2019.12.09-12.02.42:199][ 66]LogModuleManager: Shutting down and abandoning module MediaCompositingEditor (604)
[2019.12.09-12.02.42:200][ 66]LogModuleManager: Shutting down and abandoning module SequenceRecorder (603)
[2019.12.09-12.02.42:200][ 66]LogModuleManager: Shutting down and abandoning module OpenExrWrapper (600)
[2019.12.09-12.02.42:200][ 66]LogModuleManager: Shutting down and abandoning module ImgMediaFactory (598)
[2019.12.09-12.02.42:200][ 66]LogModuleManager: Shutting down and abandoning module ImgMediaEditor (596)
[2019.12.09-12.02.42:200][ 66]LogModuleManager: Shutting down and abandoning module AvfMediaFactory (594)
[2019.12.09-12.02.42:200][ 66]LogModuleManager: Shutting down and abandoning module AvfMediaEditor (592)
[2019.12.09-12.02.42:200][ 66]LogModuleManager: Shutting down and abandoning module AndroidMediaFactory (590)
[2019.12.09-12.02.42:200][ 66]LogModuleManager: Shutting down and abandoning module AndroidMediaEditor (588)
[2019.12.09-12.02.42:200][ 66]LogModuleManager: Shutting down and abandoning module MagicLeapCameraPreviewFactory (586)
[2019.12.09-12.02.42:200][ 66]LogModuleManager: Shutting down and abandoning module MagicLeapMediaCodecFactory (584)
[2019.12.09-12.02.42:201][ 66]LogModuleManager: Shutting down and abandoning module MagicLeapMediaFactory (582)
[2019.12.09-12.02.42:201][ 66]LogModuleManager: Shutting down and abandoning module MagicLeapMediaEditor (580)
[2019.12.09-12.02.42:201][ 66]LogModuleManager: Shutting down and abandoning module CharacterAI (578)
[2019.12.09-12.02.42:201][ 66]LogModuleManager: Shutting down and abandoning module SmartSnapping (576)
[2019.12.09-12.02.42:201][ 66]LogModuleManager: Shutting down and abandoning module SessionServices (574)
[2019.12.09-12.02.42:201][ 66]LogModuleManager: Shutting down and abandoning module MeshPaint (572)
[2019.12.09-12.02.42:203][ 66]LogModuleManager: Shutting down and abandoning module ViewportSnapping (570)
[2019.12.09-12.02.42:203][ 66]LogModuleManager: Shutting down and abandoning module ViewportInteraction (568)
[2019.12.09-12.02.42:203][ 66]LogModuleManager: Shutting down and abandoning module ClothPainter (566)
[2019.12.09-12.02.42:206][ 66]LogModuleManager: Shutting down and abandoning module SkeletalMeshEditor (565)
[2019.12.09-12.02.42:208][ 66]LogModuleManager: Shutting down and abandoning module LogVisualizer (562)
[2019.12.09-12.02.42:211][ 66]LogModuleManager: Shutting down and abandoning module IntroTutorials (560)
[2019.12.09-12.02.42:211][ 66]LogModuleManager: Shutting down and abandoning module GameProjectGeneration (559)
[2019.12.09-12.02.42:213][ 66]LogModuleManager: Shutting down and abandoning module LuminPlatformEditor (556)
[2019.12.09-12.02.42:213][ 66]LogModuleManager: Shutting down and abandoning module IOSPlatformEditor (554)
[2019.12.09-12.02.42:214][ 66]LogModuleManager: Shutting down and abandoning module HTML5PlatformEditor (552)
[2019.12.09-12.02.42:214][ 66]LogModuleManager: Shutting down and abandoning module AndroidPlatformEditor (550)
[2019.12.09-12.02.42:214][ 66]LogModuleManager: Shutting down and abandoning module AndroidDeviceDetection (549)
[2019.12.09-12.02.42:487][ 66]LogModuleManager: Shutting down and abandoning module WindowsPlatformEditor (546)
[2019.12.09-12.02.42:487][ 66]LogModuleManager: Shutting down and abandoning module LuminRuntimeSettings (544)
[2019.12.09-12.02.42:487][ 66]LogModuleManager: Shutting down and abandoning module IOSRuntimeSettings (542)
[2019.12.09-12.02.42:487][ 66]LogModuleManager: Shutting down and abandoning module AndroidRuntimeSettings (540)
[2019.12.09-12.02.42:487][ 66]LogModuleManager: Shutting down and abandoning module TimeManagementEditor (538)
[2019.12.09-12.02.42:488][ 66]LogModuleManager: Shutting down and abandoning module InputBindingEditor (536)
[2019.12.09-12.02.42:489][ 66]LogModuleManager: Shutting down and abandoning module MergeActors (534)
[2019.12.09-12.02.42:490][ 66]LogModuleManager: Shutting down and abandoning module LocalizationDashboard (532)
[2019.12.09-12.02.42:492][ 66]LogModuleManager: Shutting down and abandoning module LocalizationService (531)
[2019.12.09-12.02.42:492][ 66]LogModuleManager: Shutting down and abandoning module HardwareTargeting (528)
[2019.12.09-12.02.42:492][ 66]LogModuleManager: Shutting down and abandoning module DeviceProfileEditor (526)
[2019.12.09-12.02.42:537][ 66]LogModuleManager: Shutting down and abandoning module UndoHistory (524)
[2019.12.09-12.02.42:538][ 66]LogModuleManager: Shutting down and abandoning module XmlParser (522)
[2019.12.09-12.02.42:538][ 66]LogModuleManager: Shutting down and abandoning module Blutility (520)
[2019.12.09-12.02.42:538][ 66]LogModuleManager: Shutting down and abandoning module ProjectSettingsViewer (518)
[2019.12.09-12.02.42:538][ 66]LogModuleManager: Shutting down and abandoning module ProjectTargetPlatformEditor (517)
[2019.12.09-12.02.42:539][ 66]LogModuleManager: Shutting down and abandoning module EditorSettingsViewer (514)
[2019.12.09-12.02.42:540][ 66]LogModuleManager: Shutting down and abandoning module SettingsEditor (512)
[2019.12.09-12.02.42:541][ 66]LogModuleManager: Shutting down and abandoning module ProjectLauncher (510)
[2019.12.09-12.02.42:542][ 66]LogModuleManager: Shutting down and abandoning module SessionFrontend (508)
[2019.12.09-12.02.42:542][ 66]LogModuleManager: Shutting down and abandoning module ProfilerClient (506)
[2019.12.09-12.02.42:543][ 66]LogModuleManager: Shutting down and abandoning module DeviceManager (504)
[2019.12.09-12.02.42:544][ 66]LogModuleManager: Shutting down and abandoning module TargetDeviceServices (503)
[2019.12.09-12.02.42:599][ 66]LogModuleManager: Shutting down and abandoning module AutomationController (500)
[2019.12.09-12.02.42:600][ 66]LogModuleManager: Shutting down and abandoning module AutomationWindow (498)
[2019.12.09-12.02.42:601][ 66]LogModuleManager: Shutting down and abandoning module Layers (496)
[2019.12.09-12.02.42:603][ 66]LogModuleManager: Shutting down and abandoning module ComponentVisualizers (494)
[2019.12.09-12.02.42:603][ 66]LogModuleManager: Shutting down and abandoning module DetailCustomizations (492)
[2019.12.09-12.02.42:603][ 66]LogModuleManager: Shutting down and abandoning module PackagesDialog (490)
[2019.12.09-12.02.42:604][ 66]LogModuleManager: Shutting down and abandoning module AnimationBlueprintEditor (488)
[2019.12.09-12.02.42:607][ 66]LogModuleManager: Shutting down and abandoning module Persona (486)
[2019.12.09-12.02.42:609][ 66]LogModuleManager: Shutting down and abandoning module AdvancedPreviewScene (485)
[2019.12.09-12.02.42:609][ 66]LogModuleManager: Shutting down and abandoning module AnimGraph (483)
[2019.12.09-12.02.42:609][ 66]LogModuleManager: Shutting down and abandoning module Kismet (480)
[2019.12.09-12.02.42:618][ 66]LogModuleManager: Shutting down and abandoning module KismetWidgets (479)
[2019.12.09-12.02.42:618][ 66]LogModuleManager: Shutting down and abandoning module GraphEditor (476)
[2019.12.09-12.02.42:620][ 66]LogModuleManager: Shutting down and abandoning module StructViewer (474)
[2019.12.09-12.02.42:620][ 66]LogModuleManager: Shutting down and abandoning module ClassViewer (472)
[2019.12.09-12.02.42:620][ 66]LogModuleManager: Shutting down and abandoning module Toolbox (470)
[2019.12.09-12.02.42:621][ 66]LogModuleManager: Shutting down and abandoning module ModuleUI (468)
[2019.12.09-12.02.42:621][ 66]LogModuleManager: Shutting down and abandoning module MovieSceneTools (466)
[2019.12.09-12.02.42:623][ 66]LogModuleManager: Shutting down and abandoning module OutputLog (464)
[2019.12.09-12.02.42:624][ 66]LogModuleManager: Shutting down and abandoning module GammaUI (462)
[2019.12.09-12.02.42:624][ 66]LogModuleManager: Shutting down and abandoning module Documentation (460)
[2019.12.09-12.02.42:624][ 66]LogModuleManager: Shutting down and abandoning module LiveCoding (458)
[2019.12.09-12.02.42:626][ 66]LogModuleManager: Shutting down and abandoning module LevelSequence (456)
[2019.12.09-12.02.42:626][ 66]LogModuleManager: Shutting down and abandoning module MovieSceneTracks (454)
[2019.12.09-12.02.42:626][ 66]LogModuleManager: Shutting down and abandoning module MovieScene (452)
[2019.12.09-12.02.42:627][ 66]LogModuleManager: Shutting down and abandoning module StreamingPauseRendering (450)
[2019.12.09-12.02.42:627][ 66]LogModuleManager: Shutting down and abandoning module LauncherPlatform (448)
[2019.12.09-12.02.42:627][ 66]LogModuleManager: Shutting down and abandoning module AnalyticsET (446)
[2019.12.09-12.02.42:627][ 66]LogModuleManager: Shutting down and abandoning module PortalServices (444)
[2019.12.09-12.02.42:627][ 66]LogModuleManager: Shutting down and abandoning module PortalRpc (442)
[2019.12.09-12.02.42:627][ 66]LogModuleManager: Shutting down and abandoning module MessagingRpc (440)
[2019.12.09-12.02.42:627][ 66]LogModuleManager: Shutting down and abandoning module AIModule (438)
[2019.12.09-12.02.42:628][ 66]LogModuleManager: Shutting down and abandoning module GameplayDebugger (437)
[2019.12.09-12.02.42:628][ 66]LogModuleManager: Shutting down and abandoning module AITestSuite (435)
[2019.12.09-12.02.42:629][ 66]LogModuleManager: Shutting down and abandoning module NavigationSystem (433)
[2019.12.09-12.02.42:629][ 66]LogModuleManager: Shutting down and abandoning module DesktopPlatform (430)
[2019.12.09-12.02.42:630][ 66]LogModuleManager: Shutting down and abandoning module ImageWriteQueue (428)
[2019.12.09-12.02.42:636][ 66]LogModuleManager: Shutting down and abandoning module ProfilerService (426)
[2019.12.09-12.02.42:658][ 66]LogModuleManager: Shutting down and abandoning module TaskGraph (424)
[2019.12.09-12.02.42:659][ 66]LogModuleManager: Shutting down and abandoning module ScreenshotTools (422)
[2019.12.09-12.02.42:659][ 66]LogModuleManager: Shutting down and abandoning module SteamVRController (420)
[2019.12.09-12.02.42:659][ 66]LogModuleManager: Shutting down and abandoning module ProceduralMeshComponentEditor (418)
[2019.12.09-12.02.42:660][ 66]LogModuleManager: Shutting down and abandoning module ProceduralMeshComponent (416)
[2019.12.09-12.02.42:660][ 66]LogModuleManager: Shutting down and abandoning module OculusEditor (414)
[2019.12.09-12.02.42:660][ 66]LogModuleManager: Shutting down and abandoning module OculusInput (412)
[2019.12.09-12.02.42:661][ 66]LogModuleManager: Shutting down and abandoning module MobilePatchingUtils (410)
[2019.12.09-12.02.42:661][ 66]LogModuleManager: Shutting down and abandoning module EditableMesh (408)
[2019.12.09-12.02.42:661][ 66]LogModuleManager: Shutting down and abandoning module CustomMeshComponent (406)
[2019.12.09-12.02.42:661][ 66]LogModuleManager: Shutting down and abandoning module CableComponent (404)
[2019.12.09-12.02.42:661][ 66]LogModuleManager: Shutting down and abandoning module AudioCapture (402)
[2019.12.09-12.02.42:661][ 66]LogModuleManager: Shutting down and abandoning module ArchVisCharacter (400)
[2019.12.09-12.02.42:661][ 66]LogModuleManager: Shutting down and abandoning module AppleImageUtilsBlueprintSupport (398)
[2019.12.09-12.02.42:661][ 66]LogModuleManager: Shutting down and abandoning module AppleImageUtils (396)
[2019.12.09-12.02.42:661][ 66]LogModuleManager: Shutting down and abandoning module AndroidPermission (394)
[2019.12.09-12.02.42:661][ 66]LogModuleManager: Shutting down and abandoning module NUTUnrealEngine4 (392)
[2019.12.09-12.02.42:662][ 66]LogModuleManager: Shutting down and abandoning module NetcodeUnitTest (390)
[2019.12.09-12.02.42:664][ 66]LogModuleManager: Shutting down and abandoning module MediaCompositing (388)
[2019.12.09-12.02.42:664][ 66]LogModuleManager: Shutting down and abandoning module ImgMedia (386)
[2019.12.09-12.02.42:665][ 66]LogModuleManager: Shutting down and abandoning module MagicLeapHelperVulkan (384)
[2019.12.09-12.02.42:665][ 66]LogModuleManager: Shutting down and abandoning module MagicLeapHelperOpenGL (382)
[2019.12.09-12.02.42:665][ 66]LogModuleManager: Shutting down and abandoning module MagicLeapAudio (380)
[2019.12.09-12.02.42:665][ 66]LogModuleManager: Shutting down and abandoning module HTML5Networking (378)
[2019.12.09-12.02.42:665][ 66]LogModuleManager: Shutting down and abandoning module GeometryCacheTracks (376)
[2019.12.09-12.02.42:665][ 66]LogModuleManager: Shutting down and abandoning module GeometryCacheSequencer (374)
[2019.12.09-12.02.42:665][ 66]LogModuleManager: Shutting down and abandoning module BackChannel (372)
[2019.12.09-12.02.42:665][ 66]LogModuleManager: Shutting down and abandoning module AutomationUtilsEditor (370)
[2019.12.09-12.02.42:665][ 66]LogModuleManager: Shutting down and abandoning module AutomationUtils (368)
[2019.12.09-12.02.42:665][ 66]LogModuleManager: Shutting down and abandoning module AlembicImporter (366)
[2019.12.09-12.02.42:666][ 66]LogModuleManager: Shutting down and abandoning module AlembicLibrary (365)
[2019.12.09-12.02.42:668][ 66]LogModuleManager: Shutting down and abandoning module GeometryCache (364)
[2019.12.09-12.02.42:668][ 66]LogModuleManager: Shutting down and abandoning module GeometryCacheEd (363)
[2019.12.09-12.02.42:668][ 66]LogModuleManager: Shutting down and abandoning module VariantManagerContent (358)
[2019.12.09-12.02.42:668][ 66]LogModuleManager: Shutting down and abandoning module DatasmithContentEditor (356)
[2019.12.09-12.02.42:668][ 66]LogModuleManager: Shutting down and abandoning module SpeedTreeImporter (354)
[2019.12.09-12.02.42:668][ 66]LogModuleManager: Shutting down and abandoning module PluginBrowser (352)
[2019.12.09-12.02.42:671][ 66]LogModuleManager: Shutting down and abandoning module MobileLauncherProfileWizard (350)
[2019.12.09-12.02.42:671][ 66]LogModuleManager: Shutting down and abandoning module MaterialAnalyzer (348)
[2019.12.09-12.02.42:672][ 66]LogModuleManager: Shutting down and abandoning module CurveEditorTools (346)
[2019.12.09-12.02.42:672][ 66]LogModuleManager: Shutting down and abandoning module CurveEditor (345)
[2019.12.09-12.02.42:672][ 66]LogModuleManager: Shutting down and abandoning module CryptoKeysOpenSSL (342)
[2019.12.09-12.02.42:672][ 66]LogModuleManager: Shutting down and abandoning module CryptoKeys (340)
[2019.12.09-12.02.42:672][ 66]LogModuleManager: Shutting down and abandoning module VisualStudioSourceCodeAccess (338)
[2019.12.09-12.02.42:673][ 66]LogModuleManager: Shutting down and abandoning module VisualStudioCodeSourceCodeAccess (336)
[2019.12.09-12.02.42:673][ 66]LogModuleManager: Shutting down and abandoning module UObjectPlugin (334)
[2019.12.09-12.02.42:673][ 66]LogModuleManager: Shutting down and abandoning module SubversionSourceControl (332)
[2019.12.09-12.02.42:674][ 66]LogModuleManager: Shutting down and abandoning module PerforceSourceControl (330)
[2019.12.09-12.02.42:675][ 66]LogModuleManager: Shutting down and abandoning module GitSourceControl (328)
[2019.12.09-12.02.42:677][ 66]LogModuleManager: Shutting down and abandoning module SourceControl (327)
[2019.12.09-12.02.42:677][ 66]LogModuleManager: Shutting down and abandoning module CLionSourceCodeAccess (324)
[2019.12.09-12.02.42:677][ 66]LogModuleManager: Shutting down and abandoning module AnimationSharingEd (322)
[2019.12.09-12.02.42:677][ 66]LogModuleManager: Shutting down and abandoning module ActorLayerUtilitiesEditor (320)
[2019.12.09-12.02.42:678][ 66]LogModuleManager: Shutting down and abandoning module ActorLayerUtilities (318)
[2019.12.09-12.02.42:678][ 66]LogModuleManager: Shutting down and abandoning module LightPropagationVolumeEditor (316)
[2019.12.09-12.02.42:678][ 66]LogModuleManager: Shutting down and abandoning module PaperTiledImporter (314)
[2019.12.09-12.02.42:678][ 66]LogModuleManager: Shutting down and abandoning module PaperSpriteSheetImporter (312)
[2019.12.09-12.02.42:678][ 66]LogModuleManager: Shutting down and abandoning module Paper2DEditor (310)
[2019.12.09-12.02.42:680][ 66]LogModuleManager: Shutting down and abandoning module SignificanceManager (308)
[2019.12.09-12.02.42:680][ 66]LogModuleManager: Shutting down and abandoning module RuntimePhysXCooking (306)
[2019.12.09-12.02.42:680][ 66]LogModuleManager: Shutting down and abandoning module PhysXVehiclesEditor (304)
[2019.12.09-12.02.42:680][ 66]LogModuleManager: Shutting down and abandoning module LocationServicesBPLibrary (300)
[2019.12.09-12.02.42:680][ 66]LogModuleManager: Shutting down and abandoning module ActorSequence (298)
[2019.12.09-12.02.42:680][ 66]LogModuleManager: Shutting down and abandoning module UdpMessaging (296)
[2019.12.09-12.02.42:781][ 66]LogModuleManager: Shutting down and abandoning module TcpMessaging (294)
[2019.12.09-12.02.42:883][ 66]LogModuleManager: Shutting down and abandoning module MagicLeapIdentity (292)
[2019.12.09-12.02.42:883][ 66]LogModuleManager: Shutting down and abandoning module MagicLeapSecureStorage (290)
[2019.12.09-12.02.42:883][ 66]LogModuleManager: Shutting down and abandoning module MagicLeapHandTracking (288)
[2019.12.09-12.02.42:883][ 66]LogModuleManager: Shutting down and abandoning module MagicLeapEyeTracker (286)
[2019.12.09-12.02.42:883][ 66]LogModuleManager: Shutting down and abandoning module MagicLeapController (284)
[2019.12.09-12.02.42:884][ 66]LogSlate: Slate User Destroyed.  User Index 0, Is Virtual User: 0
[2019.12.09-12.02.42:884][ 66]LogModuleManager: Shutting down and abandoning module MagicLeapAR (282)
[2019.12.09-12.02.42:884][ 66]LogModuleManager: Shutting down and abandoning module AugmentedReality (281)
[2019.12.09-12.02.42:884][ 66]LogModuleManager: Shutting down and abandoning module GameplayTagsEditor (278)
[2019.12.09-12.02.42:884][ 66]LogModuleManager: Shutting down and abandoning module FacialAnimationEditor (276)
[2019.12.09-12.02.42:884][ 66]LogModuleManager: Shutting down and abandoning module FacialAnimation (274)
[2019.12.09-12.02.42:884][ 66]LogModuleManager: Shutting down and abandoning module DataValidation (272)
[2019.12.09-12.02.42:884][ 66]LogModuleManager: Shutting down and abandoning module AssetManagerEditor (270)
[2019.12.09-12.02.42:886][ 66]LogModuleManager: Shutting down and abandoning module LevelEditor (269)
[2019.12.09-12.02.42:890][ 66]LogModuleManager: Shutting down and abandoning module PixelInspectorModule (268)
[2019.12.09-12.02.42:891][ 66]LogModuleManager: Shutting down and abandoning module CommonMenuExtensions (266)
[2019.12.09-12.02.42:892][ 66]LogModuleManager: Shutting down and abandoning module MainFrame (264)
[2019.12.09-12.02.42:893][ 66]LogModuleManager: Shutting down and abandoning module HotReload (263)
[2019.12.09-12.02.42:894][ 66]LogModuleManager: Shutting down and abandoning module ContentBrowser (259)
[2019.12.09-12.02.42:895][ 66]LogModuleManager: Shutting down and abandoning module TreeMap (257)
[2019.12.09-12.02.42:896][ 66]LogModuleManager: Shutting down and abandoning module AnimationSharing (254)
[2019.12.09-12.02.42:896][ 66]LogModuleManager: Shutting down and abandoning module LightPropagationVolumeRuntime (252)
[2019.12.09-12.02.42:896][ 66]LogModuleManager: Shutting down and abandoning module Paper2D (250)
[2019.12.09-12.02.42:896][ 66]LogModuleManager: Shutting down and abandoning module WindowsMoviePlayer (248)
[2019.12.09-12.02.42:899][ 66]LogModuleManager: Shutting down and abandoning module WebMMoviePlayer (246)
[2019.12.09-12.02.42:899][ 66]LogModuleManager: Shutting down and abandoning module NetworkReplayStreaming (244)
[2019.12.09-12.02.42:899][ 66]LogModuleManager: Shutting down and abandoning module PacketHandler (242)
[2019.12.09-12.02.42:900][ 66]LogModuleManager: Shutting down and abandoning module ClothingSystemEditor (240)
[2019.12.09-12.02.42:900][ 66]LogModuleManager: Shutting down and abandoning module ClothingSystemRuntime (238)
[2019.12.09-12.02.42:902][ 66]LogModuleManager: Shutting down and abandoning module MediaAssets (236)
[2019.12.09-12.02.42:902][ 66]LogModuleManager: Shutting down and abandoning module Overlay (234)
[2019.12.09-12.02.42:902][ 66]LogModuleManager: Shutting down and abandoning module OverlayEditor (233)
[2019.12.09-12.02.42:902][ 66]LogModuleManager: Shutting down and abandoning module VREditor (230)
[2019.12.09-12.02.42:903][ 66]LogModuleManager: Shutting down and abandoning module StringTableEditor (228)
[2019.12.09-12.02.42:904][ 66]LogModuleManager: Shutting down and abandoning module GameplayTasksEditor (226)
[2019.12.09-12.02.42:904][ 66]LogModuleManager: Shutting down and abandoning module BehaviorTreeEditor (224)
[2019.12.09-12.02.42:906][ 66]LogModuleManager: Shutting down and abandoning module FunctionalTesting (222)
[2019.12.09-12.02.42:907][ 66]LogModuleManager: Shutting down and abandoning module CollisionAnalyzer (220)
[2019.12.09-12.02.42:909][ 66]LogModuleManager: Shutting down and abandoning module WorkspaceMenuStructure (219)
[2019.12.09-12.02.42:911][ 66]LogModuleManager: Shutting down and abandoning module UMG (216)
[2019.12.09-12.02.42:912][ 66]LogModuleManager: Shutting down and abandoning module UMGEditor (215)
[2019.12.09-12.02.42:912][ 66]LogModuleManager: Shutting down and abandoning module Sequencer (214)
[2019.12.09-12.02.42:913][ 66]LogModuleManager: Shutting down and abandoning module MessageLog (211)
[2019.12.09-12.02.42:913][ 66]LogModuleManager: Shutting down and abandoning module SlateReflector (206)
[2019.12.09-12.02.42:915][ 66]LogModuleManager: Shutting down and abandoning module Slate (204)
[2019.12.09-12.02.42:915][ 66]LogModuleManager: Shutting down and abandoning module LandscapeEditorUtilities (202)
[2019.12.09-12.02.42:915][ 66]LogModuleManager: Shutting down and abandoning module EditorStyle (200)
[2019.12.09-12.02.42:919][ 66]LogModuleManager: Shutting down and abandoning module UnrealEd (198)
[2019.12.09-12.02.42:919][ 66]LogModuleManager: Shutting down and abandoning module MRMesh (196)
[2019.12.09-12.02.42:919][ 66]LogModuleManager: Shutting down and abandoning module SourceCodeAccess (194)
[2019.12.09-12.02.42:919][ 66]LogModuleManager: Shutting down and abandoning module HeadMountedDisplay (192)
[2019.12.09-12.02.42:919][ 66]LogModuleManager: Shutting down and abandoning module XAudio2 (190)
[2019.12.09-12.02.42:919][ 66]LogModuleManager: Shutting down and abandoning module Networking (188)
[2019.12.09-12.02.42:919][ 66]LogModuleManager: Shutting down and abandoning module Core (186)
[2019.12.09-12.02.42:919][ 66]LogModuleManager: Shutting down and abandoning module KismetCompiler (184)
[2019.12.09-12.02.42:919][ 66]LogModuleManager: Shutting down and abandoning module MeshUtilities (182)
[2019.12.09-12.02.42:920][ 66]LogModuleManager: Shutting down and abandoning module MeshMergeUtilities (181)
[2019.12.09-12.02.42:921][ 66]LogModuleManager: Shutting down and abandoning module MeshReductionInterface (180)
[2019.12.09-12.02.42:921][ 66]LogModuleManager: Shutting down and abandoning module SkeletalMeshReduction (179)
[2019.12.09-12.02.42:921][ 66]LogModuleManager: Shutting down and abandoning module ProxyLODMeshReduction (177)
[2019.12.09-12.02.42:924][ 66]LogModuleManager: Shutting down and abandoning module QuadricMeshReduction (175)
[2019.12.09-12.02.42:924][ 66]LogModuleManager: Shutting down and abandoning module MaterialBaking (171)
[2019.12.09-12.02.42:925][ 66]LogModuleManager: Shutting down and abandoning module NullInstallBundleManager (166)
[2019.12.09-12.02.42:925][ 66]LogModuleManager: Shutting down and abandoning module DerivedDataCache (164)
[2019.12.09-12.02.43:398][ 66]LogDerivedDataCache: Shutdown
[2019.12.09-12.02.43:398][ 66]LogModuleManager: Shutting down and abandoning module XGEController (162)
[2019.12.09-12.02.43:399][ 66]LogModuleManager: Shutting down and abandoning module TargetPlatform (160)
[2019.12.09-12.02.43:399][ 66]LogModuleManager: Shutting down and abandoning module VulkanShaderFormat (159)
[2019.12.09-12.02.43:399][ 66]LogModuleManager: Shutting down and abandoning module ShaderFormatVectorVM (157)
[2019.12.09-12.02.43:400][ 66]LogModuleManager: Shutting down and abandoning module ShaderFormatOpenGL (155)
[2019.12.09-12.02.43:400][ 66]LogModuleManager: Shutting down and abandoning module ShaderFormatD3D (153)
[2019.12.09-12.02.43:401][ 66]LogModuleManager: Shutting down and abandoning module MetalShaderFormat (151)
[2019.12.09-12.02.43:401][ 66]LogModuleManager: Shutting down and abandoning module TextureFormatUncompressed (149)
[2019.12.09-12.02.43:401][ 66]LogModuleManager: Shutting down and abandoning module TextureFormatPVR (147)
[2019.12.09-12.02.43:402][ 66]LogModuleManager: Shutting down and abandoning module TextureFormatDXT (145)
[2019.12.09-12.02.43:402][ 66]LogModuleManager: Shutting down and abandoning module TextureFormatIntelISPCTexComp (143)
[2019.12.09-12.02.43:404][ 66]LogModuleManager: Shutting down and abandoning module TextureFormatASTC (141)
[2019.12.09-12.02.43:404][ 66]LogModuleManager: Shutting down and abandoning module ImageWrapper (140)
[2019.12.09-12.02.43:404][ 66]LogModuleManager: Shutting down and abandoning module TextureFormatAndroid (137)
[2019.12.09-12.02.43:404][ 66]LogModuleManager: Shutting down and abandoning module AudioFormatOpus (135)
[2019.12.09-12.02.43:404][ 66]LogModuleManager: Shutting down and abandoning module AudioFormatOgg (133)
[2019.12.09-12.02.43:404][ 66]LogModuleManager: Shutting down and abandoning module AudioFormatADPCM (131)
[2019.12.09-12.02.43:404][ 66]LogModuleManager: Shutting down and abandoning module LuminTargetPlatform (129)
[2019.12.09-12.02.43:409][ 66]LogModuleManager: Shutting down and abandoning module LinuxTargetPlatform (127)
[2019.12.09-12.02.43:410][ 66]LogModuleManager: Shutting down and abandoning module LinuxServerTargetPlatform (125)
[2019.12.09-12.02.43:410][ 66]LogModuleManager: Shutting down and abandoning module LinuxNoEditorTargetPlatform (123)
[2019.12.09-12.02.43:410][ 66]LogModuleManager: Shutting down and abandoning module LinuxClientTargetPlatform (121)
[2019.12.09-12.02.43:410][ 66]LogModuleManager: Shutting down and abandoning module TVOSTargetPlatform (119)
[2019.12.09-12.02.43:413][ 66]LogModuleManager: Shutting down and abandoning module Messaging (117)
[2019.12.09-12.02.43:413][ 66]LogModuleManager: Shutting down and abandoning module IOSTargetPlatform (115)
[2019.12.09-12.02.43:414][ 66]LogModuleManager: Shutting down and abandoning module HTML5TargetPlatform (113)
[2019.12.09-12.02.43:414][ 66]LogModuleManager: Shutting down and abandoning module AndroidTargetPlatform (111)
[2019.12.09-12.02.43:432][ 66]LogModuleManager: Shutting down and abandoning module WindowsTargetPlatform (109)
[2019.12.09-12.02.43:432][ 66]LogModuleManager: Shutting down and abandoning module WindowsServerTargetPlatform (107)
[2019.12.09-12.02.43:432][ 66]LogModuleManager: Shutting down and abandoning module WindowsNoEditorTargetPlatform (105)
[2019.12.09-12.02.43:432][ 66]LogModuleManager: Shutting down and abandoning module WindowsClientTargetPlatform (103)
[2019.12.09-12.02.43:433][ 66]LogModuleManager: Shutting down and abandoning module MacTargetPlatform (101)
[2019.12.09-12.02.43:433][ 66]LogModuleManager: Shutting down and abandoning module MacServerTargetPlatform (99)
[2019.12.09-12.02.43:433][ 66]LogModuleManager: Shutting down and abandoning module MacNoEditorTargetPlatform (97)
[2019.12.09-12.02.43:433][ 66]LogModuleManager: Shutting down and abandoning module MacClientTargetPlatform (95)
[2019.12.09-12.02.43:434][ 66]LogModuleManager: Shutting down and abandoning module AllDesktopTargetPlatform (93)
[2019.12.09-12.02.43:434][ 66]LogModuleManager: Shutting down and abandoning module InputCore (90)
[2019.12.09-12.02.43:434][ 66]LogModuleManager: Shutting down and abandoning module Settings (88)
[2019.12.09-12.02.43:434][ 66]LogModuleManager: Shutting down and abandoning module DirectoryWatcher (86)
[2019.12.09-12.02.43:435][ 66]LogModuleManager: Shutting down and abandoning module PhysXCooking (84)
[2019.12.09-12.02.43:435][ 66]LogModuleManager: Shutting down and abandoning module WindowsPlatformFeatures (82)
[2019.12.09-12.02.43:435][ 66]LogModuleManager: Shutting down and abandoning module GameplayMediaEncoder (81)
[2019.12.09-12.02.43:436][ 66]LogModuleManager: Shutting down and abandoning module SteamVR (78)
[2019.12.09-12.02.43:436][ 66]LogHMD: Freeing OpenVRDLLHandle.
[2019.12.09-12.02.43:436][ 66]LogModuleManager: Shutting down and abandoning module OculusHMD (76)
[2019.12.09-12.02.43:436][ 66]LogModuleManager: Shutting down and abandoning module ExampleDeviceProfileSelector (74)
[2019.12.09-12.02.43:436][ 66]LogModuleManager: Shutting down and abandoning module LauncherChunkInstaller (72)
[2019.12.09-12.02.43:436][ 66]LogModuleManager: Shutting down and abandoning module OnlineBlueprintSupport (70)
[2019.12.09-12.02.43:436][ 66]LogModuleManager: Shutting down and abandoning module OnlineSubsystem (66)
[2019.12.09-12.02.43:440][ 66]LogModuleManager: Shutting down and abandoning module XMPP (61)
[2019.12.09-12.02.43:442][ 66]LogModuleManager: Shutting down and abandoning module WebSockets (60)
[2019.12.09-12.02.43:484][ 66]LogModuleManager: Shutting down and abandoning module HTTP (57)
[2019.12.09-12.02.43:485][ 66]LogHttp: Display: Http module shutting down, but needs to wait on 1 outstanding Http requests:
[2019.12.09-12.02.43:485][ 66]LogHttp: Display: 	verb=[POST] url=[https://datarouter.ol.epicgames.com/datarouter/api/v1/public/data?SessionID=%7B6D51B459-4519-2EDA-26C3-E6BF61A425B2%7D&AppID=UEEditor.Rocket.Release&AppVersion=4.23.1-9631420%2B%2B%2BUE4%2BRelease-4.23&UserID=4e3dd2f04878d539647a0c98f76999a4%7C1d69c530cb0c49b5a42df916eb8a3791%7C3fce1f44-46f7-4821-af5e-a7644f821b9a&AppEnvironment=datacollector-binary&UploadType=eteventstream] status=Processing
[2019.12.09-12.02.43:491][ 66]LogModuleManager: Shutting down and abandoning module SSL (56)
[2019.12.09-12.02.43:511][ 66]LogModuleManager: Shutting down and abandoning module WmfMedia (52)
[2019.12.09-12.02.43:516][ 66]LogModuleManager: Shutting down and abandoning module Media (51)
[2019.12.09-12.02.43:517][ 66]LogModuleManager: Shutting down and abandoning module MagicLeap (48)
[2019.12.09-12.02.43:519][ 66]LogModuleManager: Shutting down and abandoning module DatasmithContent (46)
[2019.12.09-12.02.43:519][ 66]LogModuleManager: Shutting down and abandoning module AISupportModule (44)
[2019.12.09-12.02.43:519][ 66]LogModuleManager: Shutting down and abandoning module PlatformCryptoOpenSSL (42)
[2019.12.09-12.02.43:520][ 66]LogModuleManager: Shutting down and abandoning module PlatformCrypto (40)
[2019.12.09-12.02.43:520][ 66]LogModuleManager: Shutting down and abandoning module AnimationModifiers (38)
[2019.12.09-12.02.43:521][ 66]LogModuleManager: Shutting down and abandoning module PropertyEditor (37)
[2019.12.09-12.02.43:523][ 66]LogModuleManager: Shutting down and abandoning module AudioEditor (34)
[2019.12.09-12.02.43:528][ 66]LogModuleManager: Shutting down and abandoning module TextureCompressor (32)
[2019.12.09-12.02.43:530][ 66]LogModuleManager: Shutting down and abandoning module RenderCore (30)
[2019.12.09-12.02.43:530][ 66]LogModuleManager: Shutting down and abandoning module Landscape (28)
[2019.12.09-12.02.43:530][ 66]LogModuleManager: Shutting down and abandoning module SlateRHIRenderer (26)
[2019.12.09-12.02.43:533][ 66]LogModuleManager: Shutting down and abandoning module OpenGLDrv (24)
[2019.12.09-12.02.43:534][ 66]LogModuleManager: Shutting down and abandoning module D3D11RHI (22)
[2019.12.09-12.02.43:534][ 66]LogModuleManager: Shutting down and abandoning module AnimGraphRuntime (20)
[2019.12.09-12.02.43:534][ 66]LogModuleManager: Shutting down and abandoning module Renderer (18)
[2019.12.09-12.02.43:536][ 66]LogModuleManager: Shutting down and abandoning module Engine (16)
[2019.12.09-12.02.43:536][ 66]LogModuleManager: Shutting down and abandoning module CoreUObject (14)
[2019.12.09-12.02.43:536][ 66]LogModuleManager: Shutting down and abandoning module NetworkFile (12)
[2019.12.09-12.02.43:537][ 66]LogModuleManager: Shutting down and abandoning module CookedIterativeFile (10)
[2019.12.09-12.02.43:537][ 66]LogModuleManager: Shutting down and abandoning module StreamingFile (8)
[2019.12.09-12.02.43:537][ 66]LogModuleManager: Shutting down and abandoning module SandboxFile (6)
[2019.12.09-12.02.43:537][ 66]LogModuleManager: Shutting down and abandoning module PakFile (4)
[2019.12.09-12.02.43:539][ 66]LogModuleManager: Shutting down and abandoning module RSA (3)
[2019.12.09-12.02.43:541][ 66]LogD3D11RHI: Shutdown
[2019.12.09-12.02.43:542][ 66]LogD3D11RHI: CleanupD3DDevice
[2019.12.09-12.02.43:553][ 66]LogRendererCore: FGlobalDynamicReadBuffer::Cleanup()
[2019.12.09-12.02.43:554][ 66]LogRendererCore: FGlobalDynamicReadBuffer::Cleanup()
[2019.12.09-12.02.43:554][ 66]LogRendererCore: FGlobalDynamicReadBuffer::Cleanup()
[2019.12.09-12.02.43:720][ 66]LogD3D11RHI: ~FD3D11DynamicRHI
[2019.12.09-12.02.43:740][ 66]LogExit: Exiting.
[2019.12.09-12.02.43:758][ 66]Log file closed, 12/09/19 13:02:43
