Log file open, 12/09/19 11:44:48
LogWindows: Failed to load 'aqProf.dll' (GetLastError=126)
LogWindows: File 'aqProf.dll' does not exist
LogWindows: Failed to load 'VtuneApi.dll' (GetLastError=126)
LogWindows: File 'VtuneApi.dll' does not exist
LogWindows: Failed to load 'VtuneApi32e.dll' (GetLastError=126)
LogWindows: File 'VtuneApi32e.dll' does not exist
LogConsoleResponse: Display: Failed to find resolution value strings in scalability ini. Falling back to default.
LogInit: Display: Running engine for game: MyProject
LogPlatformFile: Not using cached read wrapper
LogTaskGraph: Started task graph with 5 named threads and 14 total threads with 3 sets of task threads.
LogStats: Stats thread started at 0.148194
LogD3D11RHI: Loaded GFSDK_Aftermath_Lib.x64.dll
LogICUInternationalization: ICU TimeZone Detection - Raw Offset: +1:00, Platform Override: ''
LogPluginManager: Mounting plugin Paper2D
LogPluginManager: Mounting plugin AISupport
LogPluginManager: Mounting plugin LightPropagationVolume
LogPluginManager: Mounting plugin ActorLayerUtilities
LogPluginManager: Mounting plugin AnimationSharing
LogPluginManager: Mounting plugin CLionSourceCodeAccess
LogPluginManager: Mounting plugin CodeLiteSourceCodeAccess
LogPluginManager: Mounting plugin GitSourceControl
LogPluginManager: Mounting plugin KDevelopSourceCodeAccess
LogPluginManager: Mounting plugin NullSourceCodeAccess
LogPluginManager: Mounting plugin PerforceSourceControl
LogPluginManager: Mounting plugin SubversionSourceControl
LogPluginManager: Mounting plugin UObjectPlugin
LogPluginManager: Mounting plugin VisualStudioCodeSourceCodeAccess
LogPluginManager: Mounting plugin VisualStudioSourceCodeAccess
LogPluginManager: Mounting plugin XCodeSourceCodeAccess
LogPluginManager: Mounting plugin AssetManagerEditor
LogPluginManager: Mounting plugin CryptoKeys
LogPluginManager: Mounting plugin CurveEditorTools
LogPluginManager: Mounting plugin DataValidation
LogPluginManager: Mounting plugin FacialAnimation
LogPluginManager: Mounting plugin GameplayTagsEditor
LogPluginManager: Mounting plugin MacGraphicsSwitching
LogPluginManager: Mounting plugin MaterialAnalyzer
LogPluginManager: Mounting plugin MobileLauncherProfileWizard
LogPluginManager: Mounting plugin PluginBrowser
LogPluginManager: Mounting plugin SpeedTreeImporter
LogPluginManager: Mounting plugin DatasmithContent
LogPluginManager: Mounting plugin VariantManagerContent
LogPluginManager: Mounting plugin AlembicImporter
LogPluginManager: Mounting plugin AutomationUtils
LogPluginManager: Mounting plugin BackChannel
LogPluginManager: Mounting plugin CharacterAI
LogPluginManager: Mounting plugin GeometryCache
LogPluginManager: Mounting plugin HTML5Networking
LogPluginManager: Mounting plugin PlatformCrypto
LogPluginManager: Mounting plugin ProxyLODPlugin
LogPluginManager: Mounting plugin SkeletalReduction
LogPluginManager: Mounting plugin MagicLeap
LogPluginManager: Mounting plugin MagicLeapMedia
LogPluginManager: Mounting plugin AndroidMedia
LogPluginManager: Mounting plugin AvfMedia
LogPluginManager: Mounting plugin ImgMedia
LogPluginManager: Mounting plugin MediaCompositing
LogPluginManager: Mounting plugin MediaPlayerEditor
LogPluginManager: Mounting plugin WebMMedia
LogPluginManager: Mounting plugin WmfMedia
LogPluginManager: Mounting plugin TcpMessaging
LogPluginManager: Mounting plugin UdpMessaging
LogPluginManager: Mounting plugin ActorSequence
LogPluginManager: Mounting plugin LevelSequenceEditor
LogPluginManager: Mounting plugin MatineeToLevelSequence
LogPluginManager: Mounting plugin NetcodeUnitTest
LogPluginManager: Mounting plugin NUTUnrealEngine4
LogPluginManager: Mounting plugin OnlineSubsystemGooglePlay
LogPluginManager: Mounting plugin OnlineSubsystemIOS
LogPluginManager: Mounting plugin OnlineSubsystem
LogPluginManager: Mounting plugin OnlineSubsystemNull
LogPluginManager: Mounting plugin OnlineSubsystemUtils
LogPluginManager: Mounting plugin LauncherChunkInstaller
LogPluginManager: Mounting plugin AndroidDeviceProfileSelector
LogPluginManager: Mounting plugin AndroidMoviePlayer
LogPluginManager: Mounting plugin AndroidPermission
LogPluginManager: Mounting plugin AppleImageUtils
LogPluginManager: Mounting plugin AppleMoviePlayer
LogPluginManager: Mounting plugin ArchVisCharacter
LogPluginManager: Mounting plugin AudioCapture
LogPluginManager: Mounting plugin CableComponent
LogPluginManager: Mounting plugin CustomMeshComponent
LogPluginManager: Mounting plugin EditableMesh
LogPluginManager: Mounting plugin ExampleDeviceProfileSelector
LogPluginManager: Mounting plugin GoogleCloudMessaging
LogPluginManager: Mounting plugin IOSDeviceProfileSelector
LogPluginManager: Mounting plugin LinuxDeviceProfileSelector
LogPluginManager: Mounting plugin LocationServicesBPLibrary
LogPluginManager: Mounting plugin MobilePatchingUtils
LogPluginManager: Mounting plugin OculusVR
LogPluginManager: Mounting plugin PhysXVehicles
LogPluginManager: Mounting plugin ProceduralMeshComponent
LogPluginManager: Mounting plugin RuntimePhysXCooking
LogPluginManager: Mounting plugin SignificanceManager
LogPluginManager: Mounting plugin SteamVR
LogPluginManager: Mounting plugin WebMMoviePlayer
LogPluginManager: Mounting plugin WindowsMoviePlayer
LogPluginManager: Mounting plugin ScreenshotTools
LogInit: Using libcurl 7.55.1-DEV
LogInit:  - built for x86_64-pc-win32
LogInit:  - supports SSL with OpenSSL/1.1.1
LogInit:  - supports HTTP deflate (compression) using libz 1.2.8
LogInit:  - other features:
LogInit:      CURL_VERSION_SSL
LogInit:      CURL_VERSION_LIBZ
LogInit:      CURL_VERSION_IPV6
LogInit:      CURL_VERSION_ASYNCHDNS
LogInit:      CURL_VERSION_LARGEFILE
LogInit:      CURL_VERSION_IDN
LogInit:  CurlRequestOptions (configurable via config and command line):
LogInit:  - bVerifyPeer = true  - Libcurl will verify peer certificate
LogInit:  - bUseHttpProxy = false  - Libcurl will NOT use HTTP proxy
LogInit:  - bDontReuseConnections = false  - Libcurl will reuse connections
LogInit:  - MaxHostConnections = 16  - Libcurl will limit the number of connections to a host
LogInit:  - LocalHostAddr = Default
LogInit:  - BufferSize = 65536
LogOnline: OSS: Creating online subsystem instance for: NULL
LogInit: WinSock: version 1.1 (2.2), MaxSocks=32767, MaxUdp=65467
LogInit: Build: ++UE4+Release-4.23-CL-9631420
LogInit: Engine Version: 4.23.1-9631420+++UE4+Release-4.23
LogInit: Compatible Engine Version: 4.23.0-8386587+++UE4+Release-4.23
LogInit: Net CL: 8386587
LogInit: OS: Windows 10 (Release 1903) (), CPU: Intel(R) Core(TM) i5-6600K CPU @ 3.50GHz, GPU: NVIDIA GeForce GTX 970
LogInit: Compiled (64-bit): Oct 18 2019 02:07:44
LogInit: Compiled with Visual C++: 19.16.27030.01
LogInit: Build Configuration: Development
LogInit: Branch Name: ++UE4+Release-4.23
LogInit: Command Line: 
LogInit: Base Directory: C:/Program Files/Epic Games/UE_4.23/Engine/Binaries/Win64/
LogInit: Installed Engine Build: 1
LogDevObjectVersion: Number of dev versions registered: 23
LogDevObjectVersion:   Dev-Blueprints (B0D832E4-1F89-4F0D-ACCF-7EB736FD4AA2): 10
LogDevObjectVersion:   Dev-Build (E1C64328-A22C-4D53-A36C-8E866417BD8C): 0
LogDevObjectVersion:   Dev-Core (375EC13C-06E4-48FB-B500-84F0262A717E): 3
LogDevObjectVersion:   Dev-Editor (E4B068ED-F494-42E9-A231-DA0B2E46BB41): 34
LogDevObjectVersion:   Dev-Framework (CFFC743F-43B0-4480-9391-14DF171D2073): 35
LogDevObjectVersion:   Dev-Mobile (B02B49B5-BB20-44E9-A304-32B752E40360): 2
LogDevObjectVersion:   Dev-Networking (A4E4105C-59A1-49B5-A7C5-40C4547EDFEE): 0
LogDevObjectVersion:   Dev-Online (39C831C9-5AE6-47DC-9A44-9C173E1C8E7C): 0
LogDevObjectVersion:   Dev-Physics (78F01B33-EBEA-4F98-B9B4-84EACCB95AA2): 0
LogDevObjectVersion:   Dev-Platform (6631380F-2D4D-43E0-8009-CF276956A95A): 0
LogDevObjectVersion:   Dev-Rendering (12F88B9F-8875-4AFC-A67C-D90C383ABD29): 31
LogDevObjectVersion:   Dev-Sequencer (7B5AE74C-D270-4C10-A958-57980B212A5A): 11
LogDevObjectVersion:   Dev-VR (D7296918-1DD6-4BDD-9DE2-64A83CC13884): 2
LogDevObjectVersion:   Dev-LoadTimes (C2A15278-BFE7-4AFE-6C17-90FF531DF755): 1
LogDevObjectVersion:   Private-Geometry (6EACA3D4-40EC-4CC1-B786-8BED09428FC5): 3
LogDevObjectVersion:   Dev-AnimPhys (29E575DD-E0A3-4627-9D10-D276232CDCEA): 17
LogDevObjectVersion:   Dev-Anim (AF43A65D-7FD3-4947-9873-3E8ED9C1BB05): 2
LogDevObjectVersion:   Dev-ReflectionCapture (6B266CEC-1EC7-4B8F-A30B-E4D90942FC07): 1
LogDevObjectVersion:   Dev-Automation (0DF73D61-A23F-47EA-B727-89E90C41499A): 1
LogDevObjectVersion:   FortniteMain (601D1886-AC64-4F84-AA16-D3DE0DEAC7D6): 27
LogDevObjectVersion:   Dev-Enterprise (9DFFBCD6-494F-0158-E221-12823C92A888): 6
LogDevObjectVersion:   Dev-Niagara (F2AED0AC-9AFE-416F-8664-AA7FFA26D6FC): 1
LogDevObjectVersion:   Dev-Destruction (174F1F0B-B4C6-45A5-B13F-2EE8D0FB917D): 9
LogInit: Presizing for max 16777216 objects, including 0 objects not considered by GC, pre-allocating 0 bytes for permanent pool.
LogInit: Object subsystem initialized
LogConfig: Setting CVar [[con.DebugEarlyDefault:1]]
LogConfig: Setting CVar [[r.setres:1280x720]]
[2019.12.09-10.44.48:800][  0]LogConfig: Setting CVar [[r.VSync:0]]
[2019.12.09-10.44.48:800][  0]LogConfig: Setting CVar [[r.RHICmdBypass:0]]
[2019.12.09-10.44.48:801][  0]LogConfig: Applying CVar settings from Section [/Script/Engine.RendererSettings] File [C:/Users/Ivan/Desktop/The_Shape_Shifter/MyProject/Saved/Config/Windows/Engine.ini]
[2019.12.09-10.44.48:801][  0]LogConfig: Setting CVar [[r.GPUCrashDebugging:0]]
[2019.12.09-10.44.48:801][  0]LogConfig: Applying CVar settings from Section [/Script/Engine.RendererOverrideSettings] File [C:/Users/Ivan/Desktop/The_Shape_Shifter/MyProject/Saved/Config/Windows/Engine.ini]
[2019.12.09-10.44.48:801][  0]LogConfig: Applying CVar settings from Section [/Script/Engine.StreamingSettings] File [C:/Users/Ivan/Desktop/The_Shape_Shifter/MyProject/Saved/Config/Windows/Engine.ini]
[2019.12.09-10.44.48:801][  0]LogConfig: Setting CVar [[s.MinBulkDataSizeForAsyncLoading:131072]]
[2019.12.09-10.44.48:801][  0]LogConfig: Setting CVar [[s.AsyncLoadingThreadEnabled:0]]
[2019.12.09-10.44.48:801][  0]LogConfig: Setting CVar [[s.EventDrivenLoaderEnabled:1]]
[2019.12.09-10.44.48:801][  0]LogConfig: Setting CVar [[s.WarnIfTimeLimitExceeded:0]]
[2019.12.09-10.44.48:801][  0]LogConfig: Setting CVar [[s.TimeLimitExceededMultiplier:1.5]]
[2019.12.09-10.44.48:801][  0]LogConfig: Setting CVar [[s.TimeLimitExceededMinTime:0.005]]
[2019.12.09-10.44.48:801][  0]LogConfig: Setting CVar [[s.UseBackgroundLevelStreaming:1]]
[2019.12.09-10.44.48:801][  0]LogConfig: Setting CVar [[s.PriorityAsyncLoadingExtraTime:15.0]]
[2019.12.09-10.44.48:801][  0]LogConfig: Setting CVar [[s.LevelStreamingActorsUpdateTimeLimit:5.0]]
[2019.12.09-10.44.48:801][  0]LogConfig: Setting CVar [[s.PriorityLevelStreamingActorsUpdateExtraTime:5.0]]
[2019.12.09-10.44.48:801][  0]LogConfig: Setting CVar [[s.LevelStreamingComponentsRegistrationGranularity:10]]
[2019.12.09-10.44.48:801][  0]LogConfig: Setting CVar [[s.UnregisterComponentsTimeLimit:1.0]]
[2019.12.09-10.44.48:801][  0]LogConfig: Setting CVar [[s.LevelStreamingComponentsUnregistrationGranularity:5]]
[2019.12.09-10.44.48:801][  0]LogConfig: Applying CVar settings from Section [/Script/Engine.GarbageCollectionSettings] File [C:/Users/Ivan/Desktop/The_Shape_Shifter/MyProject/Saved/Config/Windows/Engine.ini]
[2019.12.09-10.44.48:801][  0]LogConfig: Setting CVar [[gc.MaxObjectsNotConsideredByGC:1]]
[2019.12.09-10.44.48:801][  0]LogConfig: Setting CVar [[gc.SizeOfPermanentObjectPool:0]]
[2019.12.09-10.44.48:801][  0]LogConfig: Setting CVar [[gc.FlushStreamingOnGC:0]]
[2019.12.09-10.44.48:801][  0]LogConfig: Setting CVar [[gc.NumRetriesBeforeForcingGC:10]]
[2019.12.09-10.44.48:801][  0]LogConfig: Setting CVar [[gc.AllowParallelGC:1]]
[2019.12.09-10.44.48:801][  0]LogConfig: Setting CVar [[gc.TimeBetweenPurgingPendingKillObjects:61.1]]
[2019.12.09-10.44.48:801][  0]LogConfig: Setting CVar [[gc.MaxObjectsInEditor:16777216]]
[2019.12.09-10.44.48:801][  0]LogConfig: Setting CVar [[gc.IncrementalBeginDestroyEnabled:1]]
[2019.12.09-10.44.48:801][  0]LogConfig: Setting CVar [[gc.CreateGCClusters:1]]
[2019.12.09-10.44.48:801][  0]LogConfig: Setting CVar [[gc.MinGCClusterSize:5]]
[2019.12.09-10.44.48:801][  0]LogConfig: Setting CVar [[gc.ActorClusteringEnabled:0]]
[2019.12.09-10.44.48:801][  0]LogConfig: Setting CVar [[gc.BlueprintClusteringEnabled:0]]
[2019.12.09-10.44.48:801][  0]LogConfig: Setting CVar [[gc.UseDisregardForGCOnDedicatedServers:0]]
[2019.12.09-10.44.48:801][  0]LogConfig: Applying CVar settings from Section [/Script/Engine.NetworkSettings] File [C:/Users/Ivan/Desktop/The_Shape_Shifter/MyProject/Saved/Config/Windows/Engine.ini]
[2019.12.09-10.44.48:801][  0]LogConfig: Applying CVar settings from Section [/Script/UnrealEd.CookerSettings] File [C:/Users/Ivan/Desktop/The_Shape_Shifter/MyProject/Saved/Config/Windows/Engine.ini]
[2019.12.09-10.44.48:808][  0]LogConfig: Applying CVar settings from Section [ViewDistanceQuality@3] File [C:/Users/Ivan/Desktop/The_Shape_Shifter/MyProject/Saved/Config/Windows/Scalability.ini]
[2019.12.09-10.44.48:808][  0]LogConfig: Setting CVar [[r.SkeletalMeshLODBias:0]]
[2019.12.09-10.44.48:808][  0]LogConfig: Setting CVar [[r.ViewDistanceScale:1.0]]
[2019.12.09-10.44.48:808][  0]LogConfig: Applying CVar settings from Section [AntiAliasingQuality@3] File [C:/Users/Ivan/Desktop/The_Shape_Shifter/MyProject/Saved/Config/Windows/Scalability.ini]
[2019.12.09-10.44.48:808][  0]LogConfig: Setting CVar [[r.PostProcessAAQuality:4]]
[2019.12.09-10.44.48:808][  0]LogConfig: Applying CVar settings from Section [ShadowQuality@3] File [C:/Users/Ivan/Desktop/The_Shape_Shifter/MyProject/Saved/Config/Windows/Scalability.ini]
[2019.12.09-10.44.48:808][  0]LogConfig: Setting CVar [[r.LightFunctionQuality:1]]
[2019.12.09-10.44.48:808][  0]LogConfig: Setting CVar [[r.ShadowQuality:5]]
[2019.12.09-10.44.48:808][  0]LogConfig: Setting CVar [[r.Shadow.CSM.MaxCascades:10]]
[2019.12.09-10.44.48:808][  0]LogConfig: Setting CVar [[r.Shadow.MaxResolution:2048]]
[2019.12.09-10.44.48:808][  0]LogConfig: Setting CVar [[r.Shadow.MaxCSMResolution:2048]]
[2019.12.09-10.44.48:808][  0]LogConfig: Setting CVar [[r.Shadow.RadiusThreshold:0.01]]
[2019.12.09-10.44.48:808][  0]LogConfig: Setting CVar [[r.Shadow.DistanceScale:1.0]]
[2019.12.09-10.44.48:808][  0]LogConfig: Setting CVar [[r.Shadow.CSM.TransitionScale:1.0]]
[2019.12.09-10.44.48:808][  0]LogConfig: Setting CVar [[r.Shadow.PreShadowResolutionFactor:1.0]]
[2019.12.09-10.44.48:808][  0]LogConfig: Setting CVar [[r.DistanceFieldShadowing:1]]
[2019.12.09-10.44.48:808][  0]LogConfig: Setting CVar [[r.DistanceFieldAO:1]]
[2019.12.09-10.44.48:808][  0]LogConfig: Setting CVar [[r.AOQuality:2]]
[2019.12.09-10.44.48:809][  0]LogConfig: Setting CVar [[r.VolumetricFog:1]]
[2019.12.09-10.44.48:809][  0]LogConfig: Setting CVar [[r.VolumetricFog.GridPixelSize:8]]
[2019.12.09-10.44.48:809][  0]LogConfig: Setting CVar [[r.VolumetricFog.GridSizeZ:128]]
[2019.12.09-10.44.48:809][  0]LogConfig: Setting CVar [[r.VolumetricFog.HistoryMissSupersampleCount:4]]
[2019.12.09-10.44.48:809][  0]LogConfig: Setting CVar [[r.LightMaxDrawDistanceScale:1]]
[2019.12.09-10.44.48:809][  0]LogConfig: Setting CVar [[r.CapsuleShadows:1]]
[2019.12.09-10.44.48:809][  0]LogConfig: Applying CVar settings from Section [PostProcessQuality@3] File [C:/Users/Ivan/Desktop/The_Shape_Shifter/MyProject/Saved/Config/Windows/Scalability.ini]
[2019.12.09-10.44.48:809][  0]LogConfig: Setting CVar [[r.MotionBlurQuality:4]]
[2019.12.09-10.44.48:809][  0]LogConfig: Setting CVar [[r.AmbientOcclusionMipLevelFactor:0.4]]
[2019.12.09-10.44.48:809][  0]LogConfig: Setting CVar [[r.AmbientOcclusionMaxQuality:100]]
[2019.12.09-10.44.48:809][  0]LogConfig: Setting CVar [[r.AmbientOcclusionLevels:-1]]
[2019.12.09-10.44.48:809][  0]LogConfig: Setting CVar [[r.AmbientOcclusionRadiusScale:1.0]]
[2019.12.09-10.44.48:809][  0]LogConfig: Setting CVar [[r.DepthOfFieldQuality:2]]
[2019.12.09-10.44.48:809][  0]LogConfig: Setting CVar [[r.RenderTargetPoolMin:400]]
[2019.12.09-10.44.48:809][  0]LogConfig: Setting CVar [[r.LensFlareQuality:2]]
[2019.12.09-10.44.48:809][  0]LogConfig: Setting CVar [[r.SceneColorFringeQuality:1]]
[2019.12.09-10.44.48:809][  0]LogConfig: Setting CVar [[r.EyeAdaptationQuality:2]]
[2019.12.09-10.44.48:809][  0]LogConfig: Setting CVar [[r.BloomQuality:5]]
[2019.12.09-10.44.48:809][  0]LogConfig: Setting CVar [[r.FastBlurThreshold:100]]
[2019.12.09-10.44.48:809][  0]LogConfig: Setting CVar [[r.Upscale.Quality:3]]
[2019.12.09-10.44.48:809][  0]LogConfig: Setting CVar [[r.Tonemapper.GrainQuantization:1]]
[2019.12.09-10.44.48:809][  0]LogConfig: Setting CVar [[r.LightShaftQuality:1]]
[2019.12.09-10.44.48:809][  0]LogConfig: Setting CVar [[r.Filter.SizeScale:1]]
[2019.12.09-10.44.48:809][  0]LogConfig: Setting CVar [[r.Tonemapper.Quality:5]]
[2019.12.09-10.44.48:809][  0]LogConfig: Setting CVar [[r.DOF.Gather.AccumulatorQuality:1        ; higher gathering accumulator quality]]
[2019.12.09-10.44.48:809][  0]LogConfig: Setting CVar [[r.DOF.Gather.PostfilterMethod:1          ; Median3x3 postfilering method]]
[2019.12.09-10.44.48:809][  0]LogConfig: Setting CVar [[r.DOF.Gather.EnableBokehSettings:0       ; no bokeh simulation when gathering]]
[2019.12.09-10.44.48:809][  0]LogConfig: Setting CVar [[r.DOF.Gather.RingCount:4                 ; medium number of samples when gathering]]
[2019.12.09-10.44.48:809][  0]LogConfig: Setting CVar [[r.DOF.Scatter.ForegroundCompositing:1    ; additive foreground scattering]]
[2019.12.09-10.44.48:809][  0]LogConfig: Setting CVar [[r.DOF.Scatter.BackgroundCompositing:2    ; additive background scattering]]
[2019.12.09-10.44.48:809][  0]LogConfig: Setting CVar [[r.DOF.Scatter.EnableBokehSettings:1      ; bokeh simulation when scattering]]
[2019.12.09-10.44.48:809][  0]LogConfig: Setting CVar [[r.DOF.Scatter.MaxSpriteRatio:0.1         ; only a maximum of 10% of scattered bokeh]]
[2019.12.09-10.44.48:809][  0]LogConfig: Setting CVar [[r.DOF.Recombine.Quality:1                ; cheap slight out of focus]]
[2019.12.09-10.44.48:809][  0]LogConfig: Setting CVar [[r.DOF.Recombine.EnableBokehSettings:0    ; no bokeh simulation on slight out of focus]]
[2019.12.09-10.44.48:809][  0]LogConfig: Setting CVar [[r.DOF.TemporalAAQuality:1                ; more stable temporal accumulation]]
[2019.12.09-10.44.48:809][  0]LogConfig: Setting CVar [[r.DOF.Kernel.MaxForegroundRadius:0.025]]
[2019.12.09-10.44.48:809][  0]LogConfig: Setting CVar [[r.DOF.Kernel.MaxBackgroundRadius:0.025]]
[2019.12.09-10.44.48:809][  0]LogConfig: Applying CVar settings from Section [TextureQuality@3] File [C:/Users/Ivan/Desktop/The_Shape_Shifter/MyProject/Saved/Config/Windows/Scalability.ini]
[2019.12.09-10.44.48:809][  0]LogConfig: Setting CVar [[r.Streaming.MipBias:0]]
[2019.12.09-10.44.48:809][  0]LogConfig: Setting CVar [[r.Streaming.AmortizeCPUToGPUCopy:0]]
[2019.12.09-10.44.48:809][  0]LogConfig: Setting CVar [[r.Streaming.MaxNumTexturesToStreamPerFrame:0]]
[2019.12.09-10.44.48:809][  0]LogConfig: Setting CVar [[r.Streaming.Boost:1]]
[2019.12.09-10.44.48:809][  0]LogConfig: Setting CVar [[r.MaxAnisotropy:8]]
[2019.12.09-10.44.48:809][  0]LogConfig: Setting CVar [[r.Streaming.LimitPoolSizeToVRAM:0]]
[2019.12.09-10.44.48:809][  0]LogConfig: Setting CVar [[r.Streaming.PoolSize:1000]]
[2019.12.09-10.44.48:809][  0]LogConfig: Setting CVar [[r.Streaming.MaxEffectiveScreenSize:0]]
[2019.12.09-10.44.48:809][  0]LogConfig: Applying CVar settings from Section [EffectsQuality@3] File [C:/Users/Ivan/Desktop/The_Shape_Shifter/MyProject/Saved/Config/Windows/Scalability.ini]
[2019.12.09-10.44.48:809][  0]LogConfig: Setting CVar [[r.TranslucencyLightingVolumeDim:64]]
[2019.12.09-10.44.48:809][  0]LogConfig: Setting CVar [[r.RefractionQuality:2]]
[2019.12.09-10.44.48:809][  0]LogConfig: Setting CVar [[r.SSR.Quality:3]]
[2019.12.09-10.44.48:809][  0]LogConfig: Setting CVar [[r.SceneColorFormat:4]]
[2019.12.09-10.44.48:809][  0]LogConfig: Setting CVar [[r.DetailMode:2]]
[2019.12.09-10.44.48:809][  0]LogConfig: Setting CVar [[r.TranslucencyVolumeBlur:1]]
[2019.12.09-10.44.48:809][  0]LogConfig: Setting CVar [[r.MaterialQualityLevel:1 ; High quality]]
[2019.12.09-10.44.48:809][  0]LogConfig: Setting CVar [[r.SSS.Scale:1]]
[2019.12.09-10.44.48:809][  0]LogConfig: Setting CVar [[r.SSS.SampleSet:2]]
[2019.12.09-10.44.48:809][  0]LogConfig: Setting CVar [[r.SSS.Quality:1]]
[2019.12.09-10.44.48:809][  0]LogConfig: Setting CVar [[r.SSS.HalfRes:1]]
[2019.12.09-10.44.48:809][  0]LogConfig: Setting CVar [[r.EmitterSpawnRateScale:1.0]]
[2019.12.09-10.44.48:809][  0]LogConfig: Setting CVar [[r.ParticleLightQuality:2]]
[2019.12.09-10.44.48:809][  0]LogConfig: Applying CVar settings from Section [FoliageQuality@3] File [C:/Users/Ivan/Desktop/The_Shape_Shifter/MyProject/Saved/Config/Windows/Scalability.ini]
[2019.12.09-10.44.48:809][  0]LogConfig: Setting CVar [[foliage.DensityScale:1.0]]
[2019.12.09-10.44.48:809][  0]LogConfig: Setting CVar [[grass.DensityScale:1.0]]
[2019.12.09-10.44.48:810][  0]LogInit: Selected Device Profile: [Windows]
[2019.12.09-10.44.48:810][  0]LogInit: Applying CVar settings loaded from the selected device profile: [Windows]
[2019.12.09-10.44.48:819][  0]LogHAL: Display: Platform has ~ 8 GB [8550838272 / 8589934592 / 8], which maps to Default [LargestMinGB=32, LargerMinGB=12, DefaultMinGB=8, SmallerMinGB=6, SmallestMinGB=0)
[2019.12.09-10.44.48:819][  0]LogInit: Going up to parent DeviceProfile []
[2019.12.09-10.44.48:819][  0]LogConfig: Applying CVar settings from Section [ViewDistanceQuality@3] File [C:/Users/Ivan/Desktop/The_Shape_Shifter/MyProject/Saved/Config/Windows/Scalability.ini]
[2019.12.09-10.44.48:819][  0]LogConfig: Setting CVar [[r.SkeletalMeshLODBias:0]]
[2019.12.09-10.44.48:819][  0]LogConfig: Setting CVar [[r.ViewDistanceScale:1.0]]
[2019.12.09-10.44.48:819][  0]LogConfig: Applying CVar settings from Section [AntiAliasingQuality@3] File [C:/Users/Ivan/Desktop/The_Shape_Shifter/MyProject/Saved/Config/Windows/Scalability.ini]
[2019.12.09-10.44.48:819][  0]LogConfig: Setting CVar [[r.PostProcessAAQuality:4]]
[2019.12.09-10.44.48:819][  0]LogConfig: Applying CVar settings from Section [ShadowQuality@3] File [C:/Users/Ivan/Desktop/The_Shape_Shifter/MyProject/Saved/Config/Windows/Scalability.ini]
[2019.12.09-10.44.48:819][  0]LogConfig: Setting CVar [[r.LightFunctionQuality:1]]
[2019.12.09-10.44.48:819][  0]LogConfig: Setting CVar [[r.ShadowQuality:5]]
[2019.12.09-10.44.48:819][  0]LogConfig: Setting CVar [[r.Shadow.CSM.MaxCascades:10]]
[2019.12.09-10.44.48:819][  0]LogConfig: Setting CVar [[r.Shadow.MaxResolution:2048]]
[2019.12.09-10.44.48:819][  0]LogConfig: Setting CVar [[r.Shadow.MaxCSMResolution:2048]]
[2019.12.09-10.44.48:819][  0]LogConfig: Setting CVar [[r.Shadow.RadiusThreshold:0.01]]
[2019.12.09-10.44.48:819][  0]LogConfig: Setting CVar [[r.Shadow.DistanceScale:1.0]]
[2019.12.09-10.44.48:819][  0]LogConfig: Setting CVar [[r.Shadow.CSM.TransitionScale:1.0]]
[2019.12.09-10.44.48:819][  0]LogConfig: Setting CVar [[r.Shadow.PreShadowResolutionFactor:1.0]]
[2019.12.09-10.44.48:819][  0]LogConfig: Setting CVar [[r.DistanceFieldShadowing:1]]
[2019.12.09-10.44.48:820][  0]LogConfig: Setting CVar [[r.DistanceFieldAO:1]]
[2019.12.09-10.44.48:820][  0]LogConfig: Setting CVar [[r.AOQuality:2]]
[2019.12.09-10.44.48:820][  0]LogConfig: Setting CVar [[r.VolumetricFog:1]]
[2019.12.09-10.44.48:820][  0]LogConfig: Setting CVar [[r.VolumetricFog.GridPixelSize:8]]
[2019.12.09-10.44.48:820][  0]LogConfig: Setting CVar [[r.VolumetricFog.GridSizeZ:128]]
[2019.12.09-10.44.48:820][  0]LogConfig: Setting CVar [[r.VolumetricFog.HistoryMissSupersampleCount:4]]
[2019.12.09-10.44.48:820][  0]LogConfig: Setting CVar [[r.LightMaxDrawDistanceScale:1]]
[2019.12.09-10.44.48:820][  0]LogConfig: Setting CVar [[r.CapsuleShadows:1]]
[2019.12.09-10.44.48:820][  0]LogConfig: Applying CVar settings from Section [PostProcessQuality@3] File [C:/Users/Ivan/Desktop/The_Shape_Shifter/MyProject/Saved/Config/Windows/Scalability.ini]
[2019.12.09-10.44.48:820][  0]LogConfig: Setting CVar [[r.MotionBlurQuality:4]]
[2019.12.09-10.44.48:820][  0]LogConfig: Setting CVar [[r.AmbientOcclusionMipLevelFactor:0.4]]
[2019.12.09-10.44.48:820][  0]LogConfig: Setting CVar [[r.AmbientOcclusionMaxQuality:100]]
[2019.12.09-10.44.48:820][  0]LogConfig: Setting CVar [[r.AmbientOcclusionLevels:-1]]
[2019.12.09-10.44.48:820][  0]LogConfig: Setting CVar [[r.AmbientOcclusionRadiusScale:1.0]]
[2019.12.09-10.44.48:820][  0]LogConfig: Setting CVar [[r.DepthOfFieldQuality:2]]
[2019.12.09-10.44.48:820][  0]LogConfig: Setting CVar [[r.RenderTargetPoolMin:400]]
[2019.12.09-10.44.48:820][  0]LogConfig: Setting CVar [[r.LensFlareQuality:2]]
[2019.12.09-10.44.48:820][  0]LogConfig: Setting CVar [[r.SceneColorFringeQuality:1]]
[2019.12.09-10.44.48:820][  0]LogConfig: Setting CVar [[r.EyeAdaptationQuality:2]]
[2019.12.09-10.44.48:820][  0]LogConfig: Setting CVar [[r.BloomQuality:5]]
[2019.12.09-10.44.48:820][  0]LogConfig: Setting CVar [[r.FastBlurThreshold:100]]
[2019.12.09-10.44.48:820][  0]LogConfig: Setting CVar [[r.Upscale.Quality:3]]
[2019.12.09-10.44.48:820][  0]LogConfig: Setting CVar [[r.Tonemapper.GrainQuantization:1]]
[2019.12.09-10.44.48:820][  0]LogConfig: Setting CVar [[r.LightShaftQuality:1]]
[2019.12.09-10.44.48:820][  0]LogConfig: Setting CVar [[r.Filter.SizeScale:1]]
[2019.12.09-10.44.48:820][  0]LogConfig: Setting CVar [[r.Tonemapper.Quality:5]]
[2019.12.09-10.44.48:820][  0]LogConfig: Setting CVar [[r.DOF.Gather.AccumulatorQuality:1        ; higher gathering accumulator quality]]
[2019.12.09-10.44.48:820][  0]LogConfig: Setting CVar [[r.DOF.Gather.PostfilterMethod:1          ; Median3x3 postfilering method]]
[2019.12.09-10.44.48:820][  0]LogConfig: Setting CVar [[r.DOF.Gather.EnableBokehSettings:0       ; no bokeh simulation when gathering]]
[2019.12.09-10.44.48:820][  0]LogConfig: Setting CVar [[r.DOF.Gather.RingCount:4                 ; medium number of samples when gathering]]
[2019.12.09-10.44.48:820][  0]LogConfig: Setting CVar [[r.DOF.Scatter.ForegroundCompositing:1    ; additive foreground scattering]]
[2019.12.09-10.44.48:820][  0]LogConfig: Setting CVar [[r.DOF.Scatter.BackgroundCompositing:2    ; additive background scattering]]
[2019.12.09-10.44.48:820][  0]LogConfig: Setting CVar [[r.DOF.Scatter.EnableBokehSettings:1      ; bokeh simulation when scattering]]
[2019.12.09-10.44.48:820][  0]LogConfig: Setting CVar [[r.DOF.Scatter.MaxSpriteRatio:0.1         ; only a maximum of 10% of scattered bokeh]]
[2019.12.09-10.44.48:820][  0]LogConfig: Setting CVar [[r.DOF.Recombine.Quality:1                ; cheap slight out of focus]]
[2019.12.09-10.44.48:820][  0]LogConfig: Setting CVar [[r.DOF.Recombine.EnableBokehSettings:0    ; no bokeh simulation on slight out of focus]]
[2019.12.09-10.44.48:820][  0]LogConfig: Setting CVar [[r.DOF.TemporalAAQuality:1                ; more stable temporal accumulation]]
[2019.12.09-10.44.48:820][  0]LogConfig: Setting CVar [[r.DOF.Kernel.MaxForegroundRadius:0.025]]
[2019.12.09-10.44.48:820][  0]LogConfig: Setting CVar [[r.DOF.Kernel.MaxBackgroundRadius:0.025]]
[2019.12.09-10.44.48:820][  0]LogConfig: Applying CVar settings from Section [TextureQuality@3] File [C:/Users/Ivan/Desktop/The_Shape_Shifter/MyProject/Saved/Config/Windows/Scalability.ini]
[2019.12.09-10.44.48:820][  0]LogConfig: Setting CVar [[r.Streaming.MipBias:0]]
[2019.12.09-10.44.48:820][  0]LogConfig: Setting CVar [[r.Streaming.AmortizeCPUToGPUCopy:0]]
[2019.12.09-10.44.48:820][  0]LogConfig: Setting CVar [[r.Streaming.MaxNumTexturesToStreamPerFrame:0]]
[2019.12.09-10.44.48:820][  0]LogConfig: Setting CVar [[r.Streaming.Boost:1]]
[2019.12.09-10.44.48:820][  0]LogConfig: Setting CVar [[r.MaxAnisotropy:8]]
[2019.12.09-10.44.48:820][  0]LogConfig: Setting CVar [[r.Streaming.LimitPoolSizeToVRAM:0]]
[2019.12.09-10.44.48:820][  0]LogConfig: Setting CVar [[r.Streaming.PoolSize:1000]]
[2019.12.09-10.44.48:820][  0]LogConfig: Setting CVar [[r.Streaming.MaxEffectiveScreenSize:0]]
[2019.12.09-10.44.48:820][  0]LogConfig: Applying CVar settings from Section [EffectsQuality@3] File [C:/Users/Ivan/Desktop/The_Shape_Shifter/MyProject/Saved/Config/Windows/Scalability.ini]
[2019.12.09-10.44.48:820][  0]LogConfig: Setting CVar [[r.TranslucencyLightingVolumeDim:64]]
[2019.12.09-10.44.48:820][  0]LogConfig: Setting CVar [[r.RefractionQuality:2]]
[2019.12.09-10.44.48:820][  0]LogConfig: Setting CVar [[r.SSR.Quality:3]]
[2019.12.09-10.44.48:820][  0]LogConfig: Setting CVar [[r.SceneColorFormat:4]]
[2019.12.09-10.44.48:820][  0]LogConfig: Setting CVar [[r.DetailMode:2]]
[2019.12.09-10.44.48:820][  0]LogConfig: Setting CVar [[r.TranslucencyVolumeBlur:1]]
[2019.12.09-10.44.48:820][  0]LogConfig: Setting CVar [[r.MaterialQualityLevel:1 ; High quality]]
[2019.12.09-10.44.48:820][  0]LogConfig: Setting CVar [[r.SSS.Scale:1]]
[2019.12.09-10.44.48:820][  0]LogConfig: Setting CVar [[r.SSS.SampleSet:2]]
[2019.12.09-10.44.48:820][  0]LogConfig: Setting CVar [[r.SSS.Quality:1]]
[2019.12.09-10.44.48:820][  0]LogConfig: Setting CVar [[r.SSS.HalfRes:1]]
[2019.12.09-10.44.48:820][  0]LogConfig: Setting CVar [[r.EmitterSpawnRateScale:1.0]]
[2019.12.09-10.44.48:820][  0]LogConfig: Setting CVar [[r.ParticleLightQuality:2]]
[2019.12.09-10.44.48:820][  0]LogConfig: Applying CVar settings from Section [FoliageQuality@3] File [C:/Users/Ivan/Desktop/The_Shape_Shifter/MyProject/Saved/Config/Windows/Scalability.ini]
[2019.12.09-10.44.48:820][  0]LogConfig: Setting CVar [[foliage.DensityScale:1.0]]
[2019.12.09-10.44.48:820][  0]LogConfig: Setting CVar [[grass.DensityScale:1.0]]
[2019.12.09-10.44.48:820][  0]LogConfig: Applying CVar settings from Section [Startup] File [../../../Engine/Config/ConsoleVariables.ini]
[2019.12.09-10.44.48:825][  0]LogConfig: Setting CVar [[net.UseAdaptiveNetUpdateFrequency:0]]
[2019.12.09-10.44.48:825][  0]LogConfig: Setting CVar [[p.chaos.AllowCreatePhysxBodies:1]]
[2019.12.09-10.44.48:825][  0]LogConfig: Applying CVar settings from Section [ConsoleVariables] File [C:/Users/Ivan/Desktop/The_Shape_Shifter/MyProject/Saved/Config/Windows/Engine.ini]
[2019.12.09-10.44.48:825][  0]LogInit: Computer: DESKTOP-6JV3N38
[2019.12.09-10.44.48:826][  0]LogInit: User: Ivan
[2019.12.09-10.44.48:826][  0]LogInit: CPU Page size=4096, Cores=4
[2019.12.09-10.44.48:826][  0]LogInit: High frequency timer resolution =10.000000 MHz
[2019.12.09-10.44.48:826][  0]LogMemory: Memory total: Physical=8.0GB (8GB approx)
[2019.12.09-10.44.48:826][  0]LogMemory: Platform Memory Stats for Windows
[2019.12.09-10.44.48:826][  0]LogMemory: Process Physical Memory: 101.41 MB used, 101.41 MB peak
[2019.12.09-10.44.48:826][  0]LogMemory: Process Virtual Memory: 97.98 MB used, 97.98 MB peak
[2019.12.09-10.44.48:826][  0]LogMemory: Physical Memory: 2813.65 MB used,  5341.07 MB free, 8154.71 MB total
[2019.12.09-10.44.48:826][  0]LogMemory: Virtual Memory: 4653.99 MB used,  134213072.00 MB free, 134217728.00 MB total
[2019.12.09-10.44.48:832][  0]LogWindows: WindowsPlatformFeatures enabled
[2019.12.09-10.44.49:005][  0]LogInit: Overriding language with editor language configuration option (en).
[2019.12.09-10.44.49:005][  0]LogInit: Overriding locale with editor culture configuration option ().
[2019.12.09-10.44.49:005][  0]LogInit: Using OS detected locale (es-ES).
[2019.12.09-10.44.49:269][  0]LogInit: Setting process to per monitor DPI aware
[2019.12.09-10.44.49:343][  0]LogSlate: New Slate User Created.  User Index 0, Is Virtual User: 0
[2019.12.09-10.44.49:343][  0]LogSlate: Slate User Registered.  User Index 0, Is Virtual User: 0
[2019.12.09-10.44.51:240][  0]LogHMD: Failed to initialize OpenVR with code 110
[2019.12.09-10.44.51:240][  0]LogD3D11RHI: D3D11 adapters:
[2019.12.09-10.44.51:294][  0]LogD3D11RHI:    0. 'NVIDIA GeForce GTX 970' (Feature Level 11_0)
[2019.12.09-10.44.51:294][  0]LogD3D11RHI:       4043/0/4077 MB DedicatedVideo/DedicatedSystem/SharedSystem, Outputs:2, VendorId:0x10de
[2019.12.09-10.44.51:298][  0]LogD3D11RHI:    1. 'Microsoft Basic Render Driver' (Feature Level 11_0)
[2019.12.09-10.44.51:298][  0]LogD3D11RHI:       0/0/4077 MB DedicatedVideo/DedicatedSystem/SharedSystem, Outputs:0, VendorId:0x1414
[2019.12.09-10.44.51:298][  0]LogD3D11RHI: Chosen D3D11 Adapter: 0
[2019.12.09-10.44.51:303][  0]LogD3D11RHI: Creating new Direct3DDevice
[2019.12.09-10.44.51:303][  0]LogD3D11RHI:     GPU DeviceId: 0x13c2 (for the marketing name, search the web for "GPU Device Id")
[2019.12.09-10.44.51:303][  0]LogWindows: EnumDisplayDevices:
[2019.12.09-10.44.51:303][  0]LogWindows:    0. 'NVIDIA GeForce GTX 970' (P:1 D:1)
[2019.12.09-10.44.51:303][  0]LogWindows:    1. 'NVIDIA GeForce GTX 970' (P:0 D:1)
[2019.12.09-10.44.51:304][  0]LogWindows:    2. 'NVIDIA GeForce GTX 970' (P:0 D:0)
[2019.12.09-10.44.51:304][  0]LogWindows:    3. 'NVIDIA GeForce GTX 970' (P:0 D:0)
[2019.12.09-10.44.51:304][  0]LogWindows: DebugString: FoundDriverCount:4 
[2019.12.09-10.44.51:304][  0]LogD3D11RHI:     Adapter Name: NVIDIA GeForce GTX 970
[2019.12.09-10.44.51:305][  0]LogD3D11RHI:   Driver Version: 431.60 (internal:26.21.14.3160, unified:431.60)
[2019.12.09-10.44.51:305][  0]LogD3D11RHI:      Driver Date: 7-17-2019
[2019.12.09-10.44.51:305][  0]LogRHI: Texture pool is 2830 MB (70% of 4043 MB)
[2019.12.09-10.44.51:340][  0]LogD3D11RHI: Async texture creation enabled
[2019.12.09-10.44.51:379][  0]LogD3D11RHI: GPU Timing Frequency: 1000.000000 (Debug: 2 1)
[2019.12.09-10.44.51:740][  0]LogTemp: Display: Module 'AllDesktopTargetPlatform' loaded TargetPlatform 'AllDesktop'
[2019.12.09-10.44.51:748][  0]LogTemp: Display: Module 'MacClientTargetPlatform' loaded TargetPlatform 'MacClient'
[2019.12.09-10.44.51:756][  0]LogTemp: Display: Module 'MacNoEditorTargetPlatform' loaded TargetPlatform 'MacNoEditor'
[2019.12.09-10.44.51:765][  0]LogTemp: Display: Module 'MacServerTargetPlatform' loaded TargetPlatform 'MacServer'
[2019.12.09-10.44.51:777][  0]LogTemp: Display: Module 'MacTargetPlatform' loaded TargetPlatform 'Mac'
[2019.12.09-10.44.51:787][  0]LogTemp: Display: Module 'WindowsClientTargetPlatform' loaded TargetPlatform 'WindowsClient'
[2019.12.09-10.44.51:797][  0]LogTemp: Display: Module 'WindowsNoEditorTargetPlatform' loaded TargetPlatform 'WindowsNoEditor'
[2019.12.09-10.44.51:808][  0]LogTemp: Display: Module 'WindowsServerTargetPlatform' loaded TargetPlatform 'WindowsServer'
[2019.12.09-10.44.51:815][  0]LogTemp: Display: Module 'WindowsTargetPlatform' loaded TargetPlatform 'Windows'
[2019.12.09-10.44.51:868][  0]LogTemp: Display: Module 'AndroidTargetPlatform' loaded TargetPlatform 'Android'
[2019.12.09-10.44.51:868][  0]LogTemp: Display: Module 'AndroidTargetPlatform' loaded TargetPlatform 'Android_ASTC'
[2019.12.09-10.44.51:868][  0]LogTemp: Display: Module 'AndroidTargetPlatform' loaded TargetPlatform 'Android_ATC'
[2019.12.09-10.44.51:868][  0]LogTemp: Display: Module 'AndroidTargetPlatform' loaded TargetPlatform 'Android_DXT'
[2019.12.09-10.44.51:868][  0]LogTemp: Display: Module 'AndroidTargetPlatform' loaded TargetPlatform 'Android_ETC1'
[2019.12.09-10.44.51:868][  0]LogTemp: Display: Module 'AndroidTargetPlatform' loaded TargetPlatform 'Android_ETC1a'
[2019.12.09-10.44.51:868][  0]LogTemp: Display: Module 'AndroidTargetPlatform' loaded TargetPlatform 'Android_ETC2'
[2019.12.09-10.44.51:868][  0]LogTemp: Display: Module 'AndroidTargetPlatform' loaded TargetPlatform 'Android_PVRTC'
[2019.12.09-10.44.51:868][  0]LogTemp: Display: Module 'AndroidTargetPlatform' loaded TargetPlatform 'AndroidClient'
[2019.12.09-10.44.51:868][  0]LogTemp: Display: Module 'AndroidTargetPlatform' loaded TargetPlatform 'Android_ASTCClient'
[2019.12.09-10.44.51:868][  0]LogTemp: Display: Module 'AndroidTargetPlatform' loaded TargetPlatform 'Android_ATCClient'
[2019.12.09-10.44.51:868][  0]LogTemp: Display: Module 'AndroidTargetPlatform' loaded TargetPlatform 'Android_DXTClient'
[2019.12.09-10.44.51:868][  0]LogTemp: Display: Module 'AndroidTargetPlatform' loaded TargetPlatform 'Android_ETC1Client'
[2019.12.09-10.44.51:868][  0]LogTemp: Display: Module 'AndroidTargetPlatform' loaded TargetPlatform 'Android_ETC1aClient'
[2019.12.09-10.44.51:868][  0]LogTemp: Display: Module 'AndroidTargetPlatform' loaded TargetPlatform 'Android_ETC2Client'
[2019.12.09-10.44.51:868][  0]LogTemp: Display: Module 'AndroidTargetPlatform' loaded TargetPlatform 'Android_PVRTCClient'
[2019.12.09-10.44.51:869][  0]LogTemp: Display: Module 'AndroidTargetPlatform' loaded TargetPlatform 'Android_Multi'
[2019.12.09-10.44.51:869][  0]LogTemp: Display: Module 'AndroidTargetPlatform' loaded TargetPlatform 'Android_MultiClient'
[2019.12.09-10.44.51:872][  0]LogTemp: Display: Module 'HTML5TargetPlatform' loaded TargetPlatform 'HTML5'
[2019.12.09-10.44.51:902][  0]LogTemp: Display: Module 'IOSTargetPlatform' loaded TargetPlatform 'IOSClient'
[2019.12.09-10.44.51:902][  0]LogTemp: Display: Module 'IOSTargetPlatform' loaded TargetPlatform 'IOS'
[2019.12.09-10.44.51:914][  0]LogTemp: Display: Module 'TVOSTargetPlatform' loaded TargetPlatform 'TVOSClient'
[2019.12.09-10.44.51:914][  0]LogTemp: Display: Module 'TVOSTargetPlatform' loaded TargetPlatform 'TVOS'
[2019.12.09-10.44.51:922][  0]LogTemp: Display: Module 'LinuxClientTargetPlatform' loaded TargetPlatform 'LinuxClient'
[2019.12.09-10.44.51:929][  0]LogTemp: Display: Module 'LinuxNoEditorTargetPlatform' loaded TargetPlatform 'LinuxNoEditor'
[2019.12.09-10.44.51:936][  0]LogTemp: Display: Module 'LinuxServerTargetPlatform' loaded TargetPlatform 'LinuxServer'
[2019.12.09-10.44.51:951][  0]LogTemp: Display: Module 'LinuxTargetPlatform' loaded TargetPlatform 'Linux'
[2019.12.09-10.44.51:977][  0]LogTemp: Display: Module 'LuminTargetPlatform' loaded TargetPlatform 'Lumin'
[2019.12.09-10.44.51:977][  0]LogTemp: Display: Module 'LuminTargetPlatform' loaded TargetPlatform 'LuminClient'
[2019.12.09-10.44.51:977][  0]LogTargetPlatformManager: Display: Building Assets For Windows
[2019.12.09-10.44.52:013][  0]LogAudioDebug: Display: Lib vorbis DLL was dynamically loaded.
[2019.12.09-10.44.52:118][  0]LogShaderCompilers: Guid format shader working directory is -20 characters bigger than the processId version (../../../../../../Users/Ivan/Desktop/The_Shape_Shifter/MyProject/Intermediate/Shaders/WorkingDirectory/10672/).
[2019.12.09-10.44.52:118][  0]LogShaderCompilers: Cleaned the shader compiler working directory 'C:/Users/Ivan/AppData/Local/Temp/UnrealShaderWorkingDir/B5650EF24D57983B8A7B25A7C05D5325/'.
[2019.12.09-10.44.52:121][  0]LogXGEController: Cleaning working directory: C:/Users/Ivan/AppData/Local/Temp/UnrealXGEWorkingDir/
[2019.12.09-10.44.52:122][  0]LogXGEController: Cannot use XGE Controller as Incredibuild is not installed on this machine.
[2019.12.09-10.44.52:122][  0]LogShaderCompilers: Cannot use XGE Shader Compiler as Incredibuild is not installed on this machine.
[2019.12.09-10.44.52:122][  0]LogShaderCompilers: Display: Using Local Shader Compiler.
[2019.12.09-10.44.54:453][  0]LogDerivedDataCache: Display: Max Cache Size: 512 MB
[2019.12.09-10.44.54:630][  0]LogDerivedDataCache: Loaded boot cache 0.18s 73MB C:/Users/Ivan/AppData/Local/UnrealEngine/4.23/DerivedDataCache/Boot.ddc.
[2019.12.09-10.44.54:631][  0]LogDerivedDataCache: Display: Loaded Boot cache: C:/Users/Ivan/AppData/Local/UnrealEngine/4.23/DerivedDataCache/Boot.ddc
[2019.12.09-10.44.54:631][  0]LogDerivedDataCache: FDerivedDataBackendGraph:  Pak pak cache file ../../../../../../Users/Ivan/Desktop/The_Shape_Shifter/MyProject/DerivedDataCache/DDC.ddp not found, will not use a pak cache.
[2019.12.09-10.44.54:631][  0]LogDerivedDataCache: Unable to find inner node Pak for hierarchical cache Hierarchy.
[2019.12.09-10.44.54:631][  0]LogDerivedDataCache: FDerivedDataBackendGraph:  CompressedPak pak cache file ../../../../../../Users/Ivan/Desktop/The_Shape_Shifter/MyProject/DerivedDataCache/Compressed.ddp not found, will not use a pak cache.
[2019.12.09-10.44.54:631][  0]LogDerivedDataCache: Unable to find inner node CompressedPak for hierarchical cache Hierarchy.
[2019.12.09-10.44.54:649][  0]LogDerivedDataCache: Display: Pak cache opened for reading ../../../Engine/DerivedDataCache/Compressed.ddp.
[2019.12.09-10.44.54:649][  0]LogDerivedDataCache: FDerivedDataBackendGraph:  EnterprisePak pak cache file ../../../Enterprise/DerivedDataCache/Compressed.ddp not found, will not use a pak cache.
[2019.12.09-10.44.54:649][  0]LogDerivedDataCache: Unable to find inner node EnterprisePak for hierarchical cache Hierarchy.
[2019.12.09-10.44.54:651][  0]LogDerivedDataCache: Using Local data cache path C:/Users/Ivan/AppData/Local/UnrealEngine/Common/DerivedDataCache: Writable
[2019.12.09-10.44.54:651][  0]LogDerivedDataCache: Shared data cache path not found in *engine.ini, will not use an Shared cache.
[2019.12.09-10.44.54:651][  0]LogDerivedDataCache: Unable to find inner node Shared for hierarchical cache Hierarchy.
[2019.12.09-10.44.54:671][  0]LogMaterial: Verifying Global Shaders for PCD3D_SM5
[2019.12.09-10.44.54:677][  0]LogSlate: Using FreeType 2.6.0
[2019.12.09-10.44.54:689][  0]LogSlate: SlateFontServices - WITH_FREETYPE: 1, WITH_HARFBUZZ: 1
[2019.12.09-10.44.54:895][  0]LogAssetRegistry: FAssetRegistry took 0.0037 seconds to start up
[2019.12.09-10.44.55:276][  0]LogInit: Selected Device Profile: [Windows]
[2019.12.09-10.44.55:534][  0]LogMeshReduction: Using QuadricMeshReduction for automatic static mesh reduction
[2019.12.09-10.44.55:534][  0]LogMeshReduction: Using SimplygonMeshReduction for automatic skeletal mesh reduction
[2019.12.09-10.44.55:534][  0]LogMeshReduction: Using ProxyLODMeshReduction for automatic mesh merging
[2019.12.09-10.44.55:534][  0]LogMeshReduction: No distributed automatic mesh merging module available
[2019.12.09-10.44.55:534][  0]LogMeshMerging: No distributed automatic mesh merging module available
[2019.12.09-10.44.55:575][  0]LogNetVersion: MyProject 1.0.0, NetCL: 8386587, EngineNetVer: 11, GameNetVer: 0 (Checksum: 2896792207)
[2019.12.09-10.44.56:665][  0]LogPackageLocalizationCache: Processed 12 localized package path(s) for 1 prioritized culture(s) in 0.068520 seconds
[2019.12.09-10.44.56:674][  0]LogUObjectArray: 43444 objects as part of root set at end of initial load.
[2019.12.09-10.44.56:674][  0]LogUObjectAllocator: 7548648 out of 0 bytes used by permanent object pool.
[2019.12.09-10.44.56:674][  0]LogUObjectArray: CloseDisregardForGC: 0/0 objects in disregard for GC pool
[2019.12.09-10.44.59:907][  0]LogTcpMessaging: Initializing TcpMessaging bridge
[2019.12.09-10.44.59:913][  0]LogUdpMessaging: Initializing bridge on interface 0.0.0.0:0 to multicast group 230.0.0.1:6666.
[2019.12.09-10.45.00:039][  0]SourceControl: Source control is disabled
[2019.12.09-10.45.00:040][  0]SourceControl: Source control is disabled
[2019.12.09-10.45.00:047][  0]SourceControl: Source control is disabled
[2019.12.09-10.45.00:050][  0]SourceControl: Source control is disabled
[2019.12.09-10.45.00:240][  0]LogAndroidPermission: UAndroidPermissionCallbackProxy::GetInstance
[2019.12.09-10.45.00:460][  0]LogOcInput: OculusInput pre-init called
[2019.12.09-10.45.00:470][  0]LogWindows: Failed to load 'OVRPlugin.dll' (GetLastError=126)
[2019.12.09-10.45.00:471][  0]LogWindows: File 'OVRPlugin.dll' does not exist
[2019.12.09-10.45.00:607][  0]LogEngine: Initializing Engine...
[2019.12.09-10.45.00:609][  0]LogHMD: Failed to initialize OpenVR with code 110
[2019.12.09-10.45.00:611][  0]LogStats: UGameplayTagsManager::InitializeManager -  0.001 s
[2019.12.09-10.45.01:028][  0]LogInit: Initializing FReadOnlyCVARCache
[2019.12.09-10.45.01:069][  0]LogAIModule: Creating AISystem for world Untitled
[2019.12.09-10.45.01:101][  0]LogInit: XAudio2 using 'Focusrite USB (Focusrite USB Audio)' : 2 channels at 44.1 kHz using 24 bits per sample (channel mask 0x3)
[2019.12.09-10.45.01:118][  0]LogInit: FAudioDevice initialized.
[2019.12.09-10.45.01:119][  0]LogNetVersion: Set ProjectVersion to 1.0.0.0. Version Checksum will be recalculated on next use.
[2019.12.09-10.45.01:200][  0]LogDerivedDataCache: Saved boot cache 0.08s 73MB C:/Users/Ivan/AppData/Local/UnrealEngine/4.23/DerivedDataCache/Boot.ddc.
[2019.12.09-10.45.01:206][  0]LogInit: Texture streaming: Enabled
[2019.12.09-10.45.01:230][  0]LogEngineSessionManager: EngineSessionManager initialized
[2019.12.09-10.45.01:230][  0]LogEditorSessionSummary: Verbose: Initializing EditorSessionSummaryWriter for editor session tracking
[2019.12.09-10.45.01:231][  0]LogEditorSessionSummary: EditorSessionSummaryWriter initialized
[2019.12.09-10.45.01:615][  0]LogInit: Transaction tracking system initialized
[2019.12.09-10.45.01:682][  0]BlueprintLog: New page: Editor Load
[2019.12.09-10.45.01:834][  0]LocalizationService: Localization service is disabled
[2019.12.09-10.45.02:388][  0]LogFileCache: Scanning file cache for directory 'C:/Users/Ivan/Desktop/The_Shape_Shifter/MyProject/Content/' took 0.01s
[2019.12.09-10.45.02:388][  0]LogCook: Display: Max memory allowance for cook 16384mb min free memory 0mb
[2019.12.09-10.45.02:388][  0]LogCook: Display: Mobile HDR setting 1
[2019.12.09-10.45.02:828][  0]SourceControl: Source control is disabled
[2019.12.09-10.45.02:829][  0]Cmd: MAP LOAD FILE="../../../../../../Users/Ivan/Desktop/The_Shape_Shifter/MyProject/Content/ThirdPersonBP/Maps/ThirdPersonExampleMap.umap" TEMPLATE=0 SHOWPROGRESS=1 FEATURELEVEL=3
[2019.12.09-10.45.02:830][  0]LogEditorServer: Warning: Can't find file '../../../../../../Users/Ivan/Desktop/The_Shape_Shifter/MyProject/Content/ThirdPersonBP/Maps/ThirdPersonExampleMap.umap'
[2019.12.09-10.45.02:830][  0]Cmd: MAP CHECKDEP NOCLEARLOG
[2019.12.09-10.45.02:830][  0]MapCheck: Map check complete: 0 Error(s), 0 Warning(s), took 0,434ms to complete.
[2019.12.09-10.45.02:830][  0]LogFileHelpers: Loading map 'ThirdPersonExampleMap' took 0.002
[2019.12.09-10.45.03:137][  0]LogSlate: Updating window title bar state: overlay mode, drag disabled, window buttons hidden, title bar hidden
[2019.12.09-10.45.03:144][  0]LogSlate: Updating window title bar state: overlay mode, drag disabled, window buttons hidden, title bar hidden
[2019.12.09-10.45.03:151][  0]LogSlate: Updating window title bar state: overlay mode, drag disabled, window buttons hidden, title bar hidden
[2019.12.09-10.45.03:158][  0]LogSlate: Updating window title bar state: overlay mode, drag disabled, window buttons hidden, title bar hidden
[2019.12.09-10.45.03:173][  0]LogCollectionManager: Loaded 0 collections in 0.001707 seconds
[2019.12.09-10.45.03:190][  0]LogFileCache: Scanning file cache for directory 'C:/Users/Ivan/Desktop/The_Shape_Shifter/MyProject/Saved/Collections/' took 0.00s
[2019.12.09-10.45.03:190][  0]LogFileCache: Scanning file cache for directory 'C:/Users/Ivan/Desktop/The_Shape_Shifter/MyProject/Content/Developers/Ivan/Collections/' took 0.00s
[2019.12.09-10.45.03:190][  0]LogFileCache: Scanning file cache for directory 'C:/Users/Ivan/Desktop/The_Shape_Shifter/MyProject/Content/Collections/' took 0.00s
[2019.12.09-10.45.03:190][  0]LogCollectionManager: Rebuilt the GUID cache for 0 collections in 0.000002 seconds
[2019.12.09-10.45.03:199][  0]LogContentBrowser: Native class hierarchy populated in 0.0076 seconds. Added 2863 classes and 680 folders.
[2019.12.09-10.45.03:209][  0]LogContentBrowser: Native class hierarchy updated for 'WidgetCarousel' in 0.0002 seconds. Added 0 classes and 0 folders.
[2019.12.09-10.45.03:558][  0]LogContentBrowser: Native class hierarchy updated for 'AddContentDialog' in 0.0002 seconds. Added 0 classes and 0 folders.
[2019.12.09-10.45.03:569][  0]LogContentBrowser: Native class hierarchy updated for 'SceneOutliner' in 0.0002 seconds. Added 1 classes and 2 folders.
[2019.12.09-10.45.03:697][  0]LogSlate: Took 0.006618 seconds to synchronously load lazily loaded font '../../../Engine/Content/Slate/Fonts/Roboto-Regular.ttf' (155K)
[2019.12.09-10.45.03:705][  0]LogSlate: Took 0.005329 seconds to synchronously load lazily loaded font '../../../Engine/Content/Slate/Fonts/Roboto-Bold.ttf' (160K)
[2019.12.09-10.45.03:714][  0]LogSlate: Took 0.004536 seconds to synchronously load lazily loaded font '../../../Engine/Content/Editor/Slate/Fonts/FontAwesome.ttf' (139K)
[2019.12.09-10.45.03:838][  0]LogRenderer: Reallocating scene render targets to support 1796x856 Format 10 NumSamples 1 (Frame:1).
[2019.12.09-10.45.04:017][  0]LogContentBrowser: Native class hierarchy updated for 'HierarchicalLODOutliner' in 0.0002 seconds. Added 0 classes and 0 folders.
[2019.12.09-10.45.04:017][  0]LogLoad: (Engine Initialization) Total time: 19.08 seconds
[2019.12.09-10.45.04:017][  0]LogLoad: (Engine Initialization) Total Blueprint compile time: 0.00 seconds
[2019.12.09-10.45.04:085][  0]LogContentStreaming: Texture pool size now 1000 MB
[2019.12.09-10.45.04:917][ 15]LogAssetRegistry: Asset discovery search completed in 10.0218 seconds
[2019.12.09-10.45.04:921][ 15]LogCollectionManager: Rebuilt the object cache for 0 collections in 0.000004 seconds (found 0 objects)
[2019.12.09-10.45.04:921][ 15]LogCollectionManager: Fixed up redirectors for 0 collections in 0.000062 seconds (updated 0 objects)
[2019.12.09-10.45.22:904][ 69]LogSlate: FSceneViewport::OnFocusLost() reason 0
[2019.12.09-10.45.24:492][246]LogSlate: Took 0.005774 seconds to synchronously load lazily loaded font '../../../Engine/Content/Slate/Fonts/Roboto-Light.ttf' (167K)
[2019.12.09-10.45.26:435][246]LogAIModule: Creating AISystem for world Level1
[2019.12.09-10.45.26:861][246]LogAssetEditorManager: Opening Asset editor for World /Game/ThirdPersonBP/Maps/Level1.Level1
[2019.12.09-10.45.26:915][246]LogUObjectHash: Compacting FUObjectHashTables data took   2.49ms
[2019.12.09-10.45.26:916][246]Cmd: MAP LOAD FILE="../../../../../../Users/Ivan/Desktop/The_Shape_Shifter/MyProject/Content/ThirdPersonBP/Maps/Level1.umap" TEMPLATE=0 SHOWPROGRESS=1 FEATURELEVEL=3
[2019.12.09-10.45.26:916][246]LightingResults: New page: Lighting Build
[2019.12.09-10.45.26:920][246]LogContentBrowser: Native class hierarchy updated for 'StatsViewer' in 0.0002 seconds. Added 5 classes and 0 folders.
[2019.12.09-10.45.26:921][246]LoadErrors: New page: Loading map: Level1.umap
[2019.12.09-10.45.26:921][246]LogWorld: UWorld::CleanupWorld for Untitled, bSessionEnded=true, bCleanupResources=true
[2019.12.09-10.45.26:922][246]MapCheck: New page: Map Check
[2019.12.09-10.45.26:922][246]LightingResults: New page: Lighting Build
[2019.12.09-10.45.26:947][246]LogUObjectHash: Compacting FUObjectHashTables data took   1.74ms
[2019.12.09-10.45.26:992][246]LogPhysics: Warning: Initialising Body : Scale3D is (nearly) zero: Component: '/Game/ThirdPersonBP/Maps/Level1.Level1:PersistentLevel.ThirdPersonCharacter_167.Triangle' 
[2019.12.09-10.45.26:992][246]LogPhysics: Warning: Initialising Body : Scale3D is (nearly) zero: Component: '/Game/ThirdPersonBP/Maps/Level1.Level1:PersistentLevel.ThirdPersonCharacter_167.Sphere' 
[2019.12.09-10.45.27:272][246]LogPhysics: Warning: Initialising Body : Scale3D is (nearly) zero: Component: '/Game/ThirdPersonBP/Maps/Level1.Level1:PersistentLevel.ThirdPersonCharacter_167.Sphere' 
[2019.12.09-10.45.27:273][246]LogPhysics: Warning: Initialising Body : Scale3D is (nearly) zero: Component: '/Game/ThirdPersonBP/Maps/Level1.Level1:PersistentLevel.ThirdPersonCharacter_167.Triangle' 
[2019.12.09-10.45.27:273][246]LogPhysics: Warning: Initialising Body : Scale3D is (nearly) zero: Component: '/Game/ThirdPersonBP/Maps/Level1.Level1:PersistentLevel.ThirdPersonCharacter_167.Sphere' 
[2019.12.09-10.45.27:273][246]LogPhysics: Warning: Initialising Body : Scale3D is (nearly) zero: Component: '/Game/ThirdPersonBP/Maps/Level1.Level1:PersistentLevel.ThirdPersonCharacter_167.Triangle' 
[2019.12.09-10.45.27:273][246]LogPhysics: Warning: Initialising Body : Scale3D is (nearly) zero: Component: '/Game/ThirdPersonBP/Maps/Level1.Level1:PersistentLevel.ThirdPersonCharacter_167.Triangle' 
[2019.12.09-10.45.27:385][246]LogEditorServer: Finished looking for orphan Actors (0.000 secs)
[2019.12.09-10.45.27:417][246]LogUObjectHash: Compacting FUObjectHashTables data took   1.55ms
[2019.12.09-10.45.27:451][246]Cmd: MAP CHECKDEP NOCLEARLOG
[2019.12.09-10.45.27:452][246]MapCheck: Map check complete: 0 Error(s), 0 Warning(s), took 0,174ms to complete.
[2019.12.09-10.45.27:452][246]LogFileHelpers: Loading map 'Level1' took 0.536
[2019.12.09-10.45.28:749][388]LogTemp: Repeating last play command: New Editor Window (PIE)
[2019.12.09-10.45.28:767][388]LogBlueprintUserMessages: Early PlayInEditor Detection: Level '/Game/ThirdPersonBP/Maps/Level1.Level1:PersistentLevel' has LevelScriptBlueprint '/Game/ThirdPersonBP/Maps/Level1.Level1:PersistentLevel.Level1' with GeneratedClass '/Game/ThirdPersonBP/Maps/Level1.Level1_C' with ClassGeneratedBy '/Game/ThirdPersonBP/Maps/Level1.Level1:PersistentLevel.Level1'
[2019.12.09-10.45.28:767][388]LogPlayLevel: PlayLevel: No blueprints needed recompiling
[2019.12.09-10.45.28:767][388]PIE: New page: PIE session: Level1 (9/12/2019 12:45:28)
[2019.12.09-10.45.28:769][388]LogOnline: OSS: Creating online subsystem instance for: NULL
[2019.12.09-10.45.28:770][388]LogPlayLevel: Creating play world package: /Game/ThirdPersonBP/Maps/UEDPIE_0_Level1
[2019.12.09-10.45.28:833][388]LogPlayLevel: PIE: StaticDuplicateObject took: (0.062580s)
[2019.12.09-10.45.28:833][388]LogAIModule: Creating AISystem for world Level1
[2019.12.09-10.45.28:834][388]LogPlayLevel: PIE: World Init took: (0.000992s)
[2019.12.09-10.45.28:834][388]LogPlayLevel: PIE: Created PIE world by copying editor world from /Game/ThirdPersonBP/Maps/Level1.Level1 to /Game/ThirdPersonBP/Maps/UEDPIE_0_Level1.Level1 (0.063934s)
[2019.12.09-10.45.28:853][388]LogUObjectHash: Compacting FUObjectHashTables data took   1.46ms
[2019.12.09-10.45.28:867][388]LogInit: XAudio2 using 'Focusrite USB (Focusrite USB Audio)' : 2 channels at 44.1 kHz using 24 bits per sample (channel mask 0x3)
[2019.12.09-10.45.28:874][388]LogInit: FAudioDevice initialized.
[2019.12.09-10.45.28:882][388]LogSlate: Updating window title bar state: overlay mode, drag disabled, window buttons hidden, title bar hidden
[2019.12.09-10.45.28:886][388]LogLoad: Game class is 'ThirdPersonGameMode_C'
[2019.12.09-10.45.28:907][388]LogPhysics: Warning: Initialising Body : Scale3D is (nearly) zero: Component: '/Game/ThirdPersonBP/Maps/UEDPIE_0_Level1.Level1:PersistentLevel.ThirdPersonCharacter_167.Triangle' 
[2019.12.09-10.45.28:907][388]LogPhysics: Warning: Initialising Body : Scale3D is (nearly) zero: Component: '/Game/ThirdPersonBP/Maps/UEDPIE_0_Level1.Level1:PersistentLevel.ThirdPersonCharacter_167.Sphere' 
[2019.12.09-10.45.28:907][388]LogWorld: Bringing World /Game/ThirdPersonBP/Maps/UEDPIE_0_Level1.Level1 up for play (max tick rate 0) at 2019.12.09-11.45.28
[2019.12.09-10.45.28:912][388]LogWorld: Bringing up level for play took: 0.024636
[2019.12.09-10.45.28:912][388]LogOnline: OSS: Creating online subsystem instance for: :Context_1
[2019.12.09-10.45.28:921][388]LogContentBrowser: Native class hierarchy updated for 'MovieSceneCapture' in 0.0002 seconds. Added 20 classes and 0 folders.
[2019.12.09-10.45.28:929][388]PIE: Play in editor start time for /Game/ThirdPersonBP/Maps/UEDPIE_0_Level1 -0,192
[2019.12.09-10.45.28:929][388]LogBlueprintUserMessages: Late PlayInEditor Detection: Level '/Game/ThirdPersonBP/Maps/Level1.Level1:PersistentLevel' has LevelScriptBlueprint '/Game/ThirdPersonBP/Maps/Level1.Level1:PersistentLevel.Level1' with GeneratedClass '/Game/ThirdPersonBP/Maps/Level1.Level1_C' with ClassGeneratedBy '/Game/ThirdPersonBP/Maps/Level1.Level1:PersistentLevel.Level1'
[2019.12.09-10.45.29:918][479]LogSlate: FSceneViewport::OnFocusLost() reason 0
[2019.12.09-10.45.33:107][841]LogBlueprintUserMessages: Early EndPlayMap Detection: Level '/Game/ThirdPersonBP/Maps/Level1.Level1:PersistentLevel' has LevelScriptBlueprint '/Game/ThirdPersonBP/Maps/Level1.Level1:PersistentLevel.Level1' with GeneratedClass '/Game/ThirdPersonBP/Maps/Level1.Level1_C' with ClassGeneratedBy '/Game/ThirdPersonBP/Maps/Level1.Level1:PersistentLevel.Level1'
[2019.12.09-10.45.33:109][841]LogSlate: Updating window title bar state: overlay mode, drag disabled, window buttons hidden, title bar hidden
[2019.12.09-10.45.33:110][841]LogWorld: BeginTearingDown for /Game/ThirdPersonBP/Maps/UEDPIE_0_Level1
[2019.12.09-10.45.33:125][841]LogSlate: Window 'MyProject Game Preview Standalone (64-bit/PCD3D_SM5)' being destroyed
[2019.12.09-10.45.33:128][841]LogWorld: UWorld::CleanupWorld for Level1, bSessionEnded=true, bCleanupResources=true
[2019.12.09-10.45.33:137][841]LogPlayLevel: Display: Shutting down PIE online subsystems
[2019.12.09-10.45.33:138][841]LogBlueprintUserMessages: Late EndPlayMap Detection: Level '/Game/ThirdPersonBP/Maps/Level1.Level1:PersistentLevel' has LevelScriptBlueprint '/Game/ThirdPersonBP/Maps/Level1.Level1:PersistentLevel.Level1' with GeneratedClass '/Game/ThirdPersonBP/Maps/Level1.Level1_C' with ClassGeneratedBy '/Game/ThirdPersonBP/Maps/Level1.Level1:PersistentLevel.Level1'
[2019.12.09-10.45.33:175][841]LogUObjectHash: Compacting FUObjectHashTables data took   1.63ms
[2019.12.09-10.45.33:206][843]LogPlayLevel: Display: Destroying online subsystem :Context_1
[2019.12.09-10.46.15:020][233]LogAudio: Warning: Current Audio Device with ID {0.0.0.00000000}.{4a90d4d7-5ebe-4377-bdf7-9d10c5eb06b5} was removed. Shutting down audio device.
[2019.12.09-10.46.15:020][233]LogInit: No audio devices found!
[2019.12.09-10.46.18:713][244]LogInit: XAudio2 using 'Focusrite USB (Focusrite USB Audio)' : 2 channels at 44.1 kHz using 24 bits per sample (channel mask 0x3)
[2019.12.09-10.46.42:463][429]LogTemp: Repeating last play command: New Editor Window (PIE)
[2019.12.09-10.46.42:481][429]LogBlueprintUserMessages: Early PlayInEditor Detection: Level '/Game/ThirdPersonBP/Maps/Level1.Level1:PersistentLevel' has LevelScriptBlueprint '/Game/ThirdPersonBP/Maps/Level1.Level1:PersistentLevel.Level1' with GeneratedClass '/Game/ThirdPersonBP/Maps/Level1.Level1_C' with ClassGeneratedBy '/Game/ThirdPersonBP/Maps/Level1.Level1:PersistentLevel.Level1'
[2019.12.09-10.46.42:481][429]LogPlayLevel: PlayLevel: No blueprints needed recompiling
[2019.12.09-10.46.42:481][429]PIE: New page: PIE session: Level1 (9/12/2019 12:46:42)
[2019.12.09-10.46.42:481][429]LogPlayLevel: Creating play world package: /Game/ThirdPersonBP/Maps/UEDPIE_0_Level1
[2019.12.09-10.46.42:544][429]LogPlayLevel: PIE: StaticDuplicateObject took: (0.063649s)
[2019.12.09-10.46.42:544][429]LogAIModule: Creating AISystem for world Level1
[2019.12.09-10.46.42:545][429]LogPlayLevel: PIE: World Init took: (0.000904s)
[2019.12.09-10.46.42:545][429]LogPlayLevel: PIE: Created PIE world by copying editor world from /Game/ThirdPersonBP/Maps/Level1.Level1 to /Game/ThirdPersonBP/Maps/UEDPIE_0_Level1.Level1 (0.064776s)
[2019.12.09-10.46.42:566][429]LogUObjectHash: Compacting FUObjectHashTables data took   1.33ms
[2019.12.09-10.46.42:578][429]LogInit: XAudio2 using 'Focusrite USB (Focusrite USB Audio)' : 2 channels at 44.1 kHz using 24 bits per sample (channel mask 0x3)
[2019.12.09-10.46.42:585][429]LogInit: FAudioDevice initialized.
[2019.12.09-10.46.42:592][429]LogSlate: Updating window title bar state: overlay mode, drag disabled, window buttons hidden, title bar hidden
[2019.12.09-10.46.42:592][429]LogLoad: Game class is 'ThirdPersonGameMode_C'
[2019.12.09-10.46.42:613][429]LogPhysics: Warning: Initialising Body : Scale3D is (nearly) zero: Component: '/Game/ThirdPersonBP/Maps/UEDPIE_0_Level1.Level1:PersistentLevel.ThirdPersonCharacter_167.Triangle' 
[2019.12.09-10.46.42:613][429]LogPhysics: Warning: Initialising Body : Scale3D is (nearly) zero: Component: '/Game/ThirdPersonBP/Maps/UEDPIE_0_Level1.Level1:PersistentLevel.ThirdPersonCharacter_167.Sphere' 
[2019.12.09-10.46.42:613][429]LogWorld: Bringing World /Game/ThirdPersonBP/Maps/UEDPIE_0_Level1.Level1 up for play (max tick rate 0) at 2019.12.09-11.46.42
[2019.12.09-10.46.42:616][429]LogWorld: Bringing up level for play took: 0.023527
[2019.12.09-10.46.42:616][429]LogOnline: OSS: Creating online subsystem instance for: :Context_2
[2019.12.09-10.46.42:622][429]PIE: Play in editor start time for /Game/ThirdPersonBP/Maps/UEDPIE_0_Level1 -0,499
[2019.12.09-10.46.42:623][429]LogBlueprintUserMessages: Late PlayInEditor Detection: Level '/Game/ThirdPersonBP/Maps/Level1.Level1:PersistentLevel' has LevelScriptBlueprint '/Game/ThirdPersonBP/Maps/Level1.Level1:PersistentLevel.Level1' with GeneratedClass '/Game/ThirdPersonBP/Maps/Level1.Level1_C' with ClassGeneratedBy '/Game/ThirdPersonBP/Maps/Level1.Level1:PersistentLevel.Level1'
[2019.12.09-10.46.46:344][855]LogSlate: FSceneViewport::OnFocusLost() reason 0
[2019.12.09-10.46.46:461][867]LogSlate: Window 'MyProject Game Preview Standalone (64-bit/PCD3D_SM5)' being destroyed
[2019.12.09-10.46.46:463][867]LogBlueprintUserMessages: Early EndPlayMap Detection: Level '/Game/ThirdPersonBP/Maps/Level1.Level1:PersistentLevel' has LevelScriptBlueprint '/Game/ThirdPersonBP/Maps/Level1.Level1:PersistentLevel.Level1' with GeneratedClass '/Game/ThirdPersonBP/Maps/Level1.Level1_C' with ClassGeneratedBy '/Game/ThirdPersonBP/Maps/Level1.Level1:PersistentLevel.Level1'
[2019.12.09-10.46.46:463][867]LogWorld: BeginTearingDown for /Game/ThirdPersonBP/Maps/UEDPIE_0_Level1
[2019.12.09-10.46.46:466][867]LogWorld: UWorld::CleanupWorld for Level1, bSessionEnded=true, bCleanupResources=true
[2019.12.09-10.46.46:480][867]LogPlayLevel: Display: Shutting down PIE online subsystems
[2019.12.09-10.46.46:481][867]LogBlueprintUserMessages: Late EndPlayMap Detection: Level '/Game/ThirdPersonBP/Maps/Level1.Level1:PersistentLevel' has LevelScriptBlueprint '/Game/ThirdPersonBP/Maps/Level1.Level1:PersistentLevel.Level1' with GeneratedClass '/Game/ThirdPersonBP/Maps/Level1.Level1_C' with ClassGeneratedBy '/Game/ThirdPersonBP/Maps/Level1.Level1:PersistentLevel.Level1'
[2019.12.09-10.46.46:516][867]LogUObjectHash: Compacting FUObjectHashTables data took   1.22ms
[2019.12.09-10.46.46:551][869]LogPlayLevel: Display: Destroying online subsystem :Context_2
[2019.12.09-10.51.05:475][770]LogEditorSessionSummary: EditorSessionSummary sent report. Type=Shutdown, SessionId={6235BAF0-4CBC-BDE5-4167-F3AF5DE3809B}
[2019.12.09-10.51.07:840][777]LogAudio: Warning: Current Audio Device with ID {0.0.0.00000000}.{4a90d4d7-5ebe-4377-bdf7-9d10c5eb06b5} was removed. Shutting down audio device.
[2019.12.09-10.51.07:840][777]LogInit: No audio devices found!
